{"/home/vibe/dbwebb-kurser/ramverk2/me/app/frontend/src/apollo.js": {"path":"/home/vibe/dbwebb-kurser/ramverk2/me/app/frontend/src/apollo.js","statementMap":{"0":{"start":{"line":1,"column":13},"end":{"line":1,"column":75}},"1":{"start":{"line":1,"column":95},"end":{"line":1,"column":119}},"2":{"start":{"line":2,"column":22},"end":{"line":2,"column":49}},"3":{"start":{"line":3,"column":27},"end":{"line":3,"column":59}},"4":{"start":{"line":4,"column":25},"end":{"line":4,"column":55}},"5":{"start":{"line":5,"column":18},"end":{"line":5,"column":40}},"6":{"start":{"line":6,"column":20},"end":{"line":6,"column":45}},"7":{"start":{"line":7,"column":23},"end":{"line":7,"column":50}},"8":{"start":{"line":9,"column":17},"end":{"line":9,"column":45}},"9":{"start":{"line":9,"column":64},"end":{"line":9,"column":98}},"10":{"start":{"line":9,"column":137},"end":{"line":9,"column":191}},"11":{"start":{"line":11,"column":17},"end":{"line":12,"column":59}},"12":{"start":{"line":15,"column":23},"end":{"line":17,"column":50}},"13":{"start":{"line":15,"column":65},"end":{"line":17,"column":48}},"14":{"start":{"line":21,"column":22},"end":{"line":33,"column":3}},"15":{"start":{"line":22,"column":0},"end":{"line":33,"column":2}},"16":{"start":{"line":23,"column":36},"end":{"line":23,"column":58}},"17":{"start":{"line":24,"column":2},"end":{"line":30,"column":3}},"18":{"start":{"line":25,"column":18},"end":{"line":25,"column":40}},"19":{"start":{"line":27,"column":4},"end":{"line":29,"column":5}},"20":{"start":{"line":28,"column":6},"end":{"line":28,"column":43}},"21":{"start":{"line":32,"column":2},"end":{"line":32,"column":18}},"22":{"start":{"line":35,"column":27},"end":{"line":35,"column":80}},"23":{"start":{"line":37,"column":15},"end":{"line":42,"column":49}},"24":{"start":{"line":47,"column":13},"end":{"line":53,"column":19}},"25":{"start":{"line":49,"column":30},"end":{"line":49,"column":76}},"26":{"start":{"line":50,"column":2},"end":{"line":50,"column":72}},"27":{"start":{"line":53,"column":20},"end":{"line":58,"column":53}}},"fnMap":{"0":{"name":"_interopRequireDefault","decl":{"start":{"line":9,"column":108},"end":{"line":9,"column":130}},"loc":{"start":{"line":9,"column":136},"end":{"line":9,"column":192}},"line":9},"1":{"name":"(anonymous_1)","decl":{"start":{"line":15,"column":58},"end":{"line":15,"column":59}},"loc":{"start":{"line":15,"column":65},"end":{"line":17,"column":48}},"line":15},"2":{"name":"(anonymous_2)","decl":{"start":{"line":21,"column":49},"end":{"line":21,"column":50}},"loc":{"start":{"line":22,"column":0},"end":{"line":33,"column":2}},"line":22},"3":{"name":"(anonymous_3)","decl":{"start":{"line":22,"column":23},"end":{"line":22,"column":24}},"loc":{"start":{"line":22,"column":35},"end":{"line":33,"column":1}},"line":22},"4":{"name":"(anonymous_4)","decl":{"start":{"line":48,"column":0},"end":{"line":48,"column":1}},"loc":{"start":{"line":48,"column":15},"end":{"line":51,"column":1}},"line":48}},"branchMap":{"0":{"loc":{"start":{"line":9,"column":144},"end":{"line":9,"column":190}},"type":"cond-expr","locations":[{"start":{"line":9,"column":168},"end":{"line":9,"column":171}},{"start":{"line":9,"column":174},"end":{"line":9,"column":190}}],"line":9},"1":{"loc":{"start":{"line":9,"column":144},"end":{"line":9,"column":165}},"type":"binary-expr","locations":[{"start":{"line":9,"column":144},"end":{"line":9,"column":147}},{"start":{"line":9,"column":151},"end":{"line":9,"column":165}}],"line":9},"2":{"loc":{"start":{"line":24,"column":2},"end":{"line":30,"column":3}},"type":"if","locations":[{"start":{"line":24,"column":2},"end":{"line":30,"column":3}},{"start":{"line":24,"column":2},"end":{"line":30,"column":3}}],"line":24},"3":{"loc":{"start":{"line":27,"column":4},"end":{"line":29,"column":5}},"type":"if","locations":[{"start":{"line":27,"column":4},"end":{"line":29,"column":5}},{"start":{"line":27,"column":4},"end":{"line":29,"column":5}}],"line":27},"4":{"loc":{"start":{"line":50,"column":9},"end":{"line":50,"column":71}},"type":"binary-expr","locations":[{"start":{"line":50,"column":9},"end":{"line":50,"column":39}},{"start":{"line":50,"column":43},"end":{"line":50,"column":71}}],"line":50}},"s":{"0":0,"1":0,"2":0,"3":0,"4":0,"5":0,"6":0,"7":0,"8":0,"9":0,"10":0,"11":0,"12":0,"13":0,"14":0,"15":0,"16":0,"17":0,"18":0,"19":0,"20":0,"21":0,"22":0,"23":0,"24":0,"25":0,"26":0,"27":0},"f":{"0":0,"1":0,"2":0,"3":0,"4":0},"b":{"0":[0,0],"1":[0,0],"2":[0,0],"3":[0,0],"4":[0,0]}}
,"/home/vibe/dbwebb-kurser/ramverk2/me/app/frontend/src/index.js": {"path":"/home/vibe/dbwebb-kurser/ramverk2/me/app/frontend/src/index.js","statementMap":{"0":{"start":{"line":1,"column":32},"end":{"line":1,"column":96}},"1":{"start":{"line":1,"column":97},"end":{"line":1,"column":141}},"2":{"start":{"line":3,"column":13},"end":{"line":3,"column":29}},"3":{"start":{"line":3,"column":44},"end":{"line":3,"column":74}},"4":{"start":{"line":4,"column":16},"end":{"line":4,"column":36}},"5":{"start":{"line":4,"column":54},"end":{"line":4,"column":87}},"6":{"start":{"line":5,"column":19},"end":{"line":5,"column":42}},"7":{"start":{"line":7,"column":29},"end":{"line":7,"column":63}},"8":{"start":{"line":7,"column":94},"end":{"line":7,"column":140}},"9":{"start":{"line":9,"column":14},"end":{"line":9,"column":33}},"10":{"start":{"line":9,"column":49},"end":{"line":9,"column":80}},"11":{"start":{"line":10,"column":14},"end":{"line":10,"column":33}},"12":{"start":{"line":10,"column":49},"end":{"line":10,"column":80}},"13":{"start":{"line":10,"column":119},"end":{"line":10,"column":173}},"14":{"start":{"line":12,"column":12},"end":{"line":14,"column":127}},"15":{"start":{"line":13,"column":0},"end":{"line":14,"column":127}},"16":{"start":{"line":18,"column":0},"end":{"line":18,"column":172}},"17":{"start":{"line":19,"column":0},"end":{"line":19,"column":39}}},"fnMap":{"0":{"name":"_interopRequireDefault","decl":{"start":{"line":10,"column":90},"end":{"line":10,"column":112}},"loc":{"start":{"line":10,"column":118},"end":{"line":10,"column":174}},"line":10},"1":{"name":"(anonymous_1)","decl":{"start":{"line":12,"column":12},"end":{"line":12,"column":13}},"loc":{"start":{"line":13,"column":0},"end":{"line":14,"column":127}},"line":13}},"branchMap":{"0":{"loc":{"start":{"line":10,"column":126},"end":{"line":10,"column":172}},"type":"cond-expr","locations":[{"start":{"line":10,"column":150},"end":{"line":10,"column":153}},{"start":{"line":10,"column":156},"end":{"line":10,"column":172}}],"line":10},"1":{"loc":{"start":{"line":10,"column":126},"end":{"line":10,"column":147}},"type":"binary-expr","locations":[{"start":{"line":10,"column":126},"end":{"line":10,"column":129}},{"start":{"line":10,"column":133},"end":{"line":10,"column":147}}],"line":10}},"s":{"0":0,"1":0,"2":0,"3":0,"4":0,"5":0,"6":0,"7":0,"8":0,"9":0,"10":0,"11":0,"12":0,"13":0,"14":0,"15":0,"16":0,"17":0},"f":{"0":0,"1":0},"b":{"0":[0,0],"1":[0,0]}}
,"/home/vibe/dbwebb-kurser/ramverk2/me/app/frontend/src/registerServiceWorker.js": {"path":"/home/vibe/dbwebb-kurser/ramverk2/me/app/frontend/src/registerServiceWorker.js","statementMap":{"0":{"start":{"line":1,"column":13},"end":{"line":1,"column":75}},"1":{"start":{"line":1,"column":75},"end":{"line":17,"column":9}},"2":{"start":{"line":17,"column":9},"end":{"line":96,"column":24}},"3":{"start":{"line":103,"column":20},"end":{"line":105,"column":89}},"4":{"start":{"line":105,"column":111},"end":{"line":111,"column":36}},"5":{"start":{"line":106,"column":22},"end":{"line":106,"column":70}},"6":{"start":{"line":106,"column":71},"end":{"line":109,"column":14}},"7":{"start":{"line":109,"column":6},"end":{"line":109,"column":13}},"8":{"start":{"line":109,"column":14},"end":{"line":111,"column":35}},"9":{"start":{"line":109,"column":67},"end":{"line":109,"column":112}},"10":{"start":{"line":109,"column":113},"end":{"line":111,"column":32}},"11":{"start":{"line":110,"column":8},"end":{"line":110,"column":39}},"12":{"start":{"line":111,"column":8},"end":{"line":111,"column":31}},"13":{"start":{"line":111,"column":70},"end":{"line":118,"column":156}},"14":{"start":{"line":111,"column":132},"end":{"line":118,"column":68}},"15":{"start":{"line":111,"column":193},"end":{"line":111,"column":216}},"16":{"start":{"line":111,"column":217},"end":{"line":118,"column":66}},"17":{"start":{"line":111,"column":257},"end":{"line":118,"column":64}},"18":{"start":{"line":111,"column":302},"end":{"line":118,"column":63}},"19":{"start":{"line":115,"column":12},"end":{"line":115,"column":69}},"20":{"start":{"line":118,"column":12},"end":{"line":118,"column":62}},"21":{"start":{"line":118,"column":87},"end":{"line":118,"column":153}},"22":{"start":{"line":119,"column":2},"end":{"line":122,"column":126}},"23":{"start":{"line":120,"column":4},"end":{"line":122,"column":30}},"24":{"start":{"line":121,"column":6},"end":{"line":121,"column":127}},"25":{"start":{"line":121,"column":58},"end":{"line":121,"column":124}},"26":{"start":{"line":121,"column":96},"end":{"line":121,"column":121}},"27":{"start":{"line":122,"column":6},"end":{"line":122,"column":29}},"28":{"start":{"line":122,"column":46},"end":{"line":122,"column":123}},"29":{"start":{"line":122,"column":150},"end":{"line":122,"column":267}},"30":{"start":{"line":122,"column":185},"end":{"line":122,"column":266}},"31":{"start":{"line":122,"column":237},"end":{"line":122,"column":263}}},"fnMap":{"0":{"name":"register","decl":{"start":{"line":105,"column":99},"end":{"line":105,"column":107}},"loc":{"start":{"line":105,"column":110},"end":{"line":111,"column":37}},"line":105},"1":{"name":"(anonymous_1)","decl":{"start":{"line":109,"column":46},"end":{"line":109,"column":47}},"loc":{"start":{"line":109,"column":52},"end":{"line":111,"column":33}},"line":109},"2":{"name":"registerValidSW","decl":{"start":{"line":111,"column":46},"end":{"line":111,"column":61}},"loc":{"start":{"line":111,"column":69},"end":{"line":118,"column":157}},"line":111},"3":{"name":"(anonymous_3)","decl":{"start":{"line":111,"column":115},"end":{"line":111,"column":116}},"loc":{"start":{"line":111,"column":131},"end":{"line":118,"column":69}},"line":111},"4":{"name":"(anonymous_4)","decl":{"start":{"line":111,"column":161},"end":{"line":111,"column":162}},"loc":{"start":{"line":111,"column":167},"end":{"line":118,"column":67}},"line":111},"5":{"name":"(anonymous_5)","decl":{"start":{"line":111,"column":250},"end":{"line":111,"column":251}},"loc":{"start":{"line":111,"column":256},"end":{"line":118,"column":65}},"line":111},"6":{"name":"(anonymous_6)","decl":{"start":{"line":118,"column":77},"end":{"line":118,"column":78}},"loc":{"start":{"line":118,"column":86},"end":{"line":118,"column":154}},"line":118},"7":{"name":"checkValidServiceWorker","decl":{"start":{"line":118,"column":166},"end":{"line":118,"column":189}},"loc":{"start":{"line":118,"column":197},"end":{"line":122,"column":127}},"line":118},"8":{"name":"(anonymous_8)","decl":{"start":{"line":119,"column":20},"end":{"line":119,"column":21}},"loc":{"start":{"line":119,"column":32},"end":{"line":122,"column":31}},"line":119},"9":{"name":"(anonymous_9)","decl":{"start":{"line":121,"column":41},"end":{"line":121,"column":42}},"loc":{"start":{"line":121,"column":57},"end":{"line":121,"column":125}},"line":121},"10":{"name":"(anonymous_10)","decl":{"start":{"line":121,"column":89},"end":{"line":121,"column":90}},"loc":{"start":{"line":121,"column":95},"end":{"line":121,"column":122}},"line":121},"11":{"name":"(anonymous_11)","decl":{"start":{"line":122,"column":39},"end":{"line":122,"column":40}},"loc":{"start":{"line":122,"column":45},"end":{"line":122,"column":124}},"line":122},"12":{"name":"unregister","decl":{"start":{"line":122,"column":136},"end":{"line":122,"column":146}},"loc":{"start":{"line":122,"column":149},"end":{"line":122,"column":268}},"line":122},"13":{"name":"(anonymous_13)","decl":{"start":{"line":122,"column":220},"end":{"line":122,"column":221}},"loc":{"start":{"line":122,"column":236},"end":{"line":122,"column":264}},"line":122}},"branchMap":{"0":{"loc":{"start":{"line":103,"column":28},"end":{"line":105,"column":88}},"type":"binary-expr","locations":[{"start":{"line":103,"column":28},"end":{"line":103,"column":68}},{"start":{"line":104,"column":0},"end":{"line":104,"column":36}},{"start":{"line":105,"column":0},"end":{"line":105,"column":88}}],"line":103},"1":{"loc":{"start":{"line":105,"column":111},"end":{"line":111,"column":36}},"type":"if","locations":[{"start":{"line":105,"column":111},"end":{"line":111,"column":36}},{"start":{"line":105,"column":111},"end":{"line":111,"column":36}}],"line":105},"2":{"loc":{"start":{"line":105,"column":115},"end":{"line":105,"column":184}},"type":"binary-expr","locations":[{"start":{"line":105,"column":115},"end":{"line":105,"column":152}},{"start":{"line":105,"column":156},"end":{"line":105,"column":184}}],"line":105},"3":{"loc":{"start":{"line":106,"column":71},"end":{"line":109,"column":14}},"type":"if","locations":[{"start":{"line":106,"column":71},"end":{"line":109,"column":14}},{"start":{"line":106,"column":71},"end":{"line":109,"column":14}}],"line":106},"4":{"loc":{"start":{"line":109,"column":113},"end":{"line":111,"column":32}},"type":"if","locations":[{"start":{"line":109,"column":113},"end":{"line":111,"column":32}},{"start":{"line":109,"column":113},"end":{"line":111,"column":32}}],"line":109},"5":{"loc":{"start":{"line":111,"column":257},"end":{"line":118,"column":64}},"type":"if","locations":[{"start":{"line":111,"column":257},"end":{"line":118,"column":64}},{"start":{"line":111,"column":257},"end":{"line":118,"column":64}}],"line":111},"6":{"loc":{"start":{"line":111,"column":302},"end":{"line":118,"column":63}},"type":"if","locations":[{"start":{"line":111,"column":302},"end":{"line":118,"column":63}},{"start":{"line":111,"column":302},"end":{"line":118,"column":63}}],"line":111},"7":{"loc":{"start":{"line":120,"column":4},"end":{"line":122,"column":30}},"type":"if","locations":[{"start":{"line":120,"column":4},"end":{"line":122,"column":30}},{"start":{"line":120,"column":4},"end":{"line":122,"column":30}}],"line":120},"8":{"loc":{"start":{"line":120,"column":8},"end":{"line":120,"column":100}},"type":"binary-expr","locations":[{"start":{"line":120,"column":8},"end":{"line":120,"column":31}},{"start":{"line":120,"column":35},"end":{"line":120,"column":100}}],"line":120},"9":{"loc":{"start":{"line":122,"column":150},"end":{"line":122,"column":267}},"type":"if","locations":[{"start":{"line":122,"column":150},"end":{"line":122,"column":267}},{"start":{"line":122,"column":150},"end":{"line":122,"column":267}}],"line":122}},"s":{"0":0,"1":0,"2":0,"3":0,"4":0,"5":0,"6":0,"7":0,"8":0,"9":0,"10":0,"11":0,"12":0,"13":0,"14":0,"15":0,"16":0,"17":0,"18":0,"19":0,"20":0,"21":0,"22":0,"23":0,"24":0,"25":0,"26":0,"27":0,"28":0,"29":0,"30":0,"31":0},"f":{"0":0,"1":0,"2":0,"3":0,"4":0,"5":0,"6":0,"7":0,"8":0,"9":0,"10":0,"11":0,"12":0,"13":0},"b":{"0":[0,0,0],"1":[0,0],"2":[0,0],"3":[0,0],"4":[0,0],"5":[0,0],"6":[0,0],"7":[0,0],"8":[0,0],"9":[0,0]}}
,"/home/vibe/dbwebb-kurser/ramverk2/me/app/frontend/src/components/AppLayout.js": {"path":"/home/vibe/dbwebb-kurser/ramverk2/me/app/frontend/src/components/AppLayout.js","statementMap":{"0":{"start":{"line":1,"column":13},"end":{"line":1,"column":75}},"1":{"start":{"line":1,"column":99},"end":{"line":1,"column":127}},"2":{"start":{"line":1,"column":153},"end":{"line":1,"column":194}},"3":{"start":{"line":1,"column":233},"end":{"line":1,"column":287}},"4":{"start":{"line":1,"column":288},"end":{"line":8,"column":2}}},"fnMap":{"0":{"name":"_interopRequireDefault","decl":{"start":{"line":1,"column":204},"end":{"line":1,"column":226}},"loc":{"start":{"line":1,"column":232},"end":{"line":1,"column":288}},"line":1}},"branchMap":{"0":{"loc":{"start":{"line":1,"column":240},"end":{"line":1,"column":286}},"type":"cond-expr","locations":[{"start":{"line":1,"column":264},"end":{"line":1,"column":267}},{"start":{"line":1,"column":270},"end":{"line":1,"column":286}}],"line":1},"1":{"loc":{"start":{"line":1,"column":240},"end":{"line":1,"column":261}},"type":"binary-expr","locations":[{"start":{"line":1,"column":240},"end":{"line":1,"column":243}},{"start":{"line":1,"column":247},"end":{"line":1,"column":261}}],"line":1}},"s":{"0":0,"1":0,"2":0,"3":0,"4":0},"f":{"0":0},"b":{"0":[0,0],"1":[0,0]}}
,"/home/vibe/dbwebb-kurser/ramverk2/me/app/frontend/src/components/Coins.js": {"path":"/home/vibe/dbwebb-kurser/ramverk2/me/app/frontend/src/components/Coins.js","statementMap":{"0":{"start":{"line":1,"column":13},"end":{"line":1,"column":75}},"1":{"start":{"line":1,"column":94},"end":{"line":1,"column":169}},"2":{"start":{"line":1,"column":183},"end":{"line":1,"column":199}},"3":{"start":{"line":1,"column":214},"end":{"line":1,"column":244}},"4":{"start":{"line":2,"column":23},"end":{"line":2,"column":51}},"5":{"start":{"line":3,"column":24},"end":{"line":3,"column":52}},"6":{"start":{"line":3,"column":78},"end":{"line":3,"column":119}},"7":{"start":{"line":4,"column":22},"end":{"line":4,"column":49}},"8":{"start":{"line":4,"column":88},"end":{"line":4,"column":142}},"9":{"start":{"line":6,"column":13},"end":{"line":12,"column":1}},"10":{"start":{"line":14,"column":17},"end":{"line":18,"column":1}},"11":{"start":{"line":20,"column":21},"end":{"line":38,"column":1}},"12":{"start":{"line":23,"column":35},"end":{"line":23,"column":46}},"13":{"start":{"line":24,"column":31},"end":{"line":24,"column":56}},"14":{"start":{"line":29,"column":28},"end":{"line":29,"column":54}},"15":{"start":{"line":40,"column":21},"end":{"line":45,"column":1}},"16":{"start":{"line":47,"column":13},"end":{"line":50,"column":131}},"17":{"start":{"line":48,"column":0},"end":{"line":50,"column":131}},"18":{"start":{"line":54,"column":14},"end":{"line":60,"column":194}},"19":{"start":{"line":55,"column":0},"end":{"line":60,"column":194}},"20":{"start":{"line":60,"column":195},"end":{"line":67,"column":6}}},"fnMap":{"0":{"name":"_interopRequireDefault","decl":{"start":{"line":4,"column":59},"end":{"line":4,"column":81}},"loc":{"start":{"line":4,"column":87},"end":{"line":4,"column":143}},"line":4},"1":{"name":"(anonymous_1)","decl":{"start":{"line":23,"column":26},"end":{"line":23,"column":27}},"loc":{"start":{"line":23,"column":35},"end":{"line":23,"column":46}},"line":23},"2":{"name":"(anonymous_2)","decl":{"start":{"line":24,"column":22},"end":{"line":24,"column":23}},"loc":{"start":{"line":24,"column":31},"end":{"line":24,"column":56}},"line":24},"3":{"name":"(anonymous_3)","decl":{"start":{"line":29,"column":19},"end":{"line":29,"column":20}},"loc":{"start":{"line":29,"column":28},"end":{"line":29,"column":54}},"line":29},"4":{"name":"(anonymous_4)","decl":{"start":{"line":47,"column":13},"end":{"line":47,"column":14}},"loc":{"start":{"line":48,"column":0},"end":{"line":50,"column":131}},"line":48},"5":{"name":"(anonymous_5)","decl":{"start":{"line":54,"column":14},"end":{"line":54,"column":15}},"loc":{"start":{"line":55,"column":0},"end":{"line":60,"column":194}},"line":55}},"branchMap":{"0":{"loc":{"start":{"line":4,"column":95},"end":{"line":4,"column":141}},"type":"cond-expr","locations":[{"start":{"line":4,"column":119},"end":{"line":4,"column":122}},{"start":{"line":4,"column":125},"end":{"line":4,"column":141}}],"line":4},"1":{"loc":{"start":{"line":4,"column":95},"end":{"line":4,"column":116}},"type":"binary-expr","locations":[{"start":{"line":4,"column":95},"end":{"line":4,"column":98}},{"start":{"line":4,"column":102},"end":{"line":4,"column":116}}],"line":4},"2":{"loc":{"start":{"line":24,"column":31},"end":{"line":24,"column":56}},"type":"cond-expr","locations":[{"start":{"line":24,"column":45},"end":{"line":24,"column":51}},{"start":{"line":24,"column":54},"end":{"line":24,"column":56}}],"line":24},"3":{"loc":{"start":{"line":29,"column":28},"end":{"line":29,"column":54}},"type":"cond-expr","locations":[{"start":{"line":29,"column":43},"end":{"line":29,"column":45}},{"start":{"line":29,"column":48},"end":{"line":29,"column":54}}],"line":29}},"s":{"0":0,"1":0,"2":0,"3":0,"4":0,"5":0,"6":0,"7":0,"8":0,"9":0,"10":0,"11":0,"12":0,"13":0,"14":0,"15":0,"16":0,"17":0,"18":0,"19":0,"20":0},"f":{"0":0,"1":0,"2":0,"3":0,"4":0,"5":0},"b":{"0":[0,0],"1":[0,0],"2":[0,0],"3":[0,0]}}
,"/home/vibe/dbwebb-kurser/ramverk2/me/app/frontend/src/components/Header.js": {"path":"/home/vibe/dbwebb-kurser/ramverk2/me/app/frontend/src/components/Header.js","statementMap":{"0":{"start":{"line":5,"column":13},"end":{"line":10,"column":1}},"1":{"start":{"line":12,"column":16},"end":{"line":18,"column":1}},"2":{"start":{"line":20,"column":12},"end":{"line":24,"column":1}},"3":{"start":{"line":22,"column":25},"end":{"line":22,"column":36}},"4":{"start":{"line":26,"column":17},"end":{"line":31,"column":1}},"5":{"start":{"line":29,"column":25},"end":{"line":29,"column":36}},"6":{"start":{"line":33,"column":18},"end":{"line":36,"column":1}},"7":{"start":{"line":35,"column":25},"end":{"line":35,"column":36}},"8":{"start":{"line":38,"column":15},"end":{"line":111,"column":1}},"9":{"start":{"line":45,"column":2},"end":{"line":110,"column":9}}},"fnMap":{"0":{"name":"(anonymous_0)","decl":{"start":{"line":22,"column":16},"end":{"line":22,"column":17}},"loc":{"start":{"line":22,"column":25},"end":{"line":22,"column":36}},"line":22},"1":{"name":"(anonymous_1)","decl":{"start":{"line":29,"column":16},"end":{"line":29,"column":17}},"loc":{"start":{"line":29,"column":25},"end":{"line":29,"column":36}},"line":29},"2":{"name":"(anonymous_2)","decl":{"start":{"line":35,"column":16},"end":{"line":35,"column":17}},"loc":{"start":{"line":35,"column":25},"end":{"line":35,"column":36}},"line":35},"3":{"name":"(anonymous_3)","decl":{"start":{"line":38,"column":15},"end":{"line":38,"column":16}},"loc":{"start":{"line":45,"column":2},"end":{"line":110,"column":9}},"line":45}},"branchMap":{"0":{"loc":{"start":{"line":53,"column":11},"end":{"line":57,"column":11}},"type":"cond-expr","locations":[{"start":{"line":54,"column":12},"end":{"line":54,"column":73}},{"start":{"line":56,"column":12},"end":{"line":56,"column":71}}],"line":53},"1":{"loc":{"start":{"line":67,"column":18},"end":{"line":69,"column":90}},"type":"cond-expr","locations":[{"start":{"line":68,"column":22},"end":{"line":68,"column":33}},{"start":{"line":69,"column":22},"end":{"line":69,"column":90}}],"line":67}},"s":{"0":1,"1":1,"2":1,"3":4,"4":1,"5":2,"6":1,"7":2,"8":1,"9":2},"f":{"0":4,"1":2,"2":2,"3":2},"b":{"0":[0,2],"1":[0,2]},"_coverageSchema":"332fd63041d2c1bcb487cc26dd0d5f7d97098a6c","hash":"8e920521b11d39a66d076d97cafaf462850b2ba4"}
,"/home/vibe/dbwebb-kurser/ramverk2/me/app/frontend/src/components/SearchCoinModal.js": {"path":"/home/vibe/dbwebb-kurser/ramverk2/me/app/frontend/src/components/SearchCoinModal.js","statementMap":{"0":{"start":{"line":1,"column":13},"end":{"line":1,"column":75}},"1":{"start":{"line":1,"column":94},"end":{"line":1,"column":179}},"2":{"start":{"line":1,"column":193},"end":{"line":1,"column":209}},"3":{"start":{"line":1,"column":224},"end":{"line":1,"column":254}},"4":{"start":{"line":2,"column":17},"end":{"line":2,"column":37}},"5":{"start":{"line":2,"column":56},"end":{"line":2,"column":90}},"6":{"start":{"line":3,"column":23},"end":{"line":3,"column":51}},"7":{"start":{"line":4,"column":19},"end":{"line":4,"column":42}},"8":{"start":{"line":5,"column":18},"end":{"line":5,"column":40}},"9":{"start":{"line":5,"column":60},"end":{"line":5,"column":95}},"10":{"start":{"line":6,"column":22},"end":{"line":6,"column":49}},"11":{"start":{"line":6,"column":88},"end":{"line":6,"column":142}},"12":{"start":{"line":8,"column":22},"end":{"line":18,"column":1}},"13":{"start":{"line":20,"column":14},"end":{"line":47,"column":1}},"14":{"start":{"line":26,"column":2},"end":{"line":28,"column":3}},"15":{"start":{"line":27,"column":4},"end":{"line":27,"column":16}},"16":{"start":{"line":29,"column":19},"end":{"line":29,"column":30}},"17":{"start":{"line":31,"column":2},"end":{"line":42,"column":22}},"18":{"start":{"line":34,"column":6},"end":{"line":42,"column":18}},"19":{"start":{"line":49,"column":19},"end":{"line":51,"column":6}},"20":{"start":{"line":50,"column":26},"end":{"line":50,"column":49}},"21":{"start":{"line":53,"column":24},"end":{"line":89,"column":184}},"22":{"start":{"line":54,"column":0},"end":{"line":89,"column":184}},"23":{"start":{"line":61,"column":12},"end":{"line":61,"column":53}},"24":{"start":{"line":62,"column":12},"end":{"line":62,"column":22}},"25":{"start":{"line":72,"column":10},"end":{"line":83,"column":17}},"26":{"start":{"line":89,"column":185},"end":{"line":98,"column":49}}},"fnMap":{"0":{"name":"_interopRequireDefault","decl":{"start":{"line":6,"column":59},"end":{"line":6,"column":81}},"loc":{"start":{"line":6,"column":87},"end":{"line":6,"column":143}},"line":6},"1":{"name":"(anonymous_1)","decl":{"start":{"line":20,"column":14},"end":{"line":20,"column":15}},"loc":{"start":{"line":25,"column":0},"end":{"line":47,"column":1}},"line":25},"2":{"name":"(anonymous_2)","decl":{"start":{"line":33,"column":27},"end":{"line":33,"column":28}},"loc":{"start":{"line":34,"column":6},"end":{"line":42,"column":18}},"line":34},"3":{"name":"(anonymous_3)","decl":{"start":{"line":50,"column":11},"end":{"line":50,"column":12}},"loc":{"start":{"line":50,"column":26},"end":{"line":50,"column":49}},"line":50},"4":{"name":"(anonymous_4)","decl":{"start":{"line":53,"column":24},"end":{"line":53,"column":25}},"loc":{"start":{"line":54,"column":0},"end":{"line":89,"column":184}},"line":54},"5":{"name":"(anonymous_5)","decl":{"start":{"line":60,"column":20},"end":{"line":60,"column":21}},"loc":{"start":{"line":60,"column":36},"end":{"line":63,"column":11}},"line":60},"6":{"name":"(anonymous_6)","decl":{"start":{"line":64,"column":18},"end":{"line":64,"column":19}},"loc":{"start":{"line":72,"column":10},"end":{"line":83,"column":17}},"line":72}},"branchMap":{"0":{"loc":{"start":{"line":6,"column":95},"end":{"line":6,"column":141}},"type":"cond-expr","locations":[{"start":{"line":6,"column":119},"end":{"line":6,"column":122}},{"start":{"line":6,"column":125},"end":{"line":6,"column":141}}],"line":6},"1":{"loc":{"start":{"line":6,"column":95},"end":{"line":6,"column":116}},"type":"binary-expr","locations":[{"start":{"line":6,"column":95},"end":{"line":6,"column":98}},{"start":{"line":6,"column":102},"end":{"line":6,"column":116}}],"line":6},"2":{"loc":{"start":{"line":26,"column":2},"end":{"line":28,"column":3}},"type":"if","locations":[{"start":{"line":26,"column":2},"end":{"line":28,"column":3}},{"start":{"line":26,"column":2},"end":{"line":28,"column":3}}],"line":26},"3":{"loc":{"start":{"line":26,"column":6},"end":{"line":26,"column":29}},"type":"binary-expr","locations":[{"start":{"line":26,"column":6},"end":{"line":26,"column":13}},{"start":{"line":26,"column":17},"end":{"line":26,"column":29}}],"line":26},"4":{"loc":{"start":{"line":38,"column":29},"end":{"line":38,"column":74}},"type":"cond-expr","locations":[{"start":{"line":38,"column":58},"end":{"line":38,"column":64}},{"start":{"line":38,"column":67},"end":{"line":38,"column":74}}],"line":38},"5":{"loc":{"start":{"line":39,"column":24},"end":{"line":39,"column":65}},"type":"cond-expr","locations":[{"start":{"line":39,"column":48},"end":{"line":39,"column":54}},{"start":{"line":39,"column":57},"end":{"line":39,"column":65}}],"line":39},"6":{"loc":{"start":{"line":74,"column":12},"end":{"line":83,"column":16}},"type":"cond-expr","locations":[{"start":{"line":75,"column":12},"end":{"line":80,"column":119}},{"start":{"line":83,"column":12},"end":{"line":83,"column":16}}],"line":74}},"s":{"0":0,"1":0,"2":0,"3":0,"4":0,"5":0,"6":0,"7":0,"8":0,"9":0,"10":0,"11":0,"12":0,"13":0,"14":0,"15":0,"16":0,"17":0,"18":0,"19":0,"20":0,"21":0,"22":0,"23":0,"24":0,"25":0,"26":0},"f":{"0":0,"1":0,"2":0,"3":0,"4":0,"5":0,"6":0},"b":{"0":[0,0],"1":[0,0],"2":[0,0],"3":[0,0],"4":[0,0],"5":[0,0],"6":[0,0]}}
,"/home/vibe/dbwebb-kurser/ramverk2/me/app/frontend/src/components/SendMessage.js": {"path":"/home/vibe/dbwebb-kurser/ramverk2/me/app/frontend/src/components/SendMessage.js","statementMap":{"0":{"start":{"line":8,"column":13},"end":{"line":12,"column":1}},"1":{"start":{"line":14,"column":15},"end":{"line":16,"column":1}},"2":{"start":{"line":18,"column":20},"end":{"line":44,"column":1}},"3":{"start":{"line":26,"column":2},"end":{"line":43,"column":9}},"4":{"start":{"line":34,"column":10},"end":{"line":36,"column":11}},"5":{"start":{"line":35,"column":12},"end":{"line":35,"column":28}},"6":{"start":{"line":46,"column":30},"end":{"line":50,"column":1}},"7":{"start":{"line":55,"column":29},"end":{"line":55,"column":44}},"8":{"start":{"line":57,"column":6},"end":{"line":60,"column":7}},"9":{"start":{"line":58,"column":8},"end":{"line":58,"column":29}},"10":{"start":{"line":59,"column":8},"end":{"line":59,"column":15}},"11":{"start":{"line":62,"column":6},"end":{"line":64,"column":9}},"12":{"start":{"line":65,"column":6},"end":{"line":65,"column":23}}},"fnMap":{"0":{"name":"(anonymous_0)","decl":{"start":{"line":18,"column":20},"end":{"line":18,"column":21}},"loc":{"start":{"line":26,"column":2},"end":{"line":43,"column":9}},"line":26},"1":{"name":"(anonymous_1)","decl":{"start":{"line":33,"column":19},"end":{"line":33,"column":20}},"loc":{"start":{"line":33,"column":26},"end":{"line":37,"column":9}},"line":33},"2":{"name":"(anonymous_2)","decl":{"start":{"line":55,"column":22},"end":{"line":55,"column":23}},"loc":{"start":{"line":55,"column":29},"end":{"line":55,"column":44}},"line":55},"3":{"name":"(anonymous_3)","decl":{"start":{"line":56,"column":18},"end":{"line":56,"column":19}},"loc":{"start":{"line":56,"column":91},"end":{"line":66,"column":5}},"line":56}},"branchMap":{"0":{"loc":{"start":{"line":34,"column":10},"end":{"line":36,"column":11}},"type":"if","locations":[{"start":{"line":34,"column":10},"end":{"line":36,"column":11}},{"start":{"line":34,"column":10},"end":{"line":36,"column":11}}],"line":34},"1":{"loc":{"start":{"line":34,"column":14},"end":{"line":34,"column":47}},"type":"binary-expr","locations":[{"start":{"line":34,"column":14},"end":{"line":34,"column":30}},{"start":{"line":34,"column":34},"end":{"line":34,"column":47}}],"line":34},"2":{"loc":{"start":{"line":57,"column":6},"end":{"line":60,"column":7}},"type":"if","locations":[{"start":{"line":57,"column":6},"end":{"line":60,"column":7}},{"start":{"line":57,"column":6},"end":{"line":60,"column":7}}],"line":57},"3":{"loc":{"start":{"line":57,"column":10},"end":{"line":57,"column":51}},"type":"binary-expr","locations":[{"start":{"line":57,"column":10},"end":{"line":57,"column":25}},{"start":{"line":57,"column":29},"end":{"line":57,"column":51}}],"line":57}},"s":{"0":1,"1":1,"2":1,"3":4,"4":1,"5":0,"6":1,"7":3,"8":0,"9":0,"10":0,"11":0,"12":0},"f":{"0":4,"1":1,"2":3,"3":0},"b":{"0":[0,1],"1":[1,0],"2":[0,0],"3":[0,0]},"_coverageSchema":"332fd63041d2c1bcb487cc26dd0d5f7d97098a6c","hash":"d1bfed85851b34d3a9317bc9b3c523742d9103bc"}
,"/home/vibe/dbwebb-kurser/ramverk2/me/app/frontend/src/components/SettingsModal.js": {"path":"/home/vibe/dbwebb-kurser/ramverk2/me/app/frontend/src/components/SettingsModal.js","statementMap":{"0":{"start":{"line":1,"column":13},"end":{"line":1,"column":75}},"1":{"start":{"line":1,"column":94},"end":{"line":1,"column":177}},"2":{"start":{"line":1,"column":191},"end":{"line":1,"column":207}},"3":{"start":{"line":1,"column":222},"end":{"line":1,"column":252}},"4":{"start":{"line":2,"column":23},"end":{"line":2,"column":51}},"5":{"start":{"line":3,"column":14},"end":{"line":3,"column":31}},"6":{"start":{"line":4,"column":19},"end":{"line":4,"column":42}},"7":{"start":{"line":5,"column":18},"end":{"line":5,"column":40}},"8":{"start":{"line":5,"column":60},"end":{"line":5,"column":95}},"9":{"start":{"line":7,"column":15},"end":{"line":7,"column":42}},"10":{"start":{"line":8,"column":12},"end":{"line":8,"column":38}},"11":{"start":{"line":8,"column":77},"end":{"line":8,"column":131}},"12":{"start":{"line":10,"column":22},"end":{"line":59,"column":202}},"13":{"start":{"line":20,"column":0},"end":{"line":59,"column":202}},"14":{"start":{"line":25,"column":10},"end":{"line":27,"column":11}},"15":{"start":{"line":26,"column":12},"end":{"line":26,"column":28}},"16":{"start":{"line":41,"column":44},"end":{"line":41,"column":70}},"17":{"start":{"line":67,"column":27},"end":{"line":74,"column":1}},"18":{"start":{"line":74,"column":2},"end":{"line":108,"column":15}},"19":{"start":{"line":83,"column":4},"end":{"line":86,"column":5}},"20":{"start":{"line":84,"column":6},"end":{"line":84,"column":27}},"21":{"start":{"line":85,"column":6},"end":{"line":85,"column":13}},"22":{"start":{"line":88,"column":4},"end":{"line":102,"column":11}},"23":{"start":{"line":91,"column":34},"end":{"line":91,"column":44}},"24":{"start":{"line":93,"column":21},"end":{"line":93,"column":64}},"25":{"start":{"line":94,"column":8},"end":{"line":99,"column":18}},"26":{"start":{"line":101,"column":8},"end":{"line":101,"column":59}},"27":{"start":{"line":104,"column":4},"end":{"line":104,"column":21}},"28":{"start":{"line":105,"column":4},"end":{"line":105,"column":18}}},"fnMap":{"0":{"name":"_interopRequireDefault","decl":{"start":{"line":8,"column":48},"end":{"line":8,"column":70}},"loc":{"start":{"line":8,"column":76},"end":{"line":8,"column":132}},"line":8},"1":{"name":"(anonymous_1)","decl":{"start":{"line":10,"column":22},"end":{"line":10,"column":23}},"loc":{"start":{"line":20,"column":0},"end":{"line":59,"column":202}},"line":20},"2":{"name":"(anonymous_2)","decl":{"start":{"line":24,"column":18},"end":{"line":24,"column":19}},"loc":{"start":{"line":24,"column":23},"end":{"line":28,"column":9}},"line":24},"3":{"name":"(anonymous_3)","decl":{"start":{"line":41,"column":20},"end":{"line":41,"column":21}},"loc":{"start":{"line":41,"column":44},"end":{"line":41,"column":70}},"line":41},"4":{"name":"(anonymous_4)","decl":{"start":{"line":79,"column":16},"end":{"line":79,"column":17}},"loc":{"start":{"line":82,"column":2},"end":{"line":106,"column":3}},"line":82},"5":{"name":"(anonymous_5)","decl":{"start":{"line":90,"column":14},"end":{"line":90,"column":15}},"loc":{"start":{"line":90,"column":51},"end":{"line":102,"column":7}},"line":90}},"branchMap":{"0":{"loc":{"start":{"line":8,"column":84},"end":{"line":8,"column":130}},"type":"cond-expr","locations":[{"start":{"line":8,"column":108},"end":{"line":8,"column":111}},{"start":{"line":8,"column":114},"end":{"line":8,"column":130}}],"line":8},"1":{"loc":{"start":{"line":8,"column":84},"end":{"line":8,"column":105}},"type":"binary-expr","locations":[{"start":{"line":8,"column":84},"end":{"line":8,"column":87}},{"start":{"line":8,"column":91},"end":{"line":8,"column":105}}],"line":8},"2":{"loc":{"start":{"line":25,"column":10},"end":{"line":27,"column":11}},"type":"if","locations":[{"start":{"line":25,"column":10},"end":{"line":27,"column":11}},{"start":{"line":25,"column":10},"end":{"line":27,"column":11}}],"line":25},"3":{"loc":{"start":{"line":83,"column":4},"end":{"line":86,"column":5}},"type":"if","locations":[{"start":{"line":83,"column":4},"end":{"line":86,"column":5}},{"start":{"line":83,"column":4},"end":{"line":86,"column":5}}],"line":83}},"s":{"0":0,"1":0,"2":0,"3":0,"4":0,"5":0,"6":0,"7":0,"8":0,"9":0,"10":0,"11":0,"12":0,"13":0,"14":0,"15":0,"16":0,"17":0,"18":0,"19":0,"20":0,"21":0,"22":0,"23":0,"24":0,"25":0,"26":0,"27":0,"28":0},"f":{"0":0,"1":0,"2":0,"3":0,"4":0,"5":0},"b":{"0":[0,0],"1":[0,0],"2":[0,0],"3":[0,0]}}
,"/home/vibe/dbwebb-kurser/ramverk2/me/app/frontend/src/containers/HeaderContainer.js": {"path":"/home/vibe/dbwebb-kurser/ramverk2/me/app/frontend/src/containers/HeaderContainer.js","statementMap":{"0":{"start":{"line":1,"column":13},"end":{"line":1,"column":75}},"1":{"start":{"line":1,"column":75},"end":{"line":1,"column":111}},"2":{"start":{"line":1,"column":130},"end":{"line":1,"column":215}},"3":{"start":{"line":1,"column":229},"end":{"line":1,"column":245}},"4":{"start":{"line":1,"column":260},"end":{"line":1,"column":290}},"5":{"start":{"line":3,"column":14},"end":{"line":3,"column":45}},"6":{"start":{"line":3,"column":61},"end":{"line":3,"column":92}},"7":{"start":{"line":4,"column":21},"end":{"line":4,"column":59}},"8":{"start":{"line":4,"column":82},"end":{"line":4,"column":120}},"9":{"start":{"line":4,"column":159},"end":{"line":4,"column":213}},"10":{"start":{"line":6,"column":89},"end":{"line":13,"column":13}},"11":{"start":{"line":12,"column":6},"end":{"line":12,"column":70}},"12":{"start":{"line":12,"column":30},"end":{"line":12,"column":67}},"13":{"start":{"line":16,"column":29},"end":{"line":16,"column":39}},"14":{"start":{"line":17,"column":27},"end":{"line":17,"column":37}},"15":{"start":{"line":18,"column":4},"end":{"line":24,"column":97}},"16":{"start":{"line":27,"column":4},"end":{"line":27,"column":46}},"17":{"start":{"line":27,"column":46},"end":{"line":30,"column":16}}},"fnMap":{"0":{"name":"_interopRequireDefault","decl":{"start":{"line":4,"column":130},"end":{"line":4,"column":152}},"loc":{"start":{"line":4,"column":158},"end":{"line":4,"column":214}},"line":4},"1":{"name":"(anonymous_1)","decl":{"start":{"line":6,"column":57},"end":{"line":6,"column":58}},"loc":{"start":{"line":6,"column":78},"end":{"line":13,"column":14}},"line":6},"2":{"name":"(anonymous_2)","decl":{"start":{"line":11,"column":26},"end":{"line":11,"column":27}},"loc":{"start":{"line":11,"column":32},"end":{"line":13,"column":5}},"line":11},"3":{"name":"(anonymous_3)","decl":{"start":{"line":12,"column":20},"end":{"line":12,"column":21}},"loc":{"start":{"line":12,"column":30},"end":{"line":12,"column":67}},"line":12},"4":{"name":"(anonymous_4)","decl":{"start":{"line":15,"column":2},"end":{"line":15,"column":3}},"loc":{"start":{"line":15,"column":11},"end":{"line":27,"column":3}},"line":15}},"branchMap":{"0":{"loc":{"start":{"line":4,"column":166},"end":{"line":4,"column":212}},"type":"cond-expr","locations":[{"start":{"line":4,"column":190},"end":{"line":4,"column":193}},{"start":{"line":4,"column":196},"end":{"line":4,"column":212}}],"line":4},"1":{"loc":{"start":{"line":4,"column":166},"end":{"line":4,"column":187}},"type":"binary-expr","locations":[{"start":{"line":4,"column":166},"end":{"line":4,"column":169}},{"start":{"line":4,"column":173},"end":{"line":4,"column":187}}],"line":4}},"s":{"0":0,"1":0,"2":0,"3":0,"4":0,"5":0,"6":0,"7":0,"8":0,"9":0,"10":0,"11":0,"12":0,"13":0,"14":0,"15":0,"16":0,"17":0},"f":{"0":0,"1":0,"2":0,"3":0,"4":0},"b":{"0":[0,0],"1":[0,0]}}
,"/home/vibe/dbwebb-kurser/ramverk2/me/app/frontend/src/containers/MessagesContainer.js": {"path":"/home/vibe/dbwebb-kurser/ramverk2/me/app/frontend/src/containers/MessagesContainer.js","statementMap":{"0":{"start":{"line":1,"column":13},"end":{"line":1,"column":75}},"1":{"start":{"line":1,"column":94},"end":{"line":1,"column":181}},"2":{"start":{"line":1,"column":195},"end":{"line":1,"column":211}},"3":{"start":{"line":1,"column":226},"end":{"line":1,"column":256}},"4":{"start":{"line":2,"column":19},"end":{"line":2,"column":42}},"5":{"start":{"line":3,"column":18},"end":{"line":3,"column":40}},"6":{"start":{"line":3,"column":60},"end":{"line":3,"column":95}},"7":{"start":{"line":4,"column":23},"end":{"line":4,"column":51}},"8":{"start":{"line":5,"column":32},"end":{"line":5,"column":76}},"9":{"start":{"line":5,"column":110},"end":{"line":5,"column":159}},"10":{"start":{"line":5,"column":198},"end":{"line":5,"column":252}},"11":{"start":{"line":7,"column":31},"end":{"line":21,"column":1}},"12":{"start":{"line":23,"column":91},"end":{"line":109,"column":13}},"13":{"start":{"line":75,"column":57},"end":{"line":75,"column":67}},"14":{"start":{"line":76,"column":6},"end":{"line":108,"column":7}},"15":{"start":{"line":81,"column":8},"end":{"line":106,"column":15}},"16":{"start":{"line":87,"column":12},"end":{"line":89,"column":13}},"17":{"start":{"line":88,"column":14},"end":{"line":88,"column":26}},"18":{"start":{"line":91,"column":12},"end":{"line":93,"column":13}},"19":{"start":{"line":92,"column":14},"end":{"line":92,"column":53}},"20":{"start":{"line":95,"column":31},"end":{"line":95,"column":58}},"21":{"start":{"line":96,"column":12},"end":{"line":104,"column":13}},"22":{"start":{"line":96,"column":46},"end":{"line":96,"column":72}},"23":{"start":{"line":97,"column":14},"end":{"line":101,"column":109}},"24":{"start":{"line":101,"column":59},"end":{"line":101,"column":103}},"25":{"start":{"line":101,"column":87},"end":{"line":101,"column":102}},"26":{"start":{"line":105,"column":12},"end":{"line":105,"column":24}},"27":{"start":{"line":109,"column":74},"end":{"line":109,"column":545}},"28":{"start":{"line":109,"column":209},"end":{"line":109,"column":251}},"29":{"start":{"line":109,"column":238},"end":{"line":109,"column":250}},"30":{"start":{"line":109,"column":270},"end":{"line":109,"column":306}},"31":{"start":{"line":109,"column":354},"end":{"line":109,"column":528}},"32":{"start":{"line":109,"column":388},"end":{"line":109,"column":414}},"33":{"start":{"line":109,"column":418},"end":{"line":109,"column":527}},"34":{"start":{"line":109,"column":528},"end":{"line":109,"column":540}},"35":{"start":{"line":109,"column":596},"end":{"line":109,"column":666}},"36":{"start":{"line":109,"column":627},"end":{"line":109,"column":665}},"37":{"start":{"line":109,"column":742},"end":{"line":109,"column":1041}},"38":{"start":{"line":109,"column":921},"end":{"line":109,"column":947}},"39":{"start":{"line":109,"column":948},"end":{"line":109,"column":1040}},"40":{"start":{"line":109,"column":966},"end":{"line":109,"column":1032}},"41":{"start":{"line":112,"column":47},"end":{"line":112,"column":57}},"42":{"start":{"line":114,"column":4},"end":{"line":199,"column":178}},"43":{"start":{"line":129,"column":10},"end":{"line":129,"column":35}},"44":{"start":{"line":137,"column":8},"end":{"line":199,"column":174}},"45":{"start":{"line":210,"column":22},"end":{"line":224,"column":1}},"46":{"start":{"line":224,"column":2},"end":{"line":234,"column":19}},"47":{"start":{"line":227,"column":21},"end":{"line":231,"column":19}}},"fnMap":{"0":{"name":"_interopRequireDefault","decl":{"start":{"line":5,"column":169},"end":{"line":5,"column":191}},"loc":{"start":{"line":5,"column":197},"end":{"line":5,"column":253}},"line":5},"1":{"name":"(anonymous_1)","decl":{"start":{"line":23,"column":59},"end":{"line":23,"column":60}},"loc":{"start":{"line":23,"column":80},"end":{"line":109,"column":14}},"line":23},"2":{"name":"(anonymous_2)","decl":{"start":{"line":74,"column":21},"end":{"line":74,"column":22}},"loc":{"start":{"line":74,"column":27},"end":{"line":109,"column":5}},"line":74},"3":{"name":"(anonymous_3)","decl":{"start":{"line":86,"column":23},"end":{"line":86,"column":24}},"loc":{"start":{"line":86,"column":54},"end":{"line":106,"column":11}},"line":86},"4":{"name":"(anonymous_4)","decl":{"start":{"line":96,"column":39},"end":{"line":96,"column":40}},"loc":{"start":{"line":96,"column":46},"end":{"line":96,"column":72}},"line":96},"5":{"name":"(anonymous_5)","decl":{"start":{"line":101,"column":54},"end":{"line":101,"column":55}},"loc":{"start":{"line":101,"column":59},"end":{"line":101,"column":103}},"line":101},"6":{"name":"(anonymous_6)","decl":{"start":{"line":101,"column":82},"end":{"line":101,"column":83}},"loc":{"start":{"line":101,"column":87},"end":{"line":101,"column":102}},"line":101},"7":{"name":"(anonymous_7)","decl":{"start":{"line":109,"column":14},"end":{"line":109,"column":15}},"loc":{"start":{"line":109,"column":73},"end":{"line":109,"column":1042}},"line":109},"8":{"name":"(anonymous_8)","decl":{"start":{"line":109,"column":176},"end":{"line":109,"column":177}},"loc":{"start":{"line":109,"column":208},"end":{"line":109,"column":541}},"line":109},"9":{"name":"(anonymous_9)","decl":{"start":{"line":109,"column":381},"end":{"line":109,"column":382}},"loc":{"start":{"line":109,"column":388},"end":{"line":109,"column":414}},"line":109},"10":{"name":"(anonymous_10)","decl":{"start":{"line":109,"column":959},"end":{"line":109,"column":960}},"loc":{"start":{"line":109,"column":965},"end":{"line":109,"column":1033}},"line":109},"11":{"name":"(anonymous_11)","decl":{"start":{"line":111,"column":2},"end":{"line":111,"column":3}},"loc":{"start":{"line":111,"column":11},"end":{"line":207,"column":3}},"line":111},"12":{"name":"(anonymous_12)","decl":{"start":{"line":128,"column":13},"end":{"line":128,"column":14}},"loc":{"start":{"line":128,"column":25},"end":{"line":130,"column":9}},"line":128},"13":{"name":"(anonymous_13)","decl":{"start":{"line":136,"column":12},"end":{"line":136,"column":13}},"loc":{"start":{"line":137,"column":8},"end":{"line":199,"column":174}},"line":137},"14":{"name":"(anonymous_14)","decl":{"start":{"line":227,"column":11},"end":{"line":227,"column":12}},"loc":{"start":{"line":227,"column":21},"end":{"line":231,"column":19}},"line":227}},"branchMap":{"0":{"loc":{"start":{"line":5,"column":205},"end":{"line":5,"column":251}},"type":"cond-expr","locations":[{"start":{"line":5,"column":229},"end":{"line":5,"column":232}},{"start":{"line":5,"column":235},"end":{"line":5,"column":251}}],"line":5},"1":{"loc":{"start":{"line":5,"column":205},"end":{"line":5,"column":226}},"type":"binary-expr","locations":[{"start":{"line":5,"column":205},"end":{"line":5,"column":208}},{"start":{"line":5,"column":212},"end":{"line":5,"column":226}}],"line":5},"2":{"loc":{"start":{"line":76,"column":6},"end":{"line":108,"column":7}},"type":"if","locations":[{"start":{"line":76,"column":6},"end":{"line":108,"column":7}},{"start":{"line":76,"column":6},"end":{"line":108,"column":7}}],"line":76},"3":{"loc":{"start":{"line":77,"column":6},"end":{"line":79,"column":35}},"type":"binary-expr","locations":[{"start":{"line":77,"column":6},"end":{"line":77,"column":19}},{"start":{"line":78,"column":6},"end":{"line":78,"column":29}},{"start":{"line":79,"column":6},"end":{"line":79,"column":35}}],"line":77},"4":{"loc":{"start":{"line":87,"column":12},"end":{"line":89,"column":13}},"type":"if","locations":[{"start":{"line":87,"column":12},"end":{"line":89,"column":13}},{"start":{"line":87,"column":12},"end":{"line":89,"column":13}}],"line":87},"5":{"loc":{"start":{"line":91,"column":12},"end":{"line":93,"column":13}},"type":"if","locations":[{"start":{"line":91,"column":12},"end":{"line":93,"column":13}},{"start":{"line":91,"column":12},"end":{"line":93,"column":13}}],"line":91},"6":{"loc":{"start":{"line":96,"column":12},"end":{"line":104,"column":13}},"type":"if","locations":[{"start":{"line":96,"column":12},"end":{"line":104,"column":13}},{"start":{"line":96,"column":12},"end":{"line":104,"column":13}}],"line":96},"7":{"loc":{"start":{"line":109,"column":209},"end":{"line":109,"column":251}},"type":"if","locations":[{"start":{"line":109,"column":209},"end":{"line":109,"column":251}},{"start":{"line":109,"column":209},"end":{"line":109,"column":251}}],"line":109},"8":{"loc":{"start":{"line":109,"column":354},"end":{"line":109,"column":528}},"type":"if","locations":[{"start":{"line":109,"column":354},"end":{"line":109,"column":528}},{"start":{"line":109,"column":354},"end":{"line":109,"column":528}}],"line":109},"9":{"loc":{"start":{"line":109,"column":596},"end":{"line":109,"column":666}},"type":"if","locations":[{"start":{"line":109,"column":596},"end":{"line":109,"column":666}},{"start":{"line":109,"column":596},"end":{"line":109,"column":666}}],"line":109},"10":{"loc":{"start":{"line":109,"column":742},"end":{"line":109,"column":1041}},"type":"if","locations":[{"start":{"line":109,"column":742},"end":{"line":109,"column":1041}},{"start":{"line":109,"column":742},"end":{"line":109,"column":1041}}],"line":109},"11":{"loc":{"start":{"line":109,"column":746},"end":{"line":109,"column":899}},"type":"binary-expr","locations":[{"start":{"line":109,"column":746},"end":{"line":109,"column":759}},{"start":{"line":109,"column":763},"end":{"line":109,"column":790}},{"start":{"line":109,"column":794},"end":{"line":109,"column":805}},{"start":{"line":109,"column":809},"end":{"line":109,"column":838}},{"start":{"line":109,"column":842},"end":{"line":109,"column":899}}],"line":109},"12":{"loc":{"start":{"line":114,"column":11},"end":{"line":199,"column":177}},"type":"cond-expr","locations":[{"start":{"line":114,"column":37},"end":{"line":114,"column":41}},{"start":{"line":115,"column":4},"end":{"line":199,"column":177}}],"line":114},"13":{"loc":{"start":{"line":114,"column":11},"end":{"line":114,"column":34}},"type":"binary-expr","locations":[{"start":{"line":114,"column":11},"end":{"line":114,"column":18}},{"start":{"line":114,"column":22},"end":{"line":114,"column":34}}],"line":114},"14":{"loc":{"start":{"line":142,"column":14},"end":{"line":144,"column":31}},"type":"cond-expr","locations":[{"start":{"line":143,"column":14},"end":{"line":143,"column":37}},{"start":{"line":144,"column":14},"end":{"line":144,"column":31}}],"line":142},"15":{"loc":{"start":{"line":153,"column":18},"end":{"line":155,"column":35}},"type":"cond-expr","locations":[{"start":{"line":154,"column":18},"end":{"line":154,"column":41}},{"start":{"line":155,"column":18},"end":{"line":155,"column":35}}],"line":153}},"s":{"0":0,"1":0,"2":0,"3":0,"4":0,"5":0,"6":0,"7":0,"8":0,"9":0,"10":0,"11":0,"12":0,"13":0,"14":0,"15":0,"16":0,"17":0,"18":0,"19":0,"20":0,"21":0,"22":0,"23":0,"24":0,"25":0,"26":0,"27":0,"28":0,"29":0,"30":0,"31":0,"32":0,"33":0,"34":0,"35":0,"36":0,"37":0,"38":0,"39":0,"40":0,"41":0,"42":0,"43":0,"44":0,"45":0,"46":0,"47":0},"f":{"0":0,"1":0,"2":0,"3":0,"4":0,"5":0,"6":0,"7":0,"8":0,"9":0,"10":0,"11":0,"12":0,"13":0,"14":0},"b":{"0":[0,0],"1":[0,0],"2":[0,0],"3":[0,0,0],"4":[0,0],"5":[0,0],"6":[0,0],"7":[0,0],"8":[0,0],"9":[0,0],"10":[0,0],"11":[0,0,0,0,0],"12":[0,0],"13":[0,0],"14":[0,0],"15":[0,0]}}
,"/home/vibe/dbwebb-kurser/ramverk2/me/app/frontend/src/containers/PublicNavbar.js": {"path":"/home/vibe/dbwebb-kurser/ramverk2/me/app/frontend/src/containers/PublicNavbar.js","statementMap":{"0":{"start":{"line":1,"column":13},"end":{"line":1,"column":75}},"1":{"start":{"line":1,"column":94},"end":{"line":1,"column":176}},"2":{"start":{"line":1,"column":190},"end":{"line":1,"column":206}},"3":{"start":{"line":1,"column":221},"end":{"line":1,"column":251}},"4":{"start":{"line":2,"column":22},"end":{"line":2,"column":49}},"5":{"start":{"line":3,"column":24},"end":{"line":3,"column":52}},"6":{"start":{"line":3,"column":78},"end":{"line":3,"column":119}},"7":{"start":{"line":4,"column":23},"end":{"line":4,"column":51}},"8":{"start":{"line":5,"column":17},"end":{"line":5,"column":38}},"9":{"start":{"line":5,"column":57},"end":{"line":5,"column":91}},"10":{"start":{"line":5,"column":130},"end":{"line":5,"column":184}},"11":{"start":{"line":7,"column":13},"end":{"line":9,"column":1}},"12":{"start":{"line":11,"column":16},"end":{"line":21,"column":6}},"13":{"start":{"line":11,"column":23},"end":{"line":21,"column":5}},"14":{"start":{"line":13,"column":21},"end":{"line":13,"column":82}},"15":{"start":{"line":14,"column":22},"end":{"line":14,"column":46}},"16":{"start":{"line":16,"column":4},"end":{"line":18,"column":30}},"17":{"start":{"line":24,"column":15},"end":{"line":34,"column":244}},"18":{"start":{"line":25,"column":0},"end":{"line":34,"column":244}},"19":{"start":{"line":43,"column":0},"end":{"line":44,"column":39}},"20":{"start":{"line":44,"column":39},"end":{"line":47,"column":7}}},"fnMap":{"0":{"name":"_interopRequireDefault","decl":{"start":{"line":5,"column":101},"end":{"line":5,"column":123}},"loc":{"start":{"line":5,"column":129},"end":{"line":5,"column":185}},"line":5},"1":{"name":"(anonymous_1)","decl":{"start":{"line":11,"column":16},"end":{"line":11,"column":17}},"loc":{"start":{"line":11,"column":23},"end":{"line":21,"column":5}},"line":11},"2":{"name":"(anonymous_2)","decl":{"start":{"line":24,"column":15},"end":{"line":24,"column":16}},"loc":{"start":{"line":25,"column":0},"end":{"line":34,"column":244}},"line":25}},"branchMap":{"0":{"loc":{"start":{"line":5,"column":137},"end":{"line":5,"column":183}},"type":"cond-expr","locations":[{"start":{"line":5,"column":161},"end":{"line":5,"column":164}},{"start":{"line":5,"column":167},"end":{"line":5,"column":183}}],"line":5},"1":{"loc":{"start":{"line":5,"column":137},"end":{"line":5,"column":158}},"type":"binary-expr","locations":[{"start":{"line":5,"column":137},"end":{"line":5,"column":140}},{"start":{"line":5,"column":144},"end":{"line":5,"column":158}}],"line":5},"2":{"loc":{"start":{"line":14,"column":22},"end":{"line":14,"column":46}},"type":"cond-expr","locations":[{"start":{"line":14,"column":33},"end":{"line":14,"column":41}},{"start":{"line":14,"column":44},"end":{"line":14,"column":46}}],"line":14}},"s":{"0":0,"1":0,"2":0,"3":0,"4":0,"5":0,"6":0,"7":0,"8":0,"9":0,"10":0,"11":0,"12":0,"13":0,"14":0,"15":0,"16":0,"17":0,"18":0,"19":0,"20":0},"f":{"0":0,"1":0,"2":0},"b":{"0":[0,0],"1":[0,0],"2":[0,0]}}
,"/home/vibe/dbwebb-kurser/ramverk2/me/app/frontend/src/containers/Sidebar.js": {"path":"/home/vibe/dbwebb-kurser/ramverk2/me/app/frontend/src/containers/Sidebar.js","statementMap":{"0":{"start":{"line":1,"column":13},"end":{"line":1,"column":75}},"1":{"start":{"line":1,"column":94},"end":{"line":1,"column":171}},"2":{"start":{"line":1,"column":185},"end":{"line":1,"column":201}},"3":{"start":{"line":1,"column":216},"end":{"line":1,"column":246}},"4":{"start":{"line":3,"column":13},"end":{"line":3,"column":43}},"5":{"start":{"line":3,"column":58},"end":{"line":3,"column":88}},"6":{"start":{"line":4,"column":23},"end":{"line":4,"column":63}},"7":{"start":{"line":4,"column":88},"end":{"line":4,"column":128}},"8":{"start":{"line":4,"column":167},"end":{"line":4,"column":221}},"9":{"start":{"line":6,"column":81},"end":{"line":13,"column":13}},"10":{"start":{"line":12,"column":6},"end":{"line":12,"column":74}},"11":{"start":{"line":12,"column":30},"end":{"line":12,"column":71}},"12":{"start":{"line":16,"column":31},"end":{"line":16,"column":41}},"13":{"start":{"line":17,"column":21},"end":{"line":17,"column":31}},"14":{"start":{"line":18,"column":4},"end":{"line":31,"column":99}},"15":{"start":{"line":21,"column":31},"end":{"line":24,"column":37}},"16":{"start":{"line":34,"column":4},"end":{"line":37,"column":8}}},"fnMap":{"0":{"name":"_interopRequireDefault","decl":{"start":{"line":4,"column":138},"end":{"line":4,"column":160}},"loc":{"start":{"line":4,"column":166},"end":{"line":4,"column":222}},"line":4},"1":{"name":"(anonymous_1)","decl":{"start":{"line":6,"column":49},"end":{"line":6,"column":50}},"loc":{"start":{"line":6,"column":70},"end":{"line":13,"column":14}},"line":6},"2":{"name":"(anonymous_2)","decl":{"start":{"line":11,"column":28},"end":{"line":11,"column":29}},"loc":{"start":{"line":11,"column":34},"end":{"line":13,"column":5}},"line":11},"3":{"name":"(anonymous_3)","decl":{"start":{"line":12,"column":20},"end":{"line":12,"column":21}},"loc":{"start":{"line":12,"column":30},"end":{"line":12,"column":71}},"line":12},"4":{"name":"(anonymous_4)","decl":{"start":{"line":15,"column":2},"end":{"line":15,"column":3}},"loc":{"start":{"line":15,"column":11},"end":{"line":34,"column":3}},"line":15},"5":{"name":"(anonymous_5)","decl":{"start":{"line":21,"column":22},"end":{"line":21,"column":23}},"loc":{"start":{"line":21,"column":31},"end":{"line":24,"column":37}},"line":21}},"branchMap":{"0":{"loc":{"start":{"line":4,"column":174},"end":{"line":4,"column":220}},"type":"cond-expr","locations":[{"start":{"line":4,"column":198},"end":{"line":4,"column":201}},{"start":{"line":4,"column":204},"end":{"line":4,"column":220}}],"line":4},"1":{"loc":{"start":{"line":4,"column":174},"end":{"line":4,"column":195}},"type":"binary-expr","locations":[{"start":{"line":4,"column":174},"end":{"line":4,"column":177}},{"start":{"line":4,"column":181},"end":{"line":4,"column":195}}],"line":4}},"s":{"0":0,"1":0,"2":0,"3":0,"4":0,"5":0,"6":0,"7":0,"8":0,"9":0,"10":0,"11":0,"12":0,"13":0,"14":0,"15":0,"16":0},"f":{"0":0,"1":0,"2":0,"3":0,"4":0,"5":0},"b":{"0":[0,0],"1":[0,0]}}
,"/home/vibe/dbwebb-kurser/ramverk2/me/app/frontend/src/graphql/coins.js": {"path":"/home/vibe/dbwebb-kurser/ramverk2/me/app/frontend/src/graphql/coins.js","statementMap":{"0":{"start":{"line":1,"column":13},"end":{"line":1,"column":75}},"1":{"start":{"line":1,"column":75},"end":{"line":1,"column":105}},"2":{"start":{"line":1,"column":123},"end":{"line":1,"column":145}},"3":{"start":{"line":1,"column":165},"end":{"line":1,"column":200}},"4":{"start":{"line":1,"column":239},"end":{"line":1,"column":293}},"5":{"start":{"line":3,"column":18},"end":{"line":19,"column":1}}},"fnMap":{"0":{"name":"_interopRequireDefault","decl":{"start":{"line":1,"column":210},"end":{"line":1,"column":232}},"loc":{"start":{"line":1,"column":238},"end":{"line":1,"column":294}},"line":1}},"branchMap":{"0":{"loc":{"start":{"line":1,"column":246},"end":{"line":1,"column":292}},"type":"cond-expr","locations":[{"start":{"line":1,"column":270},"end":{"line":1,"column":273}},{"start":{"line":1,"column":276},"end":{"line":1,"column":292}}],"line":1},"1":{"loc":{"start":{"line":1,"column":246},"end":{"line":1,"column":267}},"type":"binary-expr","locations":[{"start":{"line":1,"column":246},"end":{"line":1,"column":249}},{"start":{"line":1,"column":253},"end":{"line":1,"column":267}}],"line":1}},"s":{"0":0,"1":0,"2":0,"3":0,"4":0,"5":0},"f":{"0":0},"b":{"0":[0,0],"1":[0,0]}}
,"/home/vibe/dbwebb-kurser/ramverk2/me/app/frontend/src/graphql/user.js": {"path":"/home/vibe/dbwebb-kurser/ramverk2/me/app/frontend/src/graphql/user.js","statementMap":{"0":{"start":{"line":1,"column":13},"end":{"line":1,"column":75}},"1":{"start":{"line":1,"column":75},"end":{"line":1,"column":105}},"2":{"start":{"line":1,"column":123},"end":{"line":1,"column":145}},"3":{"start":{"line":1,"column":165},"end":{"line":1,"column":200}},"4":{"start":{"line":1,"column":239},"end":{"line":1,"column":293}},"5":{"start":{"line":3,"column":18},"end":{"line":12,"column":1}}},"fnMap":{"0":{"name":"_interopRequireDefault","decl":{"start":{"line":1,"column":210},"end":{"line":1,"column":232}},"loc":{"start":{"line":1,"column":238},"end":{"line":1,"column":294}},"line":1}},"branchMap":{"0":{"loc":{"start":{"line":1,"column":246},"end":{"line":1,"column":292}},"type":"cond-expr","locations":[{"start":{"line":1,"column":270},"end":{"line":1,"column":273}},{"start":{"line":1,"column":276},"end":{"line":1,"column":292}}],"line":1},"1":{"loc":{"start":{"line":1,"column":246},"end":{"line":1,"column":267}},"type":"binary-expr","locations":[{"start":{"line":1,"column":246},"end":{"line":1,"column":249}},{"start":{"line":1,"column":253},"end":{"line":1,"column":267}}],"line":1}},"s":{"0":0,"1":0,"2":0,"3":0,"4":0,"5":0},"f":{"0":0},"b":{"0":[0,0],"1":[0,0]}}
,"/home/vibe/dbwebb-kurser/ramverk2/me/app/frontend/src/routes/About.js": {"path":"/home/vibe/dbwebb-kurser/ramverk2/me/app/frontend/src/routes/About.js","statementMap":{"0":{"start":{"line":1,"column":13},"end":{"line":1,"column":75}},"1":{"start":{"line":1,"column":94},"end":{"line":1,"column":165}},"2":{"start":{"line":1,"column":179},"end":{"line":1,"column":195}},"3":{"start":{"line":1,"column":210},"end":{"line":1,"column":240}},"4":{"start":{"line":2,"column":23},"end":{"line":2,"column":51}},"5":{"start":{"line":3,"column":24},"end":{"line":3,"column":52}},"6":{"start":{"line":3,"column":78},"end":{"line":3,"column":119}},"7":{"start":{"line":3,"column":158},"end":{"line":3,"column":212}},"8":{"start":{"line":5,"column":13},"end":{"line":5,"column":45}},"9":{"start":{"line":7,"column":14},"end":{"line":34,"column":169}},"10":{"start":{"line":8,"column":0},"end":{"line":34,"column":169}},"11":{"start":{"line":34,"column":170},"end":{"line":40,"column":6}}},"fnMap":{"0":{"name":"_interopRequireDefault","decl":{"start":{"line":3,"column":129},"end":{"line":3,"column":151}},"loc":{"start":{"line":3,"column":157},"end":{"line":3,"column":213}},"line":3},"1":{"name":"(anonymous_1)","decl":{"start":{"line":7,"column":14},"end":{"line":7,"column":15}},"loc":{"start":{"line":8,"column":0},"end":{"line":34,"column":169}},"line":8}},"branchMap":{"0":{"loc":{"start":{"line":3,"column":165},"end":{"line":3,"column":211}},"type":"cond-expr","locations":[{"start":{"line":3,"column":189},"end":{"line":3,"column":192}},{"start":{"line":3,"column":195},"end":{"line":3,"column":211}}],"line":3},"1":{"loc":{"start":{"line":3,"column":165},"end":{"line":3,"column":186}},"type":"binary-expr","locations":[{"start":{"line":3,"column":165},"end":{"line":3,"column":168}},{"start":{"line":3,"column":172},"end":{"line":3,"column":186}}],"line":3}},"s":{"0":0,"1":0,"2":0,"3":0,"4":0,"5":0,"6":0,"7":0,"8":0,"9":0,"10":0,"11":0},"f":{"0":0,"1":0},"b":{"0":[0,0],"1":[0,0]}}
,"/home/vibe/dbwebb-kurser/ramverk2/me/app/frontend/src/routes/Home.js": {"path":"/home/vibe/dbwebb-kurser/ramverk2/me/app/frontend/src/routes/Home.js","statementMap":{"0":{"start":{"line":1,"column":13},"end":{"line":1,"column":75}},"1":{"start":{"line":1,"column":94},"end":{"line":1,"column":164}},"2":{"start":{"line":1,"column":178},"end":{"line":1,"column":194}},"3":{"start":{"line":1,"column":209},"end":{"line":1,"column":239}},"4":{"start":{"line":2,"column":22},"end":{"line":2,"column":49}},"5":{"start":{"line":3,"column":23},"end":{"line":3,"column":51}},"6":{"start":{"line":4,"column":24},"end":{"line":4,"column":52}},"7":{"start":{"line":4,"column":78},"end":{"line":4,"column":119}},"8":{"start":{"line":4,"column":158},"end":{"line":4,"column":212}},"9":{"start":{"line":6,"column":13},"end":{"line":6,"column":45}},"10":{"start":{"line":8,"column":13},"end":{"line":45,"column":197}},"11":{"start":{"line":9,"column":0},"end":{"line":45,"column":197}},"12":{"start":{"line":45,"column":198},"end":{"line":54,"column":5}}},"fnMap":{"0":{"name":"_interopRequireDefault","decl":{"start":{"line":4,"column":129},"end":{"line":4,"column":151}},"loc":{"start":{"line":4,"column":157},"end":{"line":4,"column":213}},"line":4},"1":{"name":"(anonymous_1)","decl":{"start":{"line":8,"column":13},"end":{"line":8,"column":14}},"loc":{"start":{"line":9,"column":0},"end":{"line":45,"column":197}},"line":9}},"branchMap":{"0":{"loc":{"start":{"line":4,"column":165},"end":{"line":4,"column":211}},"type":"cond-expr","locations":[{"start":{"line":4,"column":189},"end":{"line":4,"column":192}},{"start":{"line":4,"column":195},"end":{"line":4,"column":211}}],"line":4},"1":{"loc":{"start":{"line":4,"column":165},"end":{"line":4,"column":186}},"type":"binary-expr","locations":[{"start":{"line":4,"column":165},"end":{"line":4,"column":168}},{"start":{"line":4,"column":172},"end":{"line":4,"column":186}}],"line":4}},"s":{"0":0,"1":0,"2":0,"3":0,"4":0,"5":0,"6":0,"7":0,"8":0,"9":0,"10":0,"11":0,"12":0},"f":{"0":0,"1":0},"b":{"0":[0,0],"1":[0,0]}}
,"/home/vibe/dbwebb-kurser/ramverk2/me/app/frontend/src/routes/Login.js": {"path":"/home/vibe/dbwebb-kurser/ramverk2/me/app/frontend/src/routes/Login.js","statementMap":{"0":{"start":{"line":1,"column":13},"end":{"line":1,"column":75}},"1":{"start":{"line":1,"column":94},"end":{"line":1,"column":165}},"2":{"start":{"line":1,"column":179},"end":{"line":1,"column":195}},"3":{"start":{"line":1,"column":210},"end":{"line":1,"column":240}},"4":{"start":{"line":2,"column":22},"end":{"line":2,"column":49}},"5":{"start":{"line":3,"column":12},"end":{"line":3,"column":27}},"6":{"start":{"line":4,"column":17},"end":{"line":4,"column":38}},"7":{"start":{"line":5,"column":23},"end":{"line":5,"column":51}},"8":{"start":{"line":6,"column":19},"end":{"line":6,"column":42}},"9":{"start":{"line":7,"column":18},"end":{"line":7,"column":40}},"10":{"start":{"line":7,"column":60},"end":{"line":7,"column":95}},"11":{"start":{"line":7,"column":134},"end":{"line":7,"column":188}},"12":{"start":{"line":11,"column":4},"end":{"line":11,"column":17}},"13":{"start":{"line":11,"column":17},"end":{"line":37,"column":6}},"14":{"start":{"line":21,"column":6},"end":{"line":21,"column":25}},"15":{"start":{"line":22,"column":34},"end":{"line":22,"column":38}},"16":{"start":{"line":23,"column":23},"end":{"line":24,"column":41}},"17":{"start":{"line":27,"column":6},"end":{"line":27,"column":28}},"18":{"start":{"line":29,"column":33},"end":{"line":29,"column":52}},"19":{"start":{"line":30,"column":6},"end":{"line":36,"column":7}},"20":{"start":{"line":31,"column":8},"end":{"line":31,"column":45}},"21":{"start":{"line":32,"column":8},"end":{"line":32,"column":49}},"22":{"start":{"line":34,"column":8},"end":{"line":34,"column":29}},"23":{"start":{"line":35,"column":8},"end":{"line":35,"column":42}},"24":{"start":{"line":37,"column":6},"end":{"line":42,"column":6}},"25":{"start":{"line":40,"column":30},"end":{"line":40,"column":38}},"26":{"start":{"line":41,"column":6},"end":{"line":41,"column":25}},"27":{"start":{"line":42,"column":6},"end":{"line":42,"column":82}},"28":{"start":{"line":45,"column":41},"end":{"line":45,"column":45}},"29":{"start":{"line":47,"column":4},"end":{"line":105,"column":197}},"30":{"start":{"line":116,"column":17},"end":{"line":123,"column":1}},"31":{"start":{"line":123,"column":2},"end":{"line":124,"column":69}}},"fnMap":{"0":{"name":"_interopRequireDefault","decl":{"start":{"line":7,"column":105},"end":{"line":7,"column":127}},"loc":{"start":{"line":7,"column":133},"end":{"line":7,"column":189}},"line":7},"1":{"name":"(anonymous_1)","decl":{"start":{"line":10,"column":2},"end":{"line":10,"column":3}},"loc":{"start":{"line":10,"column":21},"end":{"line":42,"column":83}},"line":10},"2":{"name":"(anonymous_2)","decl":{"start":{"line":20,"column":15},"end":{"line":20,"column":16}},"loc":{"start":{"line":20,"column":26},"end":{"line":37,"column":5}},"line":20},"3":{"name":"(anonymous_3)","decl":{"start":{"line":39,"column":15},"end":{"line":39,"column":16}},"loc":{"start":{"line":39,"column":20},"end":{"line":42,"column":5}},"line":39},"4":{"name":"(anonymous_4)","decl":{"start":{"line":44,"column":2},"end":{"line":44,"column":3}},"loc":{"start":{"line":44,"column":11},"end":{"line":113,"column":3}},"line":44}},"branchMap":{"0":{"loc":{"start":{"line":7,"column":141},"end":{"line":7,"column":187}},"type":"cond-expr","locations":[{"start":{"line":7,"column":165},"end":{"line":7,"column":168}},{"start":{"line":7,"column":171},"end":{"line":7,"column":187}}],"line":7},"1":{"loc":{"start":{"line":7,"column":141},"end":{"line":7,"column":162}},"type":"binary-expr","locations":[{"start":{"line":7,"column":141},"end":{"line":7,"column":144}},{"start":{"line":7,"column":148},"end":{"line":7,"column":162}}],"line":7},"2":{"loc":{"start":{"line":30,"column":6},"end":{"line":36,"column":7}},"type":"if","locations":[{"start":{"line":30,"column":6},"end":{"line":36,"column":7}},{"start":{"line":30,"column":6},"end":{"line":36,"column":7}}],"line":30},"3":{"loc":{"start":{"line":100,"column":12},"end":{"line":102,"column":16}},"type":"cond-expr","locations":[{"start":{"line":101,"column":12},"end":{"line":101,"column":207}},{"start":{"line":102,"column":12},"end":{"line":102,"column":16}}],"line":100}},"s":{"0":0,"1":0,"2":0,"3":0,"4":0,"5":0,"6":0,"7":0,"8":0,"9":0,"10":0,"11":0,"12":0,"13":0,"14":0,"15":0,"16":0,"17":0,"18":0,"19":0,"20":0,"21":0,"22":0,"23":0,"24":0,"25":0,"26":0,"27":0,"28":0,"29":0,"30":0,"31":0},"f":{"0":0,"1":0,"2":0,"3":0,"4":0},"b":{"0":[0,0],"1":[0,0],"2":[0,0],"3":[0,0]}}
,"/home/vibe/dbwebb-kurser/ramverk2/me/app/frontend/src/routes/Logout.js": {"path":"/home/vibe/dbwebb-kurser/ramverk2/me/app/frontend/src/routes/Logout.js","statementMap":{"0":{"start":{"line":1,"column":13},"end":{"line":1,"column":75}},"1":{"start":{"line":1,"column":94},"end":{"line":1,"column":166}},"2":{"start":{"line":1,"column":180},"end":{"line":1,"column":196}},"3":{"start":{"line":1,"column":211},"end":{"line":1,"column":241}},"4":{"start":{"line":2,"column":19},"end":{"line":2,"column":42}},"5":{"start":{"line":3,"column":12},"end":{"line":3,"column":36}},"6":{"start":{"line":3,"column":75},"end":{"line":3,"column":129}},"7":{"start":{"line":7,"column":4},"end":{"line":7,"column":29}},"8":{"start":{"line":8,"column":4},"end":{"line":8,"column":35}},"9":{"start":{"line":9,"column":4},"end":{"line":9,"column":38}},"10":{"start":{"line":13,"column":4},"end":{"line":13,"column":164}},"11":{"start":{"line":14,"column":4},"end":{"line":17,"column":37}}},"fnMap":{"0":{"name":"_interopRequireDefault","decl":{"start":{"line":3,"column":46},"end":{"line":3,"column":68}},"loc":{"start":{"line":3,"column":74},"end":{"line":3,"column":130}},"line":3},"1":{"name":"(anonymous_1)","decl":{"start":{"line":6,"column":2},"end":{"line":6,"column":3}},"loc":{"start":{"line":6,"column":22},"end":{"line":10,"column":3}},"line":6},"2":{"name":"(anonymous_2)","decl":{"start":{"line":12,"column":2},"end":{"line":12,"column":3}},"loc":{"start":{"line":12,"column":11},"end":{"line":14,"column":3}},"line":12}},"branchMap":{"0":{"loc":{"start":{"line":3,"column":82},"end":{"line":3,"column":128}},"type":"cond-expr","locations":[{"start":{"line":3,"column":106},"end":{"line":3,"column":109}},{"start":{"line":3,"column":112},"end":{"line":3,"column":128}}],"line":3},"1":{"loc":{"start":{"line":3,"column":82},"end":{"line":3,"column":103}},"type":"binary-expr","locations":[{"start":{"line":3,"column":82},"end":{"line":3,"column":85}},{"start":{"line":3,"column":89},"end":{"line":3,"column":103}}],"line":3}},"s":{"0":0,"1":0,"2":0,"3":0,"4":0,"5":0,"6":0,"7":0,"8":0,"9":0,"10":0,"11":0},"f":{"0":0,"1":0,"2":0},"b":{"0":[0,0],"1":[0,0]}}
,"/home/vibe/dbwebb-kurser/ramverk2/me/app/frontend/src/routes/PublicLayout.js": {"path":"/home/vibe/dbwebb-kurser/ramverk2/me/app/frontend/src/routes/PublicLayout.js","statementMap":{"0":{"start":{"line":1,"column":13},"end":{"line":1,"column":75}},"1":{"start":{"line":1,"column":94},"end":{"line":1,"column":172}},"2":{"start":{"line":1,"column":186},"end":{"line":1,"column":202}},"3":{"start":{"line":1,"column":217},"end":{"line":1,"column":247}},"4":{"start":{"line":2,"column":24},"end":{"line":2,"column":52}},"5":{"start":{"line":2,"column":78},"end":{"line":2,"column":119}},"6":{"start":{"line":4,"column":20},"end":{"line":4,"column":57}},"7":{"start":{"line":4,"column":79},"end":{"line":4,"column":116}},"8":{"start":{"line":4,"column":155},"end":{"line":4,"column":209}},"9":{"start":{"line":6,"column":13},"end":{"line":6,"column":45}},"10":{"start":{"line":8,"column":18},"end":{"line":12,"column":1}},"11":{"start":{"line":14,"column":21},"end":{"line":18,"column":14}},"12":{"start":{"line":15,"column":0},"end":{"line":18,"column":14}},"13":{"start":{"line":18,"column":15},"end":{"line":23,"column":13}}},"fnMap":{"0":{"name":"_interopRequireDefault","decl":{"start":{"line":4,"column":126},"end":{"line":4,"column":148}},"loc":{"start":{"line":4,"column":154},"end":{"line":4,"column":210}},"line":4},"1":{"name":"(anonymous_1)","decl":{"start":{"line":14,"column":21},"end":{"line":14,"column":22}},"loc":{"start":{"line":15,"column":0},"end":{"line":18,"column":14}},"line":15}},"branchMap":{"0":{"loc":{"start":{"line":4,"column":162},"end":{"line":4,"column":208}},"type":"cond-expr","locations":[{"start":{"line":4,"column":186},"end":{"line":4,"column":189}},{"start":{"line":4,"column":192},"end":{"line":4,"column":208}}],"line":4},"1":{"loc":{"start":{"line":4,"column":162},"end":{"line":4,"column":183}},"type":"binary-expr","locations":[{"start":{"line":4,"column":162},"end":{"line":4,"column":165}},{"start":{"line":4,"column":169},"end":{"line":4,"column":183}}],"line":4}},"s":{"0":0,"1":0,"2":0,"3":0,"4":0,"5":0,"6":0,"7":0,"8":0,"9":0,"10":0,"11":0,"12":0,"13":0},"f":{"0":0,"1":0},"b":{"0":[0,0],"1":[0,0]}}
,"/home/vibe/dbwebb-kurser/ramverk2/me/app/frontend/src/routes/Signup.js": {"path":"/home/vibe/dbwebb-kurser/ramverk2/me/app/frontend/src/routes/Signup.js","statementMap":{"0":{"start":{"line":1,"column":13},"end":{"line":1,"column":75}},"1":{"start":{"line":1,"column":94},"end":{"line":1,"column":166}},"2":{"start":{"line":1,"column":180},"end":{"line":1,"column":196}},"3":{"start":{"line":1,"column":211},"end":{"line":1,"column":241}},"4":{"start":{"line":2,"column":22},"end":{"line":2,"column":49}},"5":{"start":{"line":3,"column":12},"end":{"line":3,"column":27}},"6":{"start":{"line":4,"column":17},"end":{"line":4,"column":38}},"7":{"start":{"line":5,"column":23},"end":{"line":5,"column":51}},"8":{"start":{"line":6,"column":19},"end":{"line":6,"column":42}},"9":{"start":{"line":7,"column":18},"end":{"line":7,"column":40}},"10":{"start":{"line":7,"column":60},"end":{"line":7,"column":95}},"11":{"start":{"line":7,"column":134},"end":{"line":7,"column":188}},"12":{"start":{"line":11,"column":4},"end":{"line":11,"column":17}},"13":{"start":{"line":11,"column":17},"end":{"line":37,"column":6}},"14":{"start":{"line":22,"column":6},"end":{"line":22,"column":25}},"15":{"start":{"line":23,"column":44},"end":{"line":23,"column":48}},"16":{"start":{"line":24,"column":23},"end":{"line":25,"column":51}},"17":{"start":{"line":28,"column":6},"end":{"line":28,"column":28}},"18":{"start":{"line":30,"column":26},"end":{"line":30,"column":46}},"19":{"start":{"line":31,"column":6},"end":{"line":36,"column":7}},"20":{"start":{"line":32,"column":8},"end":{"line":32,"column":42}},"21":{"start":{"line":34,"column":8},"end":{"line":34,"column":29}},"22":{"start":{"line":35,"column":8},"end":{"line":35,"column":44}},"23":{"start":{"line":37,"column":6},"end":{"line":42,"column":6}},"24":{"start":{"line":40,"column":30},"end":{"line":40,"column":38}},"25":{"start":{"line":41,"column":6},"end":{"line":41,"column":25}},"26":{"start":{"line":42,"column":6},"end":{"line":42,"column":96}},"27":{"start":{"line":47,"column":4},"end":{"line":47,"column":8}},"28":{"start":{"line":49,"column":4},"end":{"line":115,"column":195}},"29":{"start":{"line":126,"column":17},"end":{"line":132,"column":1}},"30":{"start":{"line":132,"column":2},"end":{"line":134,"column":72}}},"fnMap":{"0":{"name":"_interopRequireDefault","decl":{"start":{"line":7,"column":105},"end":{"line":7,"column":127}},"loc":{"start":{"line":7,"column":133},"end":{"line":7,"column":189}},"line":7},"1":{"name":"(anonymous_1)","decl":{"start":{"line":10,"column":2},"end":{"line":10,"column":3}},"loc":{"start":{"line":10,"column":21},"end":{"line":42,"column":97}},"line":10},"2":{"name":"(anonymous_2)","decl":{"start":{"line":21,"column":15},"end":{"line":21,"column":16}},"loc":{"start":{"line":21,"column":26},"end":{"line":37,"column":5}},"line":21},"3":{"name":"(anonymous_3)","decl":{"start":{"line":39,"column":15},"end":{"line":39,"column":16}},"loc":{"start":{"line":39,"column":20},"end":{"line":42,"column":5}},"line":39},"4":{"name":"(anonymous_4)","decl":{"start":{"line":44,"column":2},"end":{"line":44,"column":3}},"loc":{"start":{"line":44,"column":11},"end":{"line":123,"column":3}},"line":44}},"branchMap":{"0":{"loc":{"start":{"line":7,"column":141},"end":{"line":7,"column":187}},"type":"cond-expr","locations":[{"start":{"line":7,"column":165},"end":{"line":7,"column":168}},{"start":{"line":7,"column":171},"end":{"line":7,"column":187}}],"line":7},"1":{"loc":{"start":{"line":7,"column":141},"end":{"line":7,"column":162}},"type":"binary-expr","locations":[{"start":{"line":7,"column":141},"end":{"line":7,"column":144}},{"start":{"line":7,"column":148},"end":{"line":7,"column":162}}],"line":7},"2":{"loc":{"start":{"line":31,"column":6},"end":{"line":36,"column":7}},"type":"if","locations":[{"start":{"line":31,"column":6},"end":{"line":36,"column":7}},{"start":{"line":31,"column":6},"end":{"line":36,"column":7}}],"line":31},"3":{"loc":{"start":{"line":110,"column":12},"end":{"line":112,"column":16}},"type":"cond-expr","locations":[{"start":{"line":111,"column":12},"end":{"line":111,"column":207}},{"start":{"line":112,"column":12},"end":{"line":112,"column":16}}],"line":110}},"s":{"0":0,"1":0,"2":0,"3":0,"4":0,"5":0,"6":0,"7":0,"8":0,"9":0,"10":0,"11":0,"12":0,"13":0,"14":0,"15":0,"16":0,"17":0,"18":0,"19":0,"20":0,"21":0,"22":0,"23":0,"24":0,"25":0,"26":0,"27":0,"28":0,"29":0,"30":0},"f":{"0":0,"1":0,"2":0,"3":0,"4":0},"b":{"0":[0,0],"1":[0,0],"2":[0,0],"3":[0,0]}}
,"/home/vibe/dbwebb-kurser/ramverk2/me/app/frontend/src/routes/View.js": {"path":"/home/vibe/dbwebb-kurser/ramverk2/me/app/frontend/src/routes/View.js","statementMap":{"0":{"start":{"line":1,"column":13},"end":{"line":1,"column":75}},"1":{"start":{"line":1,"column":94},"end":{"line":1,"column":164}},"2":{"start":{"line":1,"column":178},"end":{"line":1,"column":194}},"3":{"start":{"line":1,"column":209},"end":{"line":1,"column":239}},"4":{"start":{"line":2,"column":23},"end":{"line":2,"column":51}},"5":{"start":{"line":4,"column":19},"end":{"line":4,"column":42}},"6":{"start":{"line":5,"column":18},"end":{"line":5,"column":40}},"7":{"start":{"line":5,"column":60},"end":{"line":5,"column":95}},"8":{"start":{"line":6,"column":17},"end":{"line":6,"column":44}},"9":{"start":{"line":6,"column":63},"end":{"line":6,"column":97}},"10":{"start":{"line":8,"column":17},"end":{"line":8,"column":51}},"11":{"start":{"line":8,"column":70},"end":{"line":8,"column":104}},"12":{"start":{"line":9,"column":15},"end":{"line":9,"column":47}},"13":{"start":{"line":9,"column":64},"end":{"line":9,"column":96}},"14":{"start":{"line":10,"column":23},"end":{"line":10,"column":63}},"15":{"start":{"line":10,"column":88},"end":{"line":10,"column":128}},"16":{"start":{"line":11,"column":25},"end":{"line":11,"column":67}},"17":{"start":{"line":11,"column":94},"end":{"line":11,"column":136}},"18":{"start":{"line":12,"column":19},"end":{"line":12,"column":55}},"19":{"start":{"line":12,"column":76},"end":{"line":12,"column":112}},"20":{"start":{"line":14,"column":12},"end":{"line":14,"column":38}},"21":{"start":{"line":15,"column":13},"end":{"line":15,"column":40}},"22":{"start":{"line":15,"column":79},"end":{"line":15,"column":133}},"23":{"start":{"line":17,"column":13},"end":{"line":48,"column":1}},"24":{"start":{"line":23,"column":2},"end":{"line":29,"column":3}},"25":{"start":{"line":24,"column":4},"end":{"line":26,"column":153}},"26":{"start":{"line":31,"column":29},"end":{"line":31,"column":40}},"27":{"start":{"line":32,"column":38},"end":{"line":32,"column":48}},"28":{"start":{"line":34,"column":17},"end":{"line":34,"column":84}},"29":{"start":{"line":35,"column":22},"end":{"line":35,"column":68}},"30":{"start":{"line":37,"column":2},"end":{"line":44,"column":131}},"31":{"start":{"line":50,"column":24},"end":{"line":63,"column":1}},"32":{"start":{"line":63,"column":2},"end":{"line":76,"column":6}},"33":{"start":{"line":70,"column":21},"end":{"line":72,"column":43}}},"fnMap":{"0":{"name":"_interopRequireDefault","decl":{"start":{"line":15,"column":50},"end":{"line":15,"column":72}},"loc":{"start":{"line":15,"column":78},"end":{"line":15,"column":134}},"line":15},"1":{"name":"(anonymous_1)","decl":{"start":{"line":17,"column":13},"end":{"line":17,"column":14}},"loc":{"start":{"line":22,"column":0},"end":{"line":48,"column":1}},"line":22},"2":{"name":"(anonymous_2)","decl":{"start":{"line":70,"column":11},"end":{"line":70,"column":12}},"loc":{"start":{"line":70,"column":21},"end":{"line":72,"column":43}},"line":70}},"branchMap":{"0":{"loc":{"start":{"line":15,"column":86},"end":{"line":15,"column":132}},"type":"cond-expr","locations":[{"start":{"line":15,"column":110},"end":{"line":15,"column":113}},{"start":{"line":15,"column":116},"end":{"line":15,"column":132}}],"line":15},"1":{"loc":{"start":{"line":15,"column":86},"end":{"line":15,"column":107}},"type":"binary-expr","locations":[{"start":{"line":15,"column":86},"end":{"line":15,"column":89}},{"start":{"line":15,"column":93},"end":{"line":15,"column":107}}],"line":15},"2":{"loc":{"start":{"line":23,"column":2},"end":{"line":29,"column":3}},"type":"if","locations":[{"start":{"line":23,"column":2},"end":{"line":29,"column":3}},{"start":{"line":23,"column":2},"end":{"line":29,"column":3}}],"line":23},"3":{"loc":{"start":{"line":23,"column":6},"end":{"line":23,"column":29}},"type":"binary-expr","locations":[{"start":{"line":23,"column":6},"end":{"line":23,"column":13}},{"start":{"line":23,"column":17},"end":{"line":23,"column":29}}],"line":23},"4":{"loc":{"start":{"line":34,"column":17},"end":{"line":34,"column":84}},"type":"cond-expr","locations":[{"start":{"line":34,"column":28},"end":{"line":34,"column":80}},{"start":{"line":34,"column":83},"end":{"line":34,"column":84}}],"line":34},"5":{"loc":{"start":{"line":35,"column":22},"end":{"line":35,"column":68}},"type":"cond-expr","locations":[{"start":{"line":35,"column":38},"end":{"line":35,"column":49}},{"start":{"line":35,"column":52},"end":{"line":35,"column":68}}],"line":35},"6":{"loc":{"start":{"line":40,"column":71},"end":{"line":40,"column":103}},"type":"cond-expr","locations":[{"start":{"line":40,"column":81},"end":{"line":40,"column":89}},{"start":{"line":40,"column":92},"end":{"line":40,"column":103}}],"line":40},"7":{"loc":{"start":{"line":41,"column":73},"end":{"line":41,"column":111}},"type":"cond-expr","locations":[{"start":{"line":41,"column":83},"end":{"line":41,"column":94}},{"start":{"line":41,"column":97},"end":{"line":41,"column":111}}],"line":41},"8":{"loc":{"start":{"line":43,"column":14},"end":{"line":43,"column":46}},"type":"cond-expr","locations":[{"start":{"line":43,"column":24},"end":{"line":43,"column":32}},{"start":{"line":43,"column":35},"end":{"line":43,"column":46}}],"line":43},"9":{"loc":{"start":{"line":44,"column":14},"end":{"line":44,"column":52}},"type":"cond-expr","locations":[{"start":{"line":44,"column":24},"end":{"line":44,"column":35}},{"start":{"line":44,"column":38},"end":{"line":44,"column":52}}],"line":44}},"s":{"0":0,"1":0,"2":0,"3":0,"4":0,"5":0,"6":0,"7":0,"8":0,"9":0,"10":0,"11":0,"12":0,"13":0,"14":0,"15":0,"16":0,"17":0,"18":0,"19":0,"20":0,"21":0,"22":0,"23":0,"24":0,"25":0,"26":0,"27":0,"28":0,"29":0,"30":0,"31":0,"32":0,"33":0},"f":{"0":0,"1":0,"2":0},"b":{"0":[0,0],"1":[0,0],"2":[0,0],"3":[0,0],"4":[0,0],"5":[0,0],"6":[0,0],"7":[0,0],"8":[0,0],"9":[0,0]}}
,"/home/vibe/dbwebb-kurser/ramverk2/me/app/frontend/src/routes/index.js": {"path":"/home/vibe/dbwebb-kurser/ramverk2/me/app/frontend/src/routes/index.js","statementMap":{"0":{"start":{"line":1,"column":13},"end":{"line":1,"column":75}},"1":{"start":{"line":1,"column":94},"end":{"line":1,"column":165}},"2":{"start":{"line":1,"column":179},"end":{"line":1,"column":195}},"3":{"start":{"line":1,"column":210},"end":{"line":1,"column":240}},"4":{"start":{"line":2,"column":22},"end":{"line":2,"column":49}},"5":{"start":{"line":4,"column":12},"end":{"line":4,"column":36}},"6":{"start":{"line":6,"column":20},"end":{"line":6,"column":45}},"7":{"start":{"line":6,"column":67},"end":{"line":6,"column":104}},"8":{"start":{"line":7,"column":12},"end":{"line":7,"column":29}},"9":{"start":{"line":7,"column":43},"end":{"line":7,"column":72}},"10":{"start":{"line":8,"column":13},"end":{"line":8,"column":31}},"11":{"start":{"line":8,"column":46},"end":{"line":8,"column":76}},"12":{"start":{"line":9,"column":12},"end":{"line":9,"column":29}},"13":{"start":{"line":9,"column":43},"end":{"line":9,"column":72}},"14":{"start":{"line":10,"column":13},"end":{"line":10,"column":31}},"15":{"start":{"line":10,"column":46},"end":{"line":10,"column":76}},"16":{"start":{"line":11,"column":14},"end":{"line":11,"column":33}},"17":{"start":{"line":11,"column":49},"end":{"line":11,"column":80}},"18":{"start":{"line":12,"column":14},"end":{"line":12,"column":33}},"19":{"start":{"line":12,"column":49},"end":{"line":12,"column":80}},"20":{"start":{"line":12,"column":119},"end":{"line":12,"column":173}},"21":{"start":{"line":12,"column":233},"end":{"line":12,"column":235}},"22":{"start":{"line":12,"column":236},"end":{"line":12,"column":371}},"23":{"start":{"line":12,"column":256},"end":{"line":12,"column":291}},"24":{"start":{"line":12,"column":282},"end":{"line":12,"column":291}},"25":{"start":{"line":12,"column":291},"end":{"line":12,"column":351}},"26":{"start":{"line":12,"column":342},"end":{"line":12,"column":351}},"27":{"start":{"line":12,"column":351},"end":{"line":12,"column":370}},"28":{"start":{"line":12,"column":371},"end":{"line":12,"column":385}},"29":{"start":{"line":14,"column":21},"end":{"line":23,"column":186}},"30":{"start":{"line":14,"column":63},"end":{"line":14,"column":67}},"31":{"start":{"line":14,"column":75},"end":{"line":14,"column":120}},"32":{"start":{"line":14,"column":121},"end":{"line":23,"column":185}},"33":{"start":{"line":18,"column":6},"end":{"line":23,"column":106}},"34":{"start":{"line":23,"column":187},"end":{"line":40,"column":199}},"35":{"start":{"line":32,"column":0},"end":{"line":40,"column":198}}},"fnMap":{"0":{"name":"_interopRequireDefault","decl":{"start":{"line":12,"column":90},"end":{"line":12,"column":112}},"loc":{"start":{"line":12,"column":118},"end":{"line":12,"column":174}},"line":12},"1":{"name":"_objectWithoutProperties","decl":{"start":{"line":12,"column":183},"end":{"line":12,"column":207}},"loc":{"start":{"line":12,"column":219},"end":{"line":12,"column":386}},"line":12},"2":{"name":"(anonymous_2)","decl":{"start":{"line":14,"column":21},"end":{"line":14,"column":22}},"loc":{"start":{"line":14,"column":31},"end":{"line":23,"column":186}},"line":14},"3":{"name":"(anonymous_3)","decl":{"start":{"line":17,"column":14},"end":{"line":17,"column":15}},"loc":{"start":{"line":18,"column":6},"end":{"line":23,"column":106}},"line":18},"4":{"name":"(anonymous_4)","decl":{"start":{"line":31,"column":0},"end":{"line":31,"column":1}},"loc":{"start":{"line":32,"column":0},"end":{"line":40,"column":198}},"line":32}},"branchMap":{"0":{"loc":{"start":{"line":12,"column":126},"end":{"line":12,"column":172}},"type":"cond-expr","locations":[{"start":{"line":12,"column":150},"end":{"line":12,"column":153}},{"start":{"line":12,"column":156},"end":{"line":12,"column":172}}],"line":12},"1":{"loc":{"start":{"line":12,"column":126},"end":{"line":12,"column":147}},"type":"binary-expr","locations":[{"start":{"line":12,"column":126},"end":{"line":12,"column":129}},{"start":{"line":12,"column":133},"end":{"line":12,"column":147}}],"line":12},"2":{"loc":{"start":{"line":12,"column":256},"end":{"line":12,"column":291}},"type":"if","locations":[{"start":{"line":12,"column":256},"end":{"line":12,"column":291}},{"start":{"line":12,"column":256},"end":{"line":12,"column":291}}],"line":12},"3":{"loc":{"start":{"line":12,"column":291},"end":{"line":12,"column":351}},"type":"if","locations":[{"start":{"line":12,"column":291},"end":{"line":12,"column":351}},{"start":{"line":12,"column":291},"end":{"line":12,"column":351}}],"line":12},"4":{"loc":{"start":{"line":18,"column":6},"end":{"line":23,"column":106}},"type":"cond-expr","locations":[{"start":{"line":19,"column":6},"end":{"line":19,"column":149}},{"start":{"line":21,"column":6},"end":{"line":23,"column":106}}],"line":18}},"s":{"0":0,"1":0,"2":0,"3":0,"4":0,"5":0,"6":0,"7":0,"8":0,"9":0,"10":0,"11":0,"12":0,"13":0,"14":0,"15":0,"16":0,"17":0,"18":0,"19":0,"20":0,"21":0,"22":0,"23":0,"24":0,"25":0,"26":0,"27":0,"28":0,"29":0,"30":0,"31":0,"32":0,"33":0,"34":0,"35":0},"f":{"0":0,"1":0,"2":0,"3":0,"4":0},"b":{"0":[0,0],"1":[0,0],"2":[0,0],"3":[0,0],"4":[0,0]}}
,"/home/vibe/dbwebb-kurser/ramverk2/me/app/frontend/src/utils/auth.js": {"path":"/home/vibe/dbwebb-kurser/ramverk2/me/app/frontend/src/utils/auth.js","statementMap":{"0":{"start":{"line":1,"column":13},"end":{"line":1,"column":75}},"1":{"start":{"line":1,"column":75},"end":{"line":1,"column":151}},"2":{"start":{"line":1,"column":168},"end":{"line":1,"column":189}},"3":{"start":{"line":1,"column":208},"end":{"line":1,"column":242}},"4":{"start":{"line":1,"column":281},"end":{"line":1,"column":335}},"5":{"start":{"line":3,"column":24},"end":{"line":15,"column":1}},"6":{"start":{"line":4,"column":16},"end":{"line":4,"column":45}},"7":{"start":{"line":5,"column":2},"end":{"line":12,"column":3}},"8":{"start":{"line":6,"column":23},"end":{"line":6,"column":54}},"9":{"start":{"line":7,"column":4},"end":{"line":9,"column":5}},"10":{"start":{"line":8,"column":6},"end":{"line":8,"column":44}},"11":{"start":{"line":11,"column":4},"end":{"line":11,"column":17}},"12":{"start":{"line":14,"column":2},"end":{"line":14,"column":14}},"13":{"start":{"line":17,"column":20},"end":{"line":19,"column":1}},"14":{"start":{"line":18,"column":2},"end":{"line":18,"column":35}},"15":{"start":{"line":21,"column":16},"end":{"line":29,"column":1}},"16":{"start":{"line":22,"column":16},"end":{"line":22,"column":45}},"17":{"start":{"line":23,"column":2},"end":{"line":28,"column":3}},"18":{"start":{"line":24,"column":21},"end":{"line":24,"column":52}},"19":{"start":{"line":25,"column":4},"end":{"line":25,"column":16}},"20":{"start":{"line":27,"column":4},"end":{"line":27,"column":16}}},"fnMap":{"0":{"name":"_interopRequireDefault","decl":{"start":{"line":1,"column":252},"end":{"line":1,"column":274}},"loc":{"start":{"line":1,"column":280},"end":{"line":1,"column":336}},"line":1},"1":{"name":"(anonymous_1)","decl":{"start":{"line":3,"column":50},"end":{"line":3,"column":51}},"loc":{"start":{"line":3,"column":56},"end":{"line":15,"column":1}},"line":3},"2":{"name":"(anonymous_2)","decl":{"start":{"line":17,"column":42},"end":{"line":17,"column":43}},"loc":{"start":{"line":17,"column":48},"end":{"line":19,"column":1}},"line":17},"3":{"name":"(anonymous_3)","decl":{"start":{"line":21,"column":34},"end":{"line":21,"column":35}},"loc":{"start":{"line":21,"column":40},"end":{"line":29,"column":1}},"line":21}},"branchMap":{"0":{"loc":{"start":{"line":1,"column":288},"end":{"line":1,"column":334}},"type":"cond-expr","locations":[{"start":{"line":1,"column":312},"end":{"line":1,"column":315}},{"start":{"line":1,"column":318},"end":{"line":1,"column":334}}],"line":1},"1":{"loc":{"start":{"line":1,"column":288},"end":{"line":1,"column":309}},"type":"binary-expr","locations":[{"start":{"line":1,"column":288},"end":{"line":1,"column":291}},{"start":{"line":1,"column":295},"end":{"line":1,"column":309}}],"line":1},"2":{"loc":{"start":{"line":7,"column":4},"end":{"line":9,"column":5}},"type":"if","locations":[{"start":{"line":7,"column":4},"end":{"line":9,"column":5}},{"start":{"line":7,"column":4},"end":{"line":9,"column":5}}],"line":7}},"s":{"0":0,"1":0,"2":0,"3":0,"4":0,"5":0,"6":0,"7":0,"8":0,"9":0,"10":0,"11":0,"12":0,"13":0,"14":0,"15":0,"16":0,"17":0,"18":0,"19":0,"20":0},"f":{"0":0,"1":0,"2":0,"3":0},"b":{"0":[0,0],"1":[0,0],"2":[0,0]}}
,"/home/vibe/dbwebb-kurser/ramverk2/me/app/frontend/src/utils/avatars.js": {"path":"/home/vibe/dbwebb-kurser/ramverk2/me/app/frontend/src/utils/avatars.js","statementMap":{"0":{"start":{"line":1,"column":13},"end":{"line":1,"column":75}},"1":{"start":{"line":1,"column":91},"end":{"line":32,"column":86}}},"fnMap":{},"branchMap":{},"s":{"0":0,"1":0},"f":{},"b":{}}
,"/home/vibe/dbwebb-kurser/ramverk2/me/app/frontend/src/utils/constants.js": {"path":"/home/vibe/dbwebb-kurser/ramverk2/me/app/frontend/src/utils/constants.js","statementMap":{"0":{"start":{"line":1,"column":13},"end":{"line":1,"column":75}},"1":{"start":{"line":1,"column":75},"end":{"line":3,"column":38}}},"fnMap":{},"branchMap":{"0":{"loc":{"start":{"line":3,"column":13},"end":{"line":3,"column":35}},"type":"binary-expr","locations":[{"start":{"line":3,"column":13},"end":{"line":3,"column":15}},{"start":{"line":3,"column":19},"end":{"line":3,"column":35}}],"line":3}},"s":{"0":0,"1":0},"f":{},"b":{"0":[0,0]}}
}
