{"/home/vibe/dbwebb-kurser/ramverk2/me/app/frontend/src/apollo.js": {"path":"/home/vibe/dbwebb-kurser/ramverk2/me/app/frontend/src/apollo.js","statementMap":{"0":{"start":{"line":1,"column":13},"end":{"line":1,"column":75}},"1":{"start":{"line":1,"column":95},"end":{"line":1,"column":119}},"2":{"start":{"line":2,"column":22},"end":{"line":2,"column":49}},"3":{"start":{"line":3,"column":27},"end":{"line":3,"column":59}},"4":{"start":{"line":4,"column":25},"end":{"line":4,"column":55}},"5":{"start":{"line":5,"column":18},"end":{"line":5,"column":40}},"6":{"start":{"line":6,"column":20},"end":{"line":6,"column":45}},"7":{"start":{"line":7,"column":23},"end":{"line":7,"column":50}},"8":{"start":{"line":9,"column":17},"end":{"line":9,"column":45}},"9":{"start":{"line":9,"column":64},"end":{"line":9,"column":98}},"10":{"start":{"line":9,"column":137},"end":{"line":9,"column":191}},"11":{"start":{"line":11,"column":17},"end":{"line":12,"column":59}},"12":{"start":{"line":15,"column":23},"end":{"line":17,"column":50}},"13":{"start":{"line":15,"column":65},"end":{"line":17,"column":48}},"14":{"start":{"line":21,"column":22},"end":{"line":33,"column":3}},"15":{"start":{"line":22,"column":0},"end":{"line":33,"column":2}},"16":{"start":{"line":23,"column":36},"end":{"line":23,"column":58}},"17":{"start":{"line":24,"column":2},"end":{"line":30,"column":3}},"18":{"start":{"line":25,"column":18},"end":{"line":25,"column":40}},"19":{"start":{"line":27,"column":4},"end":{"line":29,"column":5}},"20":{"start":{"line":28,"column":6},"end":{"line":28,"column":43}},"21":{"start":{"line":32,"column":2},"end":{"line":32,"column":18}},"22":{"start":{"line":35,"column":27},"end":{"line":35,"column":80}},"23":{"start":{"line":37,"column":15},"end":{"line":42,"column":49}},"24":{"start":{"line":47,"column":13},"end":{"line":53,"column":19}},"25":{"start":{"line":49,"column":30},"end":{"line":49,"column":76}},"26":{"start":{"line":50,"column":2},"end":{"line":50,"column":72}},"27":{"start":{"line":53,"column":20},"end":{"line":58,"column":53}}},"fnMap":{"0":{"name":"_interopRequireDefault","decl":{"start":{"line":9,"column":108},"end":{"line":9,"column":130}},"loc":{"start":{"line":9,"column":136},"end":{"line":9,"column":192}},"line":9},"1":{"name":"(anonymous_1)","decl":{"start":{"line":15,"column":58},"end":{"line":15,"column":59}},"loc":{"start":{"line":15,"column":65},"end":{"line":17,"column":48}},"line":15},"2":{"name":"(anonymous_2)","decl":{"start":{"line":21,"column":49},"end":{"line":21,"column":50}},"loc":{"start":{"line":22,"column":0},"end":{"line":33,"column":2}},"line":22},"3":{"name":"(anonymous_3)","decl":{"start":{"line":22,"column":23},"end":{"line":22,"column":24}},"loc":{"start":{"line":22,"column":35},"end":{"line":33,"column":1}},"line":22},"4":{"name":"(anonymous_4)","decl":{"start":{"line":48,"column":0},"end":{"line":48,"column":1}},"loc":{"start":{"line":48,"column":15},"end":{"line":51,"column":1}},"line":48}},"branchMap":{"0":{"loc":{"start":{"line":9,"column":144},"end":{"line":9,"column":190}},"type":"cond-expr","locations":[{"start":{"line":9,"column":168},"end":{"line":9,"column":171}},{"start":{"line":9,"column":174},"end":{"line":9,"column":190}}],"line":9},"1":{"loc":{"start":{"line":9,"column":144},"end":{"line":9,"column":165}},"type":"binary-expr","locations":[{"start":{"line":9,"column":144},"end":{"line":9,"column":147}},{"start":{"line":9,"column":151},"end":{"line":9,"column":165}}],"line":9},"2":{"loc":{"start":{"line":24,"column":2},"end":{"line":30,"column":3}},"type":"if","locations":[{"start":{"line":24,"column":2},"end":{"line":30,"column":3}},{"start":{"line":24,"column":2},"end":{"line":30,"column":3}}],"line":24},"3":{"loc":{"start":{"line":27,"column":4},"end":{"line":29,"column":5}},"type":"if","locations":[{"start":{"line":27,"column":4},"end":{"line":29,"column":5}},{"start":{"line":27,"column":4},"end":{"line":29,"column":5}}],"line":27},"4":{"loc":{"start":{"line":50,"column":9},"end":{"line":50,"column":71}},"type":"binary-expr","locations":[{"start":{"line":50,"column":9},"end":{"line":50,"column":39}},{"start":{"line":50,"column":43},"end":{"line":50,"column":71}}],"line":50}},"s":{"0":0,"1":0,"2":0,"3":0,"4":0,"5":0,"6":0,"7":0,"8":0,"9":0,"10":0,"11":0,"12":0,"13":0,"14":0,"15":0,"16":0,"17":0,"18":0,"19":0,"20":0,"21":0,"22":0,"23":0,"24":0,"25":0,"26":0,"27":0},"f":{"0":0,"1":0,"2":0,"3":0,"4":0},"b":{"0":[0,0],"1":[0,0],"2":[0,0],"3":[0,0],"4":[0,0]}}
,"/home/vibe/dbwebb-kurser/ramverk2/me/app/frontend/src/index.js": {"path":"/home/vibe/dbwebb-kurser/ramverk2/me/app/frontend/src/index.js","statementMap":{"0":{"start":{"line":1,"column":32},"end":{"line":1,"column":96}},"1":{"start":{"line":1,"column":97},"end":{"line":1,"column":141}},"2":{"start":{"line":3,"column":13},"end":{"line":3,"column":29}},"3":{"start":{"line":3,"column":44},"end":{"line":3,"column":74}},"4":{"start":{"line":4,"column":16},"end":{"line":4,"column":36}},"5":{"start":{"line":4,"column":54},"end":{"line":4,"column":87}},"6":{"start":{"line":5,"column":19},"end":{"line":5,"column":42}},"7":{"start":{"line":7,"column":29},"end":{"line":7,"column":63}},"8":{"start":{"line":7,"column":94},"end":{"line":7,"column":140}},"9":{"start":{"line":9,"column":14},"end":{"line":9,"column":33}},"10":{"start":{"line":9,"column":49},"end":{"line":9,"column":80}},"11":{"start":{"line":10,"column":14},"end":{"line":10,"column":33}},"12":{"start":{"line":10,"column":49},"end":{"line":10,"column":80}},"13":{"start":{"line":10,"column":119},"end":{"line":10,"column":173}},"14":{"start":{"line":12,"column":12},"end":{"line":14,"column":127}},"15":{"start":{"line":13,"column":0},"end":{"line":14,"column":127}},"16":{"start":{"line":18,"column":0},"end":{"line":18,"column":172}},"17":{"start":{"line":19,"column":0},"end":{"line":19,"column":39}}},"fnMap":{"0":{"name":"_interopRequireDefault","decl":{"start":{"line":10,"column":90},"end":{"line":10,"column":112}},"loc":{"start":{"line":10,"column":118},"end":{"line":10,"column":174}},"line":10},"1":{"name":"(anonymous_1)","decl":{"start":{"line":12,"column":12},"end":{"line":12,"column":13}},"loc":{"start":{"line":13,"column":0},"end":{"line":14,"column":127}},"line":13}},"branchMap":{"0":{"loc":{"start":{"line":10,"column":126},"end":{"line":10,"column":172}},"type":"cond-expr","locations":[{"start":{"line":10,"column":150},"end":{"line":10,"column":153}},{"start":{"line":10,"column":156},"end":{"line":10,"column":172}}],"line":10},"1":{"loc":{"start":{"line":10,"column":126},"end":{"line":10,"column":147}},"type":"binary-expr","locations":[{"start":{"line":10,"column":126},"end":{"line":10,"column":129}},{"start":{"line":10,"column":133},"end":{"line":10,"column":147}}],"line":10}},"s":{"0":0,"1":0,"2":0,"3":0,"4":0,"5":0,"6":0,"7":0,"8":0,"9":0,"10":0,"11":0,"12":0,"13":0,"14":0,"15":0,"16":0,"17":0},"f":{"0":0,"1":0},"b":{"0":[0,0],"1":[0,0]}}
,"/home/vibe/dbwebb-kurser/ramverk2/me/app/frontend/src/registerServiceWorker.js": {"path":"/home/vibe/dbwebb-kurser/ramverk2/me/app/frontend/src/registerServiceWorker.js","statementMap":{"0":{"start":{"line":1,"column":13},"end":{"line":1,"column":75}},"1":{"start":{"line":1,"column":75},"end":{"line":17,"column":9}},"2":{"start":{"line":17,"column":9},"end":{"line":96,"column":24}},"3":{"start":{"line":103,"column":20},"end":{"line":105,"column":89}},"4":{"start":{"line":105,"column":111},"end":{"line":111,"column":36}},"5":{"start":{"line":106,"column":22},"end":{"line":106,"column":70}},"6":{"start":{"line":106,"column":71},"end":{"line":109,"column":14}},"7":{"start":{"line":109,"column":6},"end":{"line":109,"column":13}},"8":{"start":{"line":109,"column":14},"end":{"line":111,"column":35}},"9":{"start":{"line":109,"column":67},"end":{"line":109,"column":112}},"10":{"start":{"line":109,"column":113},"end":{"line":111,"column":32}},"11":{"start":{"line":110,"column":8},"end":{"line":110,"column":39}},"12":{"start":{"line":111,"column":8},"end":{"line":111,"column":31}},"13":{"start":{"line":111,"column":70},"end":{"line":118,"column":156}},"14":{"start":{"line":111,"column":132},"end":{"line":118,"column":68}},"15":{"start":{"line":111,"column":193},"end":{"line":111,"column":216}},"16":{"start":{"line":111,"column":217},"end":{"line":118,"column":66}},"17":{"start":{"line":111,"column":257},"end":{"line":118,"column":64}},"18":{"start":{"line":111,"column":302},"end":{"line":118,"column":63}},"19":{"start":{"line":115,"column":12},"end":{"line":115,"column":69}},"20":{"start":{"line":118,"column":12},"end":{"line":118,"column":62}},"21":{"start":{"line":118,"column":87},"end":{"line":118,"column":153}},"22":{"start":{"line":119,"column":2},"end":{"line":122,"column":126}},"23":{"start":{"line":120,"column":4},"end":{"line":122,"column":30}},"24":{"start":{"line":121,"column":6},"end":{"line":121,"column":127}},"25":{"start":{"line":121,"column":58},"end":{"line":121,"column":124}},"26":{"start":{"line":121,"column":96},"end":{"line":121,"column":121}},"27":{"start":{"line":122,"column":6},"end":{"line":122,"column":29}},"28":{"start":{"line":122,"column":46},"end":{"line":122,"column":123}},"29":{"start":{"line":122,"column":150},"end":{"line":122,"column":267}},"30":{"start":{"line":122,"column":185},"end":{"line":122,"column":266}},"31":{"start":{"line":122,"column":237},"end":{"line":122,"column":263}}},"fnMap":{"0":{"name":"register","decl":{"start":{"line":105,"column":99},"end":{"line":105,"column":107}},"loc":{"start":{"line":105,"column":110},"end":{"line":111,"column":37}},"line":105},"1":{"name":"(anonymous_1)","decl":{"start":{"line":109,"column":46},"end":{"line":109,"column":47}},"loc":{"start":{"line":109,"column":52},"end":{"line":111,"column":33}},"line":109},"2":{"name":"registerValidSW","decl":{"start":{"line":111,"column":46},"end":{"line":111,"column":61}},"loc":{"start":{"line":111,"column":69},"end":{"line":118,"column":157}},"line":111},"3":{"name":"(anonymous_3)","decl":{"start":{"line":111,"column":115},"end":{"line":111,"column":116}},"loc":{"start":{"line":111,"column":131},"end":{"line":118,"column":69}},"line":111},"4":{"name":"(anonymous_4)","decl":{"start":{"line":111,"column":161},"end":{"line":111,"column":162}},"loc":{"start":{"line":111,"column":167},"end":{"line":118,"column":67}},"line":111},"5":{"name":"(anonymous_5)","decl":{"start":{"line":111,"column":250},"end":{"line":111,"column":251}},"loc":{"start":{"line":111,"column":256},"end":{"line":118,"column":65}},"line":111},"6":{"name":"(anonymous_6)","decl":{"start":{"line":118,"column":77},"end":{"line":118,"column":78}},"loc":{"start":{"line":118,"column":86},"end":{"line":118,"column":154}},"line":118},"7":{"name":"checkValidServiceWorker","decl":{"start":{"line":118,"column":166},"end":{"line":118,"column":189}},"loc":{"start":{"line":118,"column":197},"end":{"line":122,"column":127}},"line":118},"8":{"name":"(anonymous_8)","decl":{"start":{"line":119,"column":20},"end":{"line":119,"column":21}},"loc":{"start":{"line":119,"column":32},"end":{"line":122,"column":31}},"line":119},"9":{"name":"(anonymous_9)","decl":{"start":{"line":121,"column":41},"end":{"line":121,"column":42}},"loc":{"start":{"line":121,"column":57},"end":{"line":121,"column":125}},"line":121},"10":{"name":"(anonymous_10)","decl":{"start":{"line":121,"column":89},"end":{"line":121,"column":90}},"loc":{"start":{"line":121,"column":95},"end":{"line":121,"column":122}},"line":121},"11":{"name":"(anonymous_11)","decl":{"start":{"line":122,"column":39},"end":{"line":122,"column":40}},"loc":{"start":{"line":122,"column":45},"end":{"line":122,"column":124}},"line":122},"12":{"name":"unregister","decl":{"start":{"line":122,"column":136},"end":{"line":122,"column":146}},"loc":{"start":{"line":122,"column":149},"end":{"line":122,"column":268}},"line":122},"13":{"name":"(anonymous_13)","decl":{"start":{"line":122,"column":220},"end":{"line":122,"column":221}},"loc":{"start":{"line":122,"column":236},"end":{"line":122,"column":264}},"line":122}},"branchMap":{"0":{"loc":{"start":{"line":103,"column":28},"end":{"line":105,"column":88}},"type":"binary-expr","locations":[{"start":{"line":103,"column":28},"end":{"line":103,"column":68}},{"start":{"line":104,"column":0},"end":{"line":104,"column":36}},{"start":{"line":105,"column":0},"end":{"line":105,"column":88}}],"line":103},"1":{"loc":{"start":{"line":105,"column":111},"end":{"line":111,"column":36}},"type":"if","locations":[{"start":{"line":105,"column":111},"end":{"line":111,"column":36}},{"start":{"line":105,"column":111},"end":{"line":111,"column":36}}],"line":105},"2":{"loc":{"start":{"line":105,"column":115},"end":{"line":105,"column":184}},"type":"binary-expr","locations":[{"start":{"line":105,"column":115},"end":{"line":105,"column":152}},{"start":{"line":105,"column":156},"end":{"line":105,"column":184}}],"line":105},"3":{"loc":{"start":{"line":106,"column":71},"end":{"line":109,"column":14}},"type":"if","locations":[{"start":{"line":106,"column":71},"end":{"line":109,"column":14}},{"start":{"line":106,"column":71},"end":{"line":109,"column":14}}],"line":106},"4":{"loc":{"start":{"line":109,"column":113},"end":{"line":111,"column":32}},"type":"if","locations":[{"start":{"line":109,"column":113},"end":{"line":111,"column":32}},{"start":{"line":109,"column":113},"end":{"line":111,"column":32}}],"line":109},"5":{"loc":{"start":{"line":111,"column":257},"end":{"line":118,"column":64}},"type":"if","locations":[{"start":{"line":111,"column":257},"end":{"line":118,"column":64}},{"start":{"line":111,"column":257},"end":{"line":118,"column":64}}],"line":111},"6":{"loc":{"start":{"line":111,"column":302},"end":{"line":118,"column":63}},"type":"if","locations":[{"start":{"line":111,"column":302},"end":{"line":118,"column":63}},{"start":{"line":111,"column":302},"end":{"line":118,"column":63}}],"line":111},"7":{"loc":{"start":{"line":120,"column":4},"end":{"line":122,"column":30}},"type":"if","locations":[{"start":{"line":120,"column":4},"end":{"line":122,"column":30}},{"start":{"line":120,"column":4},"end":{"line":122,"column":30}}],"line":120},"8":{"loc":{"start":{"line":120,"column":8},"end":{"line":120,"column":100}},"type":"binary-expr","locations":[{"start":{"line":120,"column":8},"end":{"line":120,"column":31}},{"start":{"line":120,"column":35},"end":{"line":120,"column":100}}],"line":120},"9":{"loc":{"start":{"line":122,"column":150},"end":{"line":122,"column":267}},"type":"if","locations":[{"start":{"line":122,"column":150},"end":{"line":122,"column":267}},{"start":{"line":122,"column":150},"end":{"line":122,"column":267}}],"line":122}},"s":{"0":0,"1":0,"2":0,"3":0,"4":0,"5":0,"6":0,"7":0,"8":0,"9":0,"10":0,"11":0,"12":0,"13":0,"14":0,"15":0,"16":0,"17":0,"18":0,"19":0,"20":0,"21":0,"22":0,"23":0,"24":0,"25":0,"26":0,"27":0,"28":0,"29":0,"30":0,"31":0},"f":{"0":0,"1":0,"2":0,"3":0,"4":0,"5":0,"6":0,"7":0,"8":0,"9":0,"10":0,"11":0,"12":0,"13":0},"b":{"0":[0,0,0],"1":[0,0],"2":[0,0],"3":[0,0],"4":[0,0],"5":[0,0],"6":[0,0],"7":[0,0],"8":[0,0],"9":[0,0]}}
,"/home/vibe/dbwebb-kurser/ramverk2/me/app/frontend/src/components/AppLayout.js": {"path":"/home/vibe/dbwebb-kurser/ramverk2/me/app/frontend/src/components/AppLayout.js","statementMap":{},"fnMap":{},"branchMap":{},"s":{},"f":{},"b":{},"_coverageSchema":"332fd63041d2c1bcb487cc26dd0d5f7d97098a6c","hash":"d9679e97578b1215b2854f24585633d7b1176597"}
,"/home/vibe/dbwebb-kurser/ramverk2/me/app/frontend/src/components/Coins.js": {"path":"/home/vibe/dbwebb-kurser/ramverk2/me/app/frontend/src/components/Coins.js","statementMap":{"0":{"start":{"line":6,"column":13},"end":{"line":12,"column":1}},"1":{"start":{"line":14,"column":17},"end":{"line":18,"column":1}},"2":{"start":{"line":20,"column":21},"end":{"line":38,"column":1}},"3":{"start":{"line":23,"column":35},"end":{"line":23,"column":46}},"4":{"start":{"line":24,"column":32},"end":{"line":24,"column":57}},"5":{"start":{"line":29,"column":29},"end":{"line":29,"column":55}},"6":{"start":{"line":40,"column":21},"end":{"line":45,"column":1}},"7":{"start":{"line":47,"column":13},"end":{"line":52,"column":1}},"8":{"start":{"line":48,"column":2},"end":{"line":51,"column":9}},"9":{"start":{"line":54,"column":14},"end":{"line":65,"column":1}},"10":{"start":{"line":55,"column":2},"end":{"line":64,"column":9}}},"fnMap":{"0":{"name":"(anonymous_0)","decl":{"start":{"line":23,"column":26},"end":{"line":23,"column":27}},"loc":{"start":{"line":23,"column":35},"end":{"line":23,"column":46}},"line":23},"1":{"name":"(anonymous_1)","decl":{"start":{"line":24,"column":22},"end":{"line":24,"column":23}},"loc":{"start":{"line":24,"column":32},"end":{"line":24,"column":57}},"line":24},"2":{"name":"(anonymous_2)","decl":{"start":{"line":29,"column":19},"end":{"line":29,"column":20}},"loc":{"start":{"line":29,"column":29},"end":{"line":29,"column":55}},"line":29},"3":{"name":"(anonymous_3)","decl":{"start":{"line":47,"column":13},"end":{"line":47,"column":14}},"loc":{"start":{"line":48,"column":2},"end":{"line":51,"column":9}},"line":48},"4":{"name":"(anonymous_4)","decl":{"start":{"line":54,"column":14},"end":{"line":54,"column":15}},"loc":{"start":{"line":55,"column":2},"end":{"line":64,"column":9}},"line":55}},"branchMap":{"0":{"loc":{"start":{"line":24,"column":32},"end":{"line":24,"column":57}},"type":"cond-expr","locations":[{"start":{"line":24,"column":46},"end":{"line":24,"column":52}},{"start":{"line":24,"column":55},"end":{"line":24,"column":57}}],"line":24},"1":{"loc":{"start":{"line":29,"column":29},"end":{"line":29,"column":55}},"type":"cond-expr","locations":[{"start":{"line":29,"column":44},"end":{"line":29,"column":46}},{"start":{"line":29,"column":49},"end":{"line":29,"column":55}}],"line":29}},"s":{"0":2,"1":2,"2":2,"3":0,"4":0,"5":0,"6":2,"7":2,"8":0,"9":2,"10":0},"f":{"0":0,"1":0,"2":0,"3":0,"4":0},"b":{"0":[0,0],"1":[0,0]},"_coverageSchema":"332fd63041d2c1bcb487cc26dd0d5f7d97098a6c","hash":"e7fa2a18befc186b4d9d9b0bfa02203c1b347175"}
,"/home/vibe/dbwebb-kurser/ramverk2/me/app/frontend/src/components/Header.js": {"path":"/home/vibe/dbwebb-kurser/ramverk2/me/app/frontend/src/components/Header.js","statementMap":{"0":{"start":{"line":5,"column":13},"end":{"line":10,"column":1}},"1":{"start":{"line":12,"column":16},"end":{"line":18,"column":1}},"2":{"start":{"line":20,"column":12},"end":{"line":24,"column":1}},"3":{"start":{"line":22,"column":25},"end":{"line":22,"column":36}},"4":{"start":{"line":26,"column":17},"end":{"line":31,"column":1}},"5":{"start":{"line":29,"column":25},"end":{"line":29,"column":36}},"6":{"start":{"line":33,"column":18},"end":{"line":36,"column":1}},"7":{"start":{"line":35,"column":25},"end":{"line":35,"column":36}},"8":{"start":{"line":38,"column":15},"end":{"line":111,"column":1}},"9":{"start":{"line":45,"column":2},"end":{"line":110,"column":9}}},"fnMap":{"0":{"name":"(anonymous_0)","decl":{"start":{"line":22,"column":16},"end":{"line":22,"column":17}},"loc":{"start":{"line":22,"column":25},"end":{"line":22,"column":36}},"line":22},"1":{"name":"(anonymous_1)","decl":{"start":{"line":29,"column":16},"end":{"line":29,"column":17}},"loc":{"start":{"line":29,"column":25},"end":{"line":29,"column":36}},"line":29},"2":{"name":"(anonymous_2)","decl":{"start":{"line":35,"column":16},"end":{"line":35,"column":17}},"loc":{"start":{"line":35,"column":25},"end":{"line":35,"column":36}},"line":35},"3":{"name":"(anonymous_3)","decl":{"start":{"line":38,"column":15},"end":{"line":38,"column":16}},"loc":{"start":{"line":45,"column":2},"end":{"line":110,"column":9}},"line":45}},"branchMap":{"0":{"loc":{"start":{"line":53,"column":11},"end":{"line":57,"column":11}},"type":"cond-expr","locations":[{"start":{"line":54,"column":12},"end":{"line":54,"column":73}},{"start":{"line":56,"column":12},"end":{"line":56,"column":71}}],"line":53},"1":{"loc":{"start":{"line":67,"column":18},"end":{"line":69,"column":90}},"type":"cond-expr","locations":[{"start":{"line":68,"column":22},"end":{"line":68,"column":33}},{"start":{"line":69,"column":22},"end":{"line":69,"column":90}}],"line":67}},"s":{"0":3,"1":3,"2":3,"3":4,"4":3,"5":2,"6":3,"7":2,"8":3,"9":2},"f":{"0":4,"1":2,"2":2,"3":2},"b":{"0":[0,2],"1":[0,2]},"_coverageSchema":"332fd63041d2c1bcb487cc26dd0d5f7d97098a6c","hash":"8e920521b11d39a66d076d97cafaf462850b2ba4"}
,"/home/vibe/dbwebb-kurser/ramverk2/me/app/frontend/src/components/SearchCoinModal.js": {"path":"/home/vibe/dbwebb-kurser/ramverk2/me/app/frontend/src/components/SearchCoinModal.js","statementMap":{"0":{"start":{"line":8,"column":22},"end":{"line":18,"column":1}},"1":{"start":{"line":20,"column":14},"end":{"line":47,"column":1}},"2":{"start":{"line":26,"column":2},"end":{"line":28,"column":3}},"3":{"start":{"line":27,"column":4},"end":{"line":27,"column":16}},"4":{"start":{"line":29,"column":19},"end":{"line":29,"column":30}},"5":{"start":{"line":31,"column":2},"end":{"line":46,"column":4}},"6":{"start":{"line":34,"column":8},"end":{"line":43,"column":14}},"7":{"start":{"line":49,"column":19},"end":{"line":51,"column":9}},"8":{"start":{"line":50,"column":26},"end":{"line":50,"column":49}},"9":{"start":{"line":53,"column":24},"end":{"line":96,"column":1}},"10":{"start":{"line":54,"column":2},"end":{"line":95,"column":10}},"11":{"start":{"line":61,"column":14},"end":{"line":61,"column":55}},"12":{"start":{"line":62,"column":14},"end":{"line":62,"column":24}},"13":{"start":{"line":72,"column":14},"end":{"line":84,"column":20}}},"fnMap":{"0":{"name":"(anonymous_0)","decl":{"start":{"line":20,"column":14},"end":{"line":20,"column":15}},"loc":{"start":{"line":25,"column":6},"end":{"line":47,"column":1}},"line":25},"1":{"name":"(anonymous_1)","decl":{"start":{"line":33,"column":28},"end":{"line":33,"column":29}},"loc":{"start":{"line":34,"column":8},"end":{"line":43,"column":14}},"line":34},"2":{"name":"(anonymous_2)","decl":{"start":{"line":50,"column":11},"end":{"line":50,"column":12}},"loc":{"start":{"line":50,"column":26},"end":{"line":50,"column":49}},"line":50},"3":{"name":"(anonymous_3)","decl":{"start":{"line":53,"column":24},"end":{"line":53,"column":25}},"loc":{"start":{"line":54,"column":2},"end":{"line":95,"column":10}},"line":54},"4":{"name":"(anonymous_4)","decl":{"start":{"line":60,"column":22},"end":{"line":60,"column":23}},"loc":{"start":{"line":60,"column":40},"end":{"line":63,"column":13}},"line":60},"5":{"name":"(anonymous_5)","decl":{"start":{"line":64,"column":20},"end":{"line":64,"column":21}},"loc":{"start":{"line":72,"column":14},"end":{"line":84,"column":20}},"line":72}},"branchMap":{"0":{"loc":{"start":{"line":26,"column":2},"end":{"line":28,"column":3}},"type":"if","locations":[{"start":{"line":26,"column":2},"end":{"line":28,"column":3}},{"start":{"line":26,"column":2},"end":{"line":28,"column":3}}],"line":26},"1":{"loc":{"start":{"line":26,"column":6},"end":{"line":26,"column":29}},"type":"binary-expr","locations":[{"start":{"line":26,"column":6},"end":{"line":26,"column":13}},{"start":{"line":26,"column":17},"end":{"line":26,"column":29}}],"line":26},"2":{"loc":{"start":{"line":38,"column":29},"end":{"line":38,"column":74}},"type":"cond-expr","locations":[{"start":{"line":38,"column":58},"end":{"line":38,"column":64}},{"start":{"line":38,"column":67},"end":{"line":38,"column":74}}],"line":38},"3":{"loc":{"start":{"line":39,"column":24},"end":{"line":39,"column":65}},"type":"cond-expr","locations":[{"start":{"line":39,"column":48},"end":{"line":39,"column":54}},{"start":{"line":39,"column":57},"end":{"line":39,"column":65}}],"line":39},"4":{"loc":{"start":{"line":74,"column":17},"end":{"line":83,"column":24}},"type":"cond-expr","locations":[{"start":{"line":75,"column":18},"end":{"line":82,"column":24}},{"start":{"line":83,"column":20},"end":{"line":83,"column":24}}],"line":74}},"s":{"0":2,"1":2,"2":0,"3":0,"4":0,"5":0,"6":0,"7":2,"8":0,"9":2,"10":0,"11":0,"12":0,"13":0},"f":{"0":0,"1":0,"2":0,"3":0,"4":0,"5":0},"b":{"0":[0,0],"1":[0,0],"2":[0,0],"3":[0,0],"4":[0,0]},"_coverageSchema":"332fd63041d2c1bcb487cc26dd0d5f7d97098a6c","hash":"3932357d04a72df7d32557a95ba62f509ab8b450"}
,"/home/vibe/dbwebb-kurser/ramverk2/me/app/frontend/src/components/SendMessage.js": {"path":"/home/vibe/dbwebb-kurser/ramverk2/me/app/frontend/src/components/SendMessage.js","statementMap":{"0":{"start":{"line":8,"column":13},"end":{"line":12,"column":1}},"1":{"start":{"line":14,"column":15},"end":{"line":16,"column":1}},"2":{"start":{"line":18,"column":20},"end":{"line":44,"column":1}},"3":{"start":{"line":26,"column":2},"end":{"line":43,"column":9}},"4":{"start":{"line":34,"column":10},"end":{"line":36,"column":11}},"5":{"start":{"line":35,"column":12},"end":{"line":35,"column":28}},"6":{"start":{"line":46,"column":30},"end":{"line":50,"column":1}},"7":{"start":{"line":55,"column":29},"end":{"line":55,"column":44}},"8":{"start":{"line":57,"column":6},"end":{"line":60,"column":7}},"9":{"start":{"line":58,"column":8},"end":{"line":58,"column":29}},"10":{"start":{"line":59,"column":8},"end":{"line":59,"column":15}},"11":{"start":{"line":62,"column":6},"end":{"line":64,"column":9}},"12":{"start":{"line":65,"column":6},"end":{"line":65,"column":23}}},"fnMap":{"0":{"name":"(anonymous_0)","decl":{"start":{"line":18,"column":20},"end":{"line":18,"column":21}},"loc":{"start":{"line":26,"column":2},"end":{"line":43,"column":9}},"line":26},"1":{"name":"(anonymous_1)","decl":{"start":{"line":33,"column":19},"end":{"line":33,"column":20}},"loc":{"start":{"line":33,"column":26},"end":{"line":37,"column":9}},"line":33},"2":{"name":"(anonymous_2)","decl":{"start":{"line":55,"column":22},"end":{"line":55,"column":23}},"loc":{"start":{"line":55,"column":29},"end":{"line":55,"column":44}},"line":55},"3":{"name":"(anonymous_3)","decl":{"start":{"line":56,"column":18},"end":{"line":56,"column":19}},"loc":{"start":{"line":56,"column":91},"end":{"line":66,"column":5}},"line":56}},"branchMap":{"0":{"loc":{"start":{"line":34,"column":10},"end":{"line":36,"column":11}},"type":"if","locations":[{"start":{"line":34,"column":10},"end":{"line":36,"column":11}},{"start":{"line":34,"column":10},"end":{"line":36,"column":11}}],"line":34},"1":{"loc":{"start":{"line":34,"column":14},"end":{"line":34,"column":47}},"type":"binary-expr","locations":[{"start":{"line":34,"column":14},"end":{"line":34,"column":30}},{"start":{"line":34,"column":34},"end":{"line":34,"column":47}}],"line":34},"2":{"loc":{"start":{"line":57,"column":6},"end":{"line":60,"column":7}},"type":"if","locations":[{"start":{"line":57,"column":6},"end":{"line":60,"column":7}},{"start":{"line":57,"column":6},"end":{"line":60,"column":7}}],"line":57},"3":{"loc":{"start":{"line":57,"column":10},"end":{"line":57,"column":51}},"type":"binary-expr","locations":[{"start":{"line":57,"column":10},"end":{"line":57,"column":25}},{"start":{"line":57,"column":29},"end":{"line":57,"column":51}}],"line":57}},"s":{"0":2,"1":2,"2":2,"3":4,"4":1,"5":0,"6":2,"7":3,"8":0,"9":0,"10":0,"11":0,"12":0},"f":{"0":4,"1":1,"2":3,"3":0},"b":{"0":[0,1],"1":[1,0],"2":[0,0],"3":[0,0]},"_coverageSchema":"332fd63041d2c1bcb487cc26dd0d5f7d97098a6c","hash":"d1bfed85851b34d3a9317bc9b3c523742d9103bc"}
,"/home/vibe/dbwebb-kurser/ramverk2/me/app/frontend/src/components/SettingsModal.js": {"path":"/home/vibe/dbwebb-kurser/ramverk2/me/app/frontend/src/components/SettingsModal.js","statementMap":{"0":{"start":{"line":10,"column":22},"end":{"line":65,"column":1}},"1":{"start":{"line":20,"column":2},"end":{"line":64,"column":10}},"2":{"start":{"line":25,"column":10},"end":{"line":27,"column":11}},"3":{"start":{"line":26,"column":12},"end":{"line":26,"column":28}},"4":{"start":{"line":41,"column":46},"end":{"line":41,"column":72}},"5":{"start":{"line":67,"column":27},"end":{"line":74,"column":1}},"6":{"start":{"line":83,"column":6},"end":{"line":86,"column":7}},"7":{"start":{"line":84,"column":8},"end":{"line":84,"column":29}},"8":{"start":{"line":85,"column":8},"end":{"line":85,"column":15}},"9":{"start":{"line":88,"column":6},"end":{"line":103,"column":9}},"10":{"start":{"line":91,"column":36},"end":{"line":91,"column":46}},"11":{"start":{"line":93,"column":23},"end":{"line":93,"column":60}},"12":{"start":{"line":94,"column":10},"end":{"line":100,"column":12}},"13":{"start":{"line":101,"column":10},"end":{"line":101,"column":55}},"14":{"start":{"line":104,"column":6},"end":{"line":104,"column":23}},"15":{"start":{"line":105,"column":6},"end":{"line":105,"column":20}}},"fnMap":{"0":{"name":"(anonymous_0)","decl":{"start":{"line":10,"column":22},"end":{"line":10,"column":23}},"loc":{"start":{"line":20,"column":2},"end":{"line":64,"column":10}},"line":20},"1":{"name":"(anonymous_1)","decl":{"start":{"line":24,"column":18},"end":{"line":24,"column":19}},"loc":{"start":{"line":24,"column":25},"end":{"line":28,"column":9}},"line":24},"2":{"name":"(anonymous_2)","decl":{"start":{"line":41,"column":22},"end":{"line":41,"column":23}},"loc":{"start":{"line":41,"column":46},"end":{"line":41,"column":72}},"line":41},"3":{"name":"(anonymous_3)","decl":{"start":{"line":79,"column":18},"end":{"line":79,"column":19}},"loc":{"start":{"line":82,"column":9},"end":{"line":106,"column":5}},"line":82},"4":{"name":"(anonymous_4)","decl":{"start":{"line":90,"column":16},"end":{"line":90,"column":17}},"loc":{"start":{"line":90,"column":53},"end":{"line":102,"column":9}},"line":90}},"branchMap":{"0":{"loc":{"start":{"line":25,"column":10},"end":{"line":27,"column":11}},"type":"if","locations":[{"start":{"line":25,"column":10},"end":{"line":27,"column":11}},{"start":{"line":25,"column":10},"end":{"line":27,"column":11}}],"line":25},"1":{"loc":{"start":{"line":83,"column":6},"end":{"line":86,"column":7}},"type":"if","locations":[{"start":{"line":83,"column":6},"end":{"line":86,"column":7}},{"start":{"line":83,"column":6},"end":{"line":86,"column":7}}],"line":83}},"s":{"0":3,"1":1,"2":0,"3":0,"4":0,"5":3,"6":0,"7":0,"8":0,"9":0,"10":0,"11":0,"12":0,"13":0,"14":0,"15":0},"f":{"0":1,"1":0,"2":0,"3":0,"4":0},"b":{"0":[0,0],"1":[0,0]},"_coverageSchema":"332fd63041d2c1bcb487cc26dd0d5f7d97098a6c","hash":"694880e00fbf20b41dc5bb9fe37d9cc1a799417d"}
,"/home/vibe/dbwebb-kurser/ramverk2/me/app/frontend/src/containers/HeaderContainer.js": {"path":"/home/vibe/dbwebb-kurser/ramverk2/me/app/frontend/src/containers/HeaderContainer.js","statementMap":{"0":{"start":{"line":12,"column":4},"end":{"line":12,"column":68}},"1":{"start":{"line":12,"column":28},"end":{"line":12,"column":65}},"2":{"start":{"line":16,"column":29},"end":{"line":16,"column":39}},"3":{"start":{"line":17,"column":27},"end":{"line":17,"column":37}},"4":{"start":{"line":18,"column":4},"end":{"line":26,"column":6}}},"fnMap":{"0":{"name":"(anonymous_0)","decl":{"start":{"line":11,"column":24},"end":{"line":11,"column":25}},"loc":{"start":{"line":11,"column":30},"end":{"line":13,"column":3}},"line":11},"1":{"name":"(anonymous_1)","decl":{"start":{"line":12,"column":18},"end":{"line":12,"column":19}},"loc":{"start":{"line":12,"column":28},"end":{"line":12,"column":65}},"line":12},"2":{"name":"(anonymous_2)","decl":{"start":{"line":15,"column":2},"end":{"line":15,"column":3}},"loc":{"start":{"line":15,"column":11},"end":{"line":27,"column":3}},"line":15}},"branchMap":{},"s":{"0":0,"1":0,"2":1,"3":1,"4":1},"f":{"0":0,"1":0,"2":1},"b":{},"_coverageSchema":"332fd63041d2c1bcb487cc26dd0d5f7d97098a6c","hash":"87eb4d2fe9a16a520eaa3ebab9e25ee3b0c7fd01"}
,"/home/vibe/dbwebb-kurser/ramverk2/me/app/frontend/src/containers/MessagesContainer.js": {"path":"/home/vibe/dbwebb-kurser/ramverk2/me/app/frontend/src/containers/MessagesContainer.js","statementMap":{"0":{"start":{"line":7,"column":31},"end":{"line":21,"column":1}},"1":{"start":{"line":30,"column":4},"end":{"line":52,"column":7}},"2":{"start":{"line":36,"column":8},"end":{"line":38,"column":9}},"3":{"start":{"line":37,"column":10},"end":{"line":37,"column":22}},"4":{"start":{"line":39,"column":27},"end":{"line":39,"column":63}},"5":{"start":{"line":41,"column":8},"end":{"line":49,"column":9}},"6":{"start":{"line":41,"column":42},"end":{"line":41,"column":68}},"7":{"start":{"line":42,"column":10},"end":{"line":48,"column":12}},"8":{"start":{"line":50,"column":8},"end":{"line":50,"column":20}},"9":{"start":{"line":55,"column":4},"end":{"line":57,"column":5}},"10":{"start":{"line":56,"column":6},"end":{"line":56,"column":44}},"11":{"start":{"line":60,"column":4},"end":{"line":71,"column":5}},"12":{"start":{"line":67,"column":25},"end":{"line":67,"column":51}},"13":{"start":{"line":68,"column":6},"end":{"line":70,"column":14}},"14":{"start":{"line":69,"column":8},"end":{"line":69,"column":74}},"15":{"start":{"line":75,"column":55},"end":{"line":75,"column":65}},"16":{"start":{"line":76,"column":4},"end":{"line":108,"column":5}},"17":{"start":{"line":81,"column":6},"end":{"line":107,"column":9}},"18":{"start":{"line":87,"column":10},"end":{"line":89,"column":11}},"19":{"start":{"line":88,"column":12},"end":{"line":88,"column":24}},"20":{"start":{"line":91,"column":10},"end":{"line":93,"column":11}},"21":{"start":{"line":92,"column":12},"end":{"line":92,"column":51}},"22":{"start":{"line":95,"column":29},"end":{"line":95,"column":56}},"23":{"start":{"line":96,"column":10},"end":{"line":104,"column":11}},"24":{"start":{"line":96,"column":44},"end":{"line":96,"column":70}},"25":{"start":{"line":97,"column":12},"end":{"line":103,"column":14}},"26":{"start":{"line":101,"column":59},"end":{"line":101,"column":103}},"27":{"start":{"line":101,"column":87},"end":{"line":101,"column":102}},"28":{"start":{"line":105,"column":10},"end":{"line":105,"column":22}},"29":{"start":{"line":112,"column":47},"end":{"line":112,"column":57}},"30":{"start":{"line":114,"column":4},"end":{"line":206,"column":6}},"31":{"start":{"line":129,"column":10},"end":{"line":129,"column":35}},"32":{"start":{"line":137,"column":14},"end":{"line":202,"column":24}},"33":{"start":{"line":210,"column":22},"end":{"line":224,"column":1}},"34":{"start":{"line":227,"column":21},"end":{"line":233,"column":3}}},"fnMap":{"0":{"name":"(anonymous_0)","decl":{"start":{"line":29,"column":2},"end":{"line":29,"column":3}},"loc":{"start":{"line":29,"column":61},"end":{"line":72,"column":3}},"line":29},"1":{"name":"(anonymous_1)","decl":{"start":{"line":35,"column":19},"end":{"line":35,"column":20}},"loc":{"start":{"line":35,"column":51},"end":{"line":51,"column":7}},"line":35},"2":{"name":"(anonymous_2)","decl":{"start":{"line":41,"column":35},"end":{"line":41,"column":36}},"loc":{"start":{"line":41,"column":42},"end":{"line":41,"column":68}},"line":41},"3":{"name":"(anonymous_3)","decl":{"start":{"line":68,"column":17},"end":{"line":68,"column":18}},"loc":{"start":{"line":68,"column":23},"end":{"line":70,"column":7}},"line":68},"4":{"name":"(anonymous_4)","decl":{"start":{"line":74,"column":19},"end":{"line":74,"column":20}},"loc":{"start":{"line":74,"column":25},"end":{"line":109,"column":3}},"line":74},"5":{"name":"(anonymous_5)","decl":{"start":{"line":86,"column":21},"end":{"line":86,"column":22}},"loc":{"start":{"line":86,"column":52},"end":{"line":106,"column":9}},"line":86},"6":{"name":"(anonymous_6)","decl":{"start":{"line":96,"column":37},"end":{"line":96,"column":38}},"loc":{"start":{"line":96,"column":44},"end":{"line":96,"column":70}},"line":96},"7":{"name":"(anonymous_7)","decl":{"start":{"line":101,"column":54},"end":{"line":101,"column":55}},"loc":{"start":{"line":101,"column":59},"end":{"line":101,"column":103}},"line":101},"8":{"name":"(anonymous_8)","decl":{"start":{"line":101,"column":82},"end":{"line":101,"column":83}},"loc":{"start":{"line":101,"column":87},"end":{"line":101,"column":102}},"line":101},"9":{"name":"(anonymous_9)","decl":{"start":{"line":111,"column":2},"end":{"line":111,"column":3}},"loc":{"start":{"line":111,"column":11},"end":{"line":207,"column":3}},"line":111},"10":{"name":"(anonymous_10)","decl":{"start":{"line":128,"column":13},"end":{"line":128,"column":14}},"loc":{"start":{"line":128,"column":27},"end":{"line":130,"column":9}},"line":128},"11":{"name":"(anonymous_11)","decl":{"start":{"line":136,"column":17},"end":{"line":136,"column":18}},"loc":{"start":{"line":137,"column":14},"end":{"line":202,"column":24}},"line":137},"12":{"name":"(anonymous_12)","decl":{"start":{"line":227,"column":11},"end":{"line":227,"column":12}},"loc":{"start":{"line":227,"column":21},"end":{"line":233,"column":3}},"line":227}},"branchMap":{"0":{"loc":{"start":{"line":36,"column":8},"end":{"line":38,"column":9}},"type":"if","locations":[{"start":{"line":36,"column":8},"end":{"line":38,"column":9}},{"start":{"line":36,"column":8},"end":{"line":38,"column":9}}],"line":36},"1":{"loc":{"start":{"line":41,"column":8},"end":{"line":49,"column":9}},"type":"if","locations":[{"start":{"line":41,"column":8},"end":{"line":49,"column":9}},{"start":{"line":41,"column":8},"end":{"line":49,"column":9}}],"line":41},"2":{"loc":{"start":{"line":55,"column":4},"end":{"line":57,"column":5}},"type":"if","locations":[{"start":{"line":55,"column":4},"end":{"line":57,"column":5}},{"start":{"line":55,"column":4},"end":{"line":57,"column":5}}],"line":55},"3":{"loc":{"start":{"line":60,"column":4},"end":{"line":71,"column":5}},"type":"if","locations":[{"start":{"line":60,"column":4},"end":{"line":71,"column":5}},{"start":{"line":60,"column":4},"end":{"line":71,"column":5}}],"line":60},"4":{"loc":{"start":{"line":61,"column":6},"end":{"line":65,"column":63}},"type":"binary-expr","locations":[{"start":{"line":61,"column":6},"end":{"line":61,"column":19}},{"start":{"line":62,"column":6},"end":{"line":62,"column":33}},{"start":{"line":63,"column":6},"end":{"line":63,"column":17}},{"start":{"line":64,"column":6},"end":{"line":64,"column":35}},{"start":{"line":65,"column":6},"end":{"line":65,"column":63}}],"line":61},"5":{"loc":{"start":{"line":76,"column":4},"end":{"line":108,"column":5}},"type":"if","locations":[{"start":{"line":76,"column":4},"end":{"line":108,"column":5}},{"start":{"line":76,"column":4},"end":{"line":108,"column":5}}],"line":76},"6":{"loc":{"start":{"line":77,"column":6},"end":{"line":79,"column":35}},"type":"binary-expr","locations":[{"start":{"line":77,"column":6},"end":{"line":77,"column":19}},{"start":{"line":78,"column":6},"end":{"line":78,"column":29}},{"start":{"line":79,"column":6},"end":{"line":79,"column":35}}],"line":77},"7":{"loc":{"start":{"line":87,"column":10},"end":{"line":89,"column":11}},"type":"if","locations":[{"start":{"line":87,"column":10},"end":{"line":89,"column":11}},{"start":{"line":87,"column":10},"end":{"line":89,"column":11}}],"line":87},"8":{"loc":{"start":{"line":91,"column":10},"end":{"line":93,"column":11}},"type":"if","locations":[{"start":{"line":91,"column":10},"end":{"line":93,"column":11}},{"start":{"line":91,"column":10},"end":{"line":93,"column":11}}],"line":91},"9":{"loc":{"start":{"line":96,"column":10},"end":{"line":104,"column":11}},"type":"if","locations":[{"start":{"line":96,"column":10},"end":{"line":104,"column":11}},{"start":{"line":96,"column":10},"end":{"line":104,"column":11}}],"line":96},"10":{"loc":{"start":{"line":114,"column":11},"end":{"line":206,"column":5}},"type":"cond-expr","locations":[{"start":{"line":114,"column":37},"end":{"line":114,"column":41}},{"start":{"line":115,"column":6},"end":{"line":205,"column":12}}],"line":114},"11":{"loc":{"start":{"line":114,"column":11},"end":{"line":114,"column":34}},"type":"binary-expr","locations":[{"start":{"line":114,"column":11},"end":{"line":114,"column":18}},{"start":{"line":114,"column":22},"end":{"line":114,"column":34}}],"line":114},"12":{"loc":{"start":{"line":142,"column":24},"end":{"line":144,"column":45}},"type":"cond-expr","locations":[{"start":{"line":143,"column":28},"end":{"line":143,"column":51}},{"start":{"line":144,"column":28},"end":{"line":144,"column":45}}],"line":142},"13":{"loc":{"start":{"line":153,"column":28},"end":{"line":155,"column":49}},"type":"cond-expr","locations":[{"start":{"line":154,"column":32},"end":{"line":154,"column":55}},{"start":{"line":155,"column":32},"end":{"line":155,"column":49}}],"line":153}},"s":{"0":1,"1":0,"2":0,"3":0,"4":0,"5":0,"6":0,"7":0,"8":0,"9":0,"10":0,"11":0,"12":0,"13":0,"14":0,"15":0,"16":0,"17":0,"18":0,"19":0,"20":0,"21":0,"22":0,"23":0,"24":0,"25":0,"26":0,"27":0,"28":0,"29":0,"30":0,"31":0,"32":0,"33":1,"34":0},"f":{"0":0,"1":0,"2":0,"3":0,"4":0,"5":0,"6":0,"7":0,"8":0,"9":0,"10":0,"11":0,"12":0},"b":{"0":[0,0],"1":[0,0],"2":[0,0],"3":[0,0],"4":[0,0,0,0,0],"5":[0,0],"6":[0,0,0],"7":[0,0],"8":[0,0],"9":[0,0],"10":[0,0],"11":[0,0],"12":[0,0],"13":[0,0]},"_coverageSchema":"332fd63041d2c1bcb487cc26dd0d5f7d97098a6c","hash":"9938b8c6f2398918d4d8d2b6ffe1ce13f60e92f7"}
,"/home/vibe/dbwebb-kurser/ramverk2/me/app/frontend/src/containers/PublicNavbar.js": {"path":"/home/vibe/dbwebb-kurser/ramverk2/me/app/frontend/src/containers/PublicNavbar.js","statementMap":{"0":{"start":{"line":7,"column":13},"end":{"line":9,"column":1}},"1":{"start":{"line":11,"column":16},"end":{"line":22,"column":2}},"2":{"start":{"line":11,"column":23},"end":{"line":22,"column":1}},"3":{"start":{"line":13,"column":21},"end":{"line":13,"column":82}},"4":{"start":{"line":14,"column":22},"end":{"line":14,"column":46}},"5":{"start":{"line":16,"column":4},"end":{"line":20,"column":6}},"6":{"start":{"line":24,"column":15},"end":{"line":41,"column":1}},"7":{"start":{"line":25,"column":2},"end":{"line":40,"column":9}},"8":{"start":{"line":43,"column":0},"end":{"line":45,"column":2}}},"fnMap":{"0":{"name":"(anonymous_0)","decl":{"start":{"line":11,"column":16},"end":{"line":11,"column":17}},"loc":{"start":{"line":11,"column":23},"end":{"line":22,"column":1}},"line":11},"1":{"name":"(anonymous_1)","decl":{"start":{"line":24,"column":15},"end":{"line":24,"column":16}},"loc":{"start":{"line":25,"column":2},"end":{"line":40,"column":9}},"line":25}},"branchMap":{"0":{"loc":{"start":{"line":14,"column":22},"end":{"line":14,"column":46}},"type":"cond-expr","locations":[{"start":{"line":14,"column":33},"end":{"line":14,"column":41}},{"start":{"line":14,"column":44},"end":{"line":14,"column":46}}],"line":14}},"s":{"0":2,"1":2,"2":0,"3":0,"4":0,"5":0,"6":2,"7":1,"8":2},"f":{"0":0,"1":1},"b":{"0":[0,0]},"_coverageSchema":"332fd63041d2c1bcb487cc26dd0d5f7d97098a6c","hash":"26ba99650bd7a48ee0f48564d525687c6c26c651"}
,"/home/vibe/dbwebb-kurser/ramverk2/me/app/frontend/src/containers/Sidebar.js": {"path":"/home/vibe/dbwebb-kurser/ramverk2/me/app/frontend/src/containers/Sidebar.js","statementMap":{"0":{"start":{"line":12,"column":4},"end":{"line":12,"column":72}},"1":{"start":{"line":12,"column":28},"end":{"line":12,"column":69}},"2":{"start":{"line":16,"column":31},"end":{"line":16,"column":41}},"3":{"start":{"line":17,"column":21},"end":{"line":17,"column":31}},"4":{"start":{"line":18,"column":4},"end":{"line":33,"column":6}},"5":{"start":{"line":21,"column":33},"end":{"line":25,"column":9}}},"fnMap":{"0":{"name":"(anonymous_0)","decl":{"start":{"line":11,"column":26},"end":{"line":11,"column":27}},"loc":{"start":{"line":11,"column":32},"end":{"line":13,"column":3}},"line":11},"1":{"name":"(anonymous_1)","decl":{"start":{"line":12,"column":18},"end":{"line":12,"column":19}},"loc":{"start":{"line":12,"column":28},"end":{"line":12,"column":69}},"line":12},"2":{"name":"(anonymous_2)","decl":{"start":{"line":15,"column":2},"end":{"line":15,"column":3}},"loc":{"start":{"line":15,"column":11},"end":{"line":34,"column":3}},"line":15},"3":{"name":"(anonymous_3)","decl":{"start":{"line":21,"column":24},"end":{"line":21,"column":25}},"loc":{"start":{"line":21,"column":33},"end":{"line":25,"column":9}},"line":21}},"branchMap":{},"s":{"0":0,"1":0,"2":1,"3":1,"4":1,"5":2},"f":{"0":0,"1":0,"2":1,"3":2},"b":{},"_coverageSchema":"332fd63041d2c1bcb487cc26dd0d5f7d97098a6c","hash":"6548f3c867fa11a50c347265947128122633aaac"}
,"/home/vibe/dbwebb-kurser/ramverk2/me/app/frontend/src/graphql/coins.js": {"path":"/home/vibe/dbwebb-kurser/ramverk2/me/app/frontend/src/graphql/coins.js","statementMap":{"0":{"start":{"line":3,"column":25},"end":{"line":19,"column":1}}},"fnMap":{},"branchMap":{},"s":{"0":1},"f":{},"b":{},"_coverageSchema":"332fd63041d2c1bcb487cc26dd0d5f7d97098a6c","hash":"130edcbd79dcf193c530556be77bb29ea5b8c3e1"}
,"/home/vibe/dbwebb-kurser/ramverk2/me/app/frontend/src/graphql/user.js": {"path":"/home/vibe/dbwebb-kurser/ramverk2/me/app/frontend/src/graphql/user.js","statementMap":{"0":{"start":{"line":3,"column":25},"end":{"line":12,"column":1}}},"fnMap":{},"branchMap":{},"s":{"0":3},"f":{},"b":{},"_coverageSchema":"332fd63041d2c1bcb487cc26dd0d5f7d97098a6c","hash":"ea1d0f7aeeca6b19ef5ed46a5d64765457e60e75"}
,"/home/vibe/dbwebb-kurser/ramverk2/me/app/frontend/src/routes/About.js": {"path":"/home/vibe/dbwebb-kurser/ramverk2/me/app/frontend/src/routes/About.js","statementMap":{"0":{"start":{"line":5,"column":13},"end":{"line":5,"column":25}},"1":{"start":{"line":7,"column":14},"end":{"line":38,"column":1}},"2":{"start":{"line":8,"column":2},"end":{"line":37,"column":9}}},"fnMap":{"0":{"name":"(anonymous_0)","decl":{"start":{"line":7,"column":14},"end":{"line":7,"column":15}},"loc":{"start":{"line":8,"column":2},"end":{"line":37,"column":9}},"line":8}},"branchMap":{},"s":{"0":1,"1":1,"2":1},"f":{"0":1},"b":{},"_coverageSchema":"332fd63041d2c1bcb487cc26dd0d5f7d97098a6c","hash":"daaa0c6ee1610092b585481451e5854e2664c97e"}
,"/home/vibe/dbwebb-kurser/ramverk2/me/app/frontend/src/routes/Home.js": {"path":"/home/vibe/dbwebb-kurser/ramverk2/me/app/frontend/src/routes/Home.js","statementMap":{"0":{"start":{"line":6,"column":13},"end":{"line":6,"column":25}},"1":{"start":{"line":8,"column":13},"end":{"line":52,"column":1}},"2":{"start":{"line":9,"column":2},"end":{"line":51,"column":9}}},"fnMap":{"0":{"name":"(anonymous_0)","decl":{"start":{"line":8,"column":13},"end":{"line":8,"column":14}},"loc":{"start":{"line":9,"column":2},"end":{"line":51,"column":9}},"line":9}},"branchMap":{},"s":{"0":1,"1":1,"2":1},"f":{"0":1},"b":{},"_coverageSchema":"332fd63041d2c1bcb487cc26dd0d5f7d97098a6c","hash":"e0f5900936e09ddb40fc1f75d3cfcb8bdce9ac93"}
,"/home/vibe/dbwebb-kurser/ramverk2/me/app/frontend/src/routes/Login.js": {"path":"/home/vibe/dbwebb-kurser/ramverk2/me/app/frontend/src/routes/Login.js","statementMap":{"0":{"start":{"line":11,"column":4},"end":{"line":11,"column":17}},"1":{"start":{"line":13,"column":4},"end":{"line":17,"column":7}},"2":{"start":{"line":21,"column":4},"end":{"line":21,"column":23}},"3":{"start":{"line":22,"column":32},"end":{"line":22,"column":36}},"4":{"start":{"line":23,"column":21},"end":{"line":25,"column":6}},"5":{"start":{"line":27,"column":4},"end":{"line":27,"column":26}},"6":{"start":{"line":29,"column":31},"end":{"line":29,"column":50}},"7":{"start":{"line":30,"column":4},"end":{"line":36,"column":5}},"8":{"start":{"line":31,"column":6},"end":{"line":31,"column":43}},"9":{"start":{"line":32,"column":6},"end":{"line":32,"column":47}},"10":{"start":{"line":34,"column":6},"end":{"line":34,"column":27}},"11":{"start":{"line":35,"column":6},"end":{"line":35,"column":40}},"12":{"start":{"line":40,"column":28},"end":{"line":40,"column":36}},"13":{"start":{"line":41,"column":4},"end":{"line":41,"column":23}},"14":{"start":{"line":45,"column":41},"end":{"line":45,"column":45}},"15":{"start":{"line":47,"column":4},"end":{"line":112,"column":6}},"16":{"start":{"line":116,"column":17},"end":{"line":123,"column":1}}},"fnMap":{"0":{"name":"(anonymous_0)","decl":{"start":{"line":10,"column":2},"end":{"line":10,"column":3}},"loc":{"start":{"line":10,"column":21},"end":{"line":18,"column":3}},"line":10},"1":{"name":"(anonymous_1)","decl":{"start":{"line":20,"column":13},"end":{"line":20,"column":14}},"loc":{"start":{"line":20,"column":26},"end":{"line":37,"column":3}},"line":20},"2":{"name":"(anonymous_2)","decl":{"start":{"line":39,"column":13},"end":{"line":39,"column":14}},"loc":{"start":{"line":39,"column":20},"end":{"line":42,"column":3}},"line":39},"3":{"name":"(anonymous_3)","decl":{"start":{"line":44,"column":2},"end":{"line":44,"column":3}},"loc":{"start":{"line":44,"column":11},"end":{"line":113,"column":3}},"line":44}},"branchMap":{"0":{"loc":{"start":{"line":30,"column":4},"end":{"line":36,"column":5}},"type":"if","locations":[{"start":{"line":30,"column":4},"end":{"line":36,"column":5}},{"start":{"line":30,"column":4},"end":{"line":36,"column":5}}],"line":30},"1":{"loc":{"start":{"line":100,"column":13},"end":{"line":102,"column":20}},"type":"cond-expr","locations":[{"start":{"line":101,"column":14},"end":{"line":101,"column":83}},{"start":{"line":102,"column":16},"end":{"line":102,"column":20}}],"line":100}},"s":{"0":0,"1":0,"2":0,"3":0,"4":0,"5":0,"6":0,"7":0,"8":0,"9":0,"10":0,"11":0,"12":0,"13":0,"14":0,"15":0,"16":1},"f":{"0":0,"1":0,"2":0,"3":0},"b":{"0":[0,0],"1":[0,0]},"_coverageSchema":"332fd63041d2c1bcb487cc26dd0d5f7d97098a6c","hash":"524cd4ef7c087895ead140b2ca7b5ea5468127a8"}
,"/home/vibe/dbwebb-kurser/ramverk2/me/app/frontend/src/routes/Logout.js": {"path":"/home/vibe/dbwebb-kurser/ramverk2/me/app/frontend/src/routes/Logout.js","statementMap":{"0":{"start":{"line":7,"column":4},"end":{"line":7,"column":18}},"1":{"start":{"line":8,"column":4},"end":{"line":8,"column":35}},"2":{"start":{"line":9,"column":4},"end":{"line":9,"column":38}},"3":{"start":{"line":13,"column":4},"end":{"line":13,"column":60}}},"fnMap":{"0":{"name":"(anonymous_0)","decl":{"start":{"line":6,"column":2},"end":{"line":6,"column":3}},"loc":{"start":{"line":6,"column":22},"end":{"line":10,"column":3}},"line":6},"1":{"name":"(anonymous_1)","decl":{"start":{"line":12,"column":2},"end":{"line":12,"column":3}},"loc":{"start":{"line":12,"column":11},"end":{"line":14,"column":3}},"line":12}},"branchMap":{},"s":{"0":0,"1":0,"2":0,"3":0},"f":{"0":0,"1":0},"b":{},"_coverageSchema":"332fd63041d2c1bcb487cc26dd0d5f7d97098a6c","hash":"4bee5f9667c000c7764a37b702061bdca3ee93fa"}
,"/home/vibe/dbwebb-kurser/ramverk2/me/app/frontend/src/routes/PublicLayout.js": {"path":"/home/vibe/dbwebb-kurser/ramverk2/me/app/frontend/src/routes/PublicLayout.js","statementMap":{"0":{"start":{"line":6,"column":13},"end":{"line":6,"column":25}},"1":{"start":{"line":8,"column":18},"end":{"line":12,"column":1}},"2":{"start":{"line":14,"column":21},"end":{"line":21,"column":1}},"3":{"start":{"line":15,"column":2},"end":{"line":20,"column":9}}},"fnMap":{"0":{"name":"(anonymous_0)","decl":{"start":{"line":14,"column":21},"end":{"line":14,"column":22}},"loc":{"start":{"line":15,"column":2},"end":{"line":20,"column":9}},"line":15}},"branchMap":{},"s":{"0":1,"1":1,"2":1,"3":0},"f":{"0":0},"b":{},"_coverageSchema":"332fd63041d2c1bcb487cc26dd0d5f7d97098a6c","hash":"9696cbc0c37903b5b89132baa8dd895359d15e40"}
,"/home/vibe/dbwebb-kurser/ramverk2/me/app/frontend/src/routes/Signup.js": {"path":"/home/vibe/dbwebb-kurser/ramverk2/me/app/frontend/src/routes/Signup.js","statementMap":{"0":{"start":{"line":11,"column":4},"end":{"line":11,"column":17}},"1":{"start":{"line":13,"column":4},"end":{"line":18,"column":7}},"2":{"start":{"line":22,"column":4},"end":{"line":22,"column":23}},"3":{"start":{"line":23,"column":42},"end":{"line":23,"column":46}},"4":{"start":{"line":24,"column":21},"end":{"line":26,"column":6}},"5":{"start":{"line":28,"column":4},"end":{"line":28,"column":26}},"6":{"start":{"line":30,"column":24},"end":{"line":30,"column":44}},"7":{"start":{"line":31,"column":4},"end":{"line":36,"column":5}},"8":{"start":{"line":32,"column":6},"end":{"line":32,"column":40}},"9":{"start":{"line":34,"column":6},"end":{"line":34,"column":27}},"10":{"start":{"line":35,"column":6},"end":{"line":35,"column":42}},"11":{"start":{"line":40,"column":28},"end":{"line":40,"column":36}},"12":{"start":{"line":41,"column":4},"end":{"line":41,"column":23}},"13":{"start":{"line":47,"column":8},"end":{"line":47,"column":12}},"14":{"start":{"line":49,"column":4},"end":{"line":122,"column":6}},"15":{"start":{"line":126,"column":17},"end":{"line":132,"column":1}}},"fnMap":{"0":{"name":"(anonymous_0)","decl":{"start":{"line":10,"column":2},"end":{"line":10,"column":3}},"loc":{"start":{"line":10,"column":21},"end":{"line":19,"column":3}},"line":10},"1":{"name":"(anonymous_1)","decl":{"start":{"line":21,"column":13},"end":{"line":21,"column":14}},"loc":{"start":{"line":21,"column":26},"end":{"line":37,"column":3}},"line":21},"2":{"name":"(anonymous_2)","decl":{"start":{"line":39,"column":13},"end":{"line":39,"column":14}},"loc":{"start":{"line":39,"column":20},"end":{"line":42,"column":3}},"line":39},"3":{"name":"(anonymous_3)","decl":{"start":{"line":44,"column":2},"end":{"line":44,"column":3}},"loc":{"start":{"line":44,"column":11},"end":{"line":123,"column":3}},"line":44}},"branchMap":{"0":{"loc":{"start":{"line":31,"column":4},"end":{"line":36,"column":5}},"type":"if","locations":[{"start":{"line":31,"column":4},"end":{"line":36,"column":5}},{"start":{"line":31,"column":4},"end":{"line":36,"column":5}}],"line":31},"1":{"loc":{"start":{"line":110,"column":13},"end":{"line":112,"column":20}},"type":"cond-expr","locations":[{"start":{"line":111,"column":14},"end":{"line":111,"column":83}},{"start":{"line":112,"column":16},"end":{"line":112,"column":20}}],"line":110}},"s":{"0":0,"1":0,"2":0,"3":0,"4":0,"5":0,"6":0,"7":0,"8":0,"9":0,"10":0,"11":0,"12":0,"13":0,"14":0,"15":1},"f":{"0":0,"1":0,"2":0,"3":0},"b":{"0":[0,0],"1":[0,0]},"_coverageSchema":"332fd63041d2c1bcb487cc26dd0d5f7d97098a6c","hash":"b2a122e669ed3470c74620fce5a47bc46173eba9"}
,"/home/vibe/dbwebb-kurser/ramverk2/me/app/frontend/src/routes/View.js": {"path":"/home/vibe/dbwebb-kurser/ramverk2/me/app/frontend/src/routes/View.js","statementMap":{"0":{"start":{"line":17,"column":13},"end":{"line":48,"column":1}},"1":{"start":{"line":23,"column":2},"end":{"line":29,"column":3}},"2":{"start":{"line":24,"column":4},"end":{"line":28,"column":6}},"3":{"start":{"line":31,"column":29},"end":{"line":31,"column":40}},"4":{"start":{"line":32,"column":38},"end":{"line":32,"column":48}},"5":{"start":{"line":34,"column":17},"end":{"line":34,"column":69}},"6":{"start":{"line":35,"column":22},"end":{"line":35,"column":68}},"7":{"start":{"line":37,"column":2},"end":{"line":47,"column":4}},"8":{"start":{"line":50,"column":24},"end":{"line":63,"column":1}},"9":{"start":{"line":70,"column":23},"end":{"line":74,"column":5}}},"fnMap":{"0":{"name":"(anonymous_0)","decl":{"start":{"line":17,"column":13},"end":{"line":17,"column":14}},"loc":{"start":{"line":22,"column":6},"end":{"line":48,"column":1}},"line":22},"1":{"name":"(anonymous_1)","decl":{"start":{"line":70,"column":13},"end":{"line":70,"column":14}},"loc":{"start":{"line":70,"column":23},"end":{"line":74,"column":5}},"line":70}},"branchMap":{"0":{"loc":{"start":{"line":23,"column":2},"end":{"line":29,"column":3}},"type":"if","locations":[{"start":{"line":23,"column":2},"end":{"line":29,"column":3}},{"start":{"line":23,"column":2},"end":{"line":29,"column":3}}],"line":23},"1":{"loc":{"start":{"line":23,"column":6},"end":{"line":23,"column":29}},"type":"binary-expr","locations":[{"start":{"line":23,"column":6},"end":{"line":23,"column":13}},{"start":{"line":23,"column":17},"end":{"line":23,"column":29}}],"line":23},"2":{"loc":{"start":{"line":34,"column":17},"end":{"line":34,"column":69}},"type":"cond-expr","locations":[{"start":{"line":34,"column":28},"end":{"line":34,"column":65}},{"start":{"line":34,"column":68},"end":{"line":34,"column":69}}],"line":34},"3":{"loc":{"start":{"line":35,"column":22},"end":{"line":35,"column":68}},"type":"cond-expr","locations":[{"start":{"line":35,"column":38},"end":{"line":35,"column":49}},{"start":{"line":35,"column":52},"end":{"line":35,"column":68}}],"line":35},"4":{"loc":{"start":{"line":40,"column":20},"end":{"line":40,"column":52}},"type":"cond-expr","locations":[{"start":{"line":40,"column":30},"end":{"line":40,"column":38}},{"start":{"line":40,"column":41},"end":{"line":40,"column":52}}],"line":40},"5":{"loc":{"start":{"line":41,"column":22},"end":{"line":41,"column":60}},"type":"cond-expr","locations":[{"start":{"line":41,"column":32},"end":{"line":41,"column":43}},{"start":{"line":41,"column":46},"end":{"line":41,"column":60}}],"line":41},"6":{"loc":{"start":{"line":43,"column":14},"end":{"line":43,"column":46}},"type":"cond-expr","locations":[{"start":{"line":43,"column":24},"end":{"line":43,"column":32}},{"start":{"line":43,"column":35},"end":{"line":43,"column":46}}],"line":43},"7":{"loc":{"start":{"line":44,"column":14},"end":{"line":44,"column":52}},"type":"cond-expr","locations":[{"start":{"line":44,"column":24},"end":{"line":44,"column":35}},{"start":{"line":44,"column":38},"end":{"line":44,"column":52}}],"line":44}},"s":{"0":1,"1":0,"2":0,"3":0,"4":0,"5":0,"6":0,"7":0,"8":1,"9":0},"f":{"0":0,"1":0},"b":{"0":[0,0],"1":[0,0],"2":[0,0],"3":[0,0],"4":[0,0],"5":[0,0],"6":[0,0],"7":[0,0]},"_coverageSchema":"332fd63041d2c1bcb487cc26dd0d5f7d97098a6c","hash":"c2865a9970951bf0dbeaea68fa435b49e1c5eb28"}
,"/home/vibe/dbwebb-kurser/ramverk2/me/app/frontend/src/routes/index.js": {"path":"/home/vibe/dbwebb-kurser/ramverk2/me/app/frontend/src/routes/index.js","statementMap":{"0":{"start":{"line":14,"column":21},"end":{"line":29,"column":1}},"1":{"start":{"line":15,"column":2},"end":{"line":28,"column":4}},"2":{"start":{"line":18,"column":7},"end":{"line":26,"column":7}},"3":{"start":{"line":32,"column":2},"end":{"line":43,"column":11}}},"fnMap":{"0":{"name":"(anonymous_0)","decl":{"start":{"line":14,"column":21},"end":{"line":14,"column":22}},"loc":{"start":{"line":15,"column":2},"end":{"line":28,"column":4}},"line":15},"1":{"name":"(anonymous_1)","decl":{"start":{"line":17,"column":12},"end":{"line":17,"column":13}},"loc":{"start":{"line":18,"column":7},"end":{"line":26,"column":7}},"line":18},"2":{"name":"(anonymous_2)","decl":{"start":{"line":31,"column":15},"end":{"line":31,"column":16}},"loc":{"start":{"line":32,"column":2},"end":{"line":43,"column":11}},"line":32}},"branchMap":{"0":{"loc":{"start":{"line":18,"column":7},"end":{"line":26,"column":7}},"type":"cond-expr","locations":[{"start":{"line":19,"column":8},"end":{"line":19,"column":32}},{"start":{"line":21,"column":8},"end":{"line":25,"column":10}}],"line":18}},"s":{"0":1,"1":0,"2":0,"3":1},"f":{"0":0,"1":0,"2":1},"b":{"0":[0,0]},"_coverageSchema":"332fd63041d2c1bcb487cc26dd0d5f7d97098a6c","hash":"392953d38eb91abc2ad1cf76d2c88d3f6e1f115e"}
,"/home/vibe/dbwebb-kurser/ramverk2/me/app/frontend/src/utils/auth.js": {"path":"/home/vibe/dbwebb-kurser/ramverk2/me/app/frontend/src/utils/auth.js","statementMap":{"0":{"start":{"line":3,"column":31},"end":{"line":15,"column":1}},"1":{"start":{"line":4,"column":16},"end":{"line":4,"column":45}},"2":{"start":{"line":5,"column":2},"end":{"line":12,"column":3}},"3":{"start":{"line":6,"column":23},"end":{"line":6,"column":36}},"4":{"start":{"line":7,"column":4},"end":{"line":9,"column":5}},"5":{"start":{"line":8,"column":6},"end":{"line":8,"column":44}},"6":{"start":{"line":11,"column":4},"end":{"line":11,"column":17}},"7":{"start":{"line":14,"column":2},"end":{"line":14,"column":14}},"8":{"start":{"line":17,"column":27},"end":{"line":19,"column":1}},"9":{"start":{"line":18,"column":2},"end":{"line":18,"column":35}},"10":{"start":{"line":21,"column":23},"end":{"line":29,"column":1}},"11":{"start":{"line":22,"column":16},"end":{"line":22,"column":45}},"12":{"start":{"line":23,"column":2},"end":{"line":28,"column":3}},"13":{"start":{"line":24,"column":21},"end":{"line":24,"column":34}},"14":{"start":{"line":25,"column":4},"end":{"line":25,"column":16}},"15":{"start":{"line":27,"column":4},"end":{"line":27,"column":16}}},"fnMap":{"0":{"name":"(anonymous_0)","decl":{"start":{"line":3,"column":31},"end":{"line":3,"column":32}},"loc":{"start":{"line":3,"column":37},"end":{"line":15,"column":1}},"line":3},"1":{"name":"(anonymous_1)","decl":{"start":{"line":17,"column":27},"end":{"line":17,"column":28}},"loc":{"start":{"line":17,"column":33},"end":{"line":19,"column":1}},"line":17},"2":{"name":"(anonymous_2)","decl":{"start":{"line":21,"column":23},"end":{"line":21,"column":24}},"loc":{"start":{"line":21,"column":29},"end":{"line":29,"column":1}},"line":21}},"branchMap":{"0":{"loc":{"start":{"line":7,"column":4},"end":{"line":9,"column":5}},"type":"if","locations":[{"start":{"line":7,"column":4},"end":{"line":9,"column":5}},{"start":{"line":7,"column":4},"end":{"line":9,"column":5}}],"line":7}},"s":{"0":1,"1":0,"2":0,"3":0,"4":0,"5":0,"6":0,"7":0,"8":1,"9":0,"10":1,"11":0,"12":0,"13":0,"14":0,"15":0},"f":{"0":0,"1":0,"2":0},"b":{"0":[0,0]},"_coverageSchema":"332fd63041d2c1bcb487cc26dd0d5f7d97098a6c","hash":"2bcb0f4f8669a49a3635e392b687768540cf5789"}
,"/home/vibe/dbwebb-kurser/ramverk2/me/app/frontend/src/utils/avatars.js": {"path":"/home/vibe/dbwebb-kurser/ramverk2/me/app/frontend/src/utils/avatars.js","statementMap":{"0":{"start":{"line":1,"column":23},"end":{"line":35,"column":1}}},"fnMap":{},"branchMap":{},"s":{"0":3},"f":{},"b":{},"_coverageSchema":"332fd63041d2c1bcb487cc26dd0d5f7d97098a6c","hash":"77cde5104a0c7b0a9c0bbddb2101dff04065e465"}
,"/home/vibe/dbwebb-kurser/ramverk2/me/app/frontend/src/utils/constants.js": {"path":"/home/vibe/dbwebb-kurser/ramverk2/me/app/frontend/src/utils/constants.js","statementMap":{"0":{"start":{"line":1,"column":13},"end":{"line":1,"column":75}},"1":{"start":{"line":1,"column":75},"end":{"line":3,"column":38}}},"fnMap":{},"branchMap":{"0":{"loc":{"start":{"line":3,"column":13},"end":{"line":3,"column":35}},"type":"binary-expr","locations":[{"start":{"line":3,"column":13},"end":{"line":3,"column":15}},{"start":{"line":3,"column":19},"end":{"line":3,"column":35}}],"line":3}},"s":{"0":0,"1":0},"f":{},"b":{"0":[0,0]}}
}
