TN:
SF:/home/vibe/dbwebb-kurser/ramverk2/me/app/frontend/src/apollo.js
FN:9,_interopRequireDefault
FN:15,(anonymous_1)
FN:21,(anonymous_2)
FN:22,(anonymous_3)
FN:48,(anonymous_4)
FNF:5
FNH:0
FNDA:0,_interopRequireDefault
FNDA:0,(anonymous_1)
FNDA:0,(anonymous_2)
FNDA:0,(anonymous_3)
FNDA:0,(anonymous_4)
DA:1,0
DA:2,0
DA:3,0
DA:4,0
DA:5,0
DA:6,0
DA:7,0
DA:9,0
DA:11,0
DA:15,0
DA:21,0
DA:22,0
DA:23,0
DA:24,0
DA:25,0
DA:27,0
DA:28,0
DA:32,0
DA:35,0
DA:37,0
DA:47,0
DA:49,0
DA:50,0
DA:53,0
LF:24
LH:0
BRDA:9,0,0,0
BRDA:9,0,1,0
BRDA:9,1,0,0
BRDA:9,1,1,0
BRDA:24,2,0,0
BRDA:24,2,1,0
BRDA:27,3,0,0
BRDA:27,3,1,0
BRDA:50,4,0,0
BRDA:50,4,1,0
BRF:10
BRH:0
end_of_record
TN:
SF:/home/vibe/dbwebb-kurser/ramverk2/me/app/frontend/src/index.js
FN:10,_interopRequireDefault
FN:12,(anonymous_1)
FNF:2
FNH:0
FNDA:0,_interopRequireDefault
FNDA:0,(anonymous_1)
DA:1,0
DA:3,0
DA:4,0
DA:5,0
DA:7,0
DA:9,0
DA:10,0
DA:12,0
DA:13,0
DA:18,0
DA:19,0
LF:11
LH:0
BRDA:10,0,0,0
BRDA:10,0,1,0
BRDA:10,1,0,0
BRDA:10,1,1,0
BRF:4
BRH:0
end_of_record
TN:
SF:/home/vibe/dbwebb-kurser/ramverk2/me/app/frontend/src/registerServiceWorker.js
FN:105,register
FN:109,(anonymous_1)
FN:111,registerValidSW
FN:111,(anonymous_3)
FN:111,(anonymous_4)
FN:111,(anonymous_5)
FN:118,(anonymous_6)
FN:118,checkValidServiceWorker
FN:119,(anonymous_8)
FN:121,(anonymous_9)
FN:121,(anonymous_10)
FN:122,(anonymous_11)
FN:122,unregister
FN:122,(anonymous_13)
FNF:14
FNH:0
FNDA:0,register
FNDA:0,(anonymous_1)
FNDA:0,registerValidSW
FNDA:0,(anonymous_3)
FNDA:0,(anonymous_4)
FNDA:0,(anonymous_5)
FNDA:0,(anonymous_6)
FNDA:0,checkValidServiceWorker
FNDA:0,(anonymous_8)
FNDA:0,(anonymous_9)
FNDA:0,(anonymous_10)
FNDA:0,(anonymous_11)
FNDA:0,unregister
FNDA:0,(anonymous_13)
DA:1,0
DA:17,0
DA:103,0
DA:105,0
DA:106,0
DA:109,0
DA:110,0
DA:111,0
DA:115,0
DA:118,0
DA:119,0
DA:120,0
DA:121,0
DA:122,0
LF:14
LH:0
BRDA:103,0,0,0
BRDA:103,0,1,0
BRDA:103,0,2,0
BRDA:105,1,0,0
BRDA:105,1,1,0
BRDA:105,2,0,0
BRDA:105,2,1,0
BRDA:106,3,0,0
BRDA:106,3,1,0
BRDA:109,4,0,0
BRDA:109,4,1,0
BRDA:111,5,0,0
BRDA:111,5,1,0
BRDA:111,6,0,0
BRDA:111,6,1,0
BRDA:120,7,0,0
BRDA:120,7,1,0
BRDA:120,8,0,0
BRDA:120,8,1,0
BRDA:122,9,0,0
BRDA:122,9,1,0
BRF:21
BRH:0
end_of_record
TN:
SF:/home/vibe/dbwebb-kurser/ramverk2/me/app/frontend/src/components/AppLayout.js
FNF:0
FNH:0
LF:0
LH:0
BRF:0
BRH:0
end_of_record
TN:
SF:/home/vibe/dbwebb-kurser/ramverk2/me/app/frontend/src/components/Coins.js
FN:23,(anonymous_0)
FN:24,(anonymous_1)
FN:29,(anonymous_2)
FN:47,(anonymous_3)
FN:54,(anonymous_4)
FNF:5
FNH:0
FNDA:0,(anonymous_0)
FNDA:0,(anonymous_1)
FNDA:0,(anonymous_2)
FNDA:0,(anonymous_3)
FNDA:0,(anonymous_4)
DA:6,2
DA:14,2
DA:20,2
DA:23,0
DA:24,0
DA:29,0
DA:40,2
DA:47,2
DA:48,0
DA:54,2
DA:55,0
LF:11
LH:6
BRDA:24,0,0,0
BRDA:24,0,1,0
BRDA:29,1,0,0
BRDA:29,1,1,0
BRF:4
BRH:0
end_of_record
TN:
SF:/home/vibe/dbwebb-kurser/ramverk2/me/app/frontend/src/components/Header.js
FN:22,(anonymous_0)
FN:29,(anonymous_1)
FN:35,(anonymous_2)
FN:38,(anonymous_3)
FNF:4
FNH:4
FNDA:4,(anonymous_0)
FNDA:2,(anonymous_1)
FNDA:2,(anonymous_2)
FNDA:2,(anonymous_3)
DA:5,3
DA:12,3
DA:20,3
DA:22,4
DA:26,3
DA:29,2
DA:33,3
DA:35,2
DA:38,3
DA:45,2
LF:10
LH:10
BRDA:53,0,0,0
BRDA:53,0,1,2
BRDA:67,1,0,0
BRDA:67,1,1,2
BRF:4
BRH:2
end_of_record
TN:
SF:/home/vibe/dbwebb-kurser/ramverk2/me/app/frontend/src/components/SearchCoinModal.js
FN:20,(anonymous_0)
FN:33,(anonymous_1)
FN:50,(anonymous_2)
FN:53,(anonymous_3)
FN:60,(anonymous_4)
FN:64,(anonymous_5)
FNF:6
FNH:0
FNDA:0,(anonymous_0)
FNDA:0,(anonymous_1)
FNDA:0,(anonymous_2)
FNDA:0,(anonymous_3)
FNDA:0,(anonymous_4)
FNDA:0,(anonymous_5)
DA:8,2
DA:20,2
DA:26,0
DA:27,0
DA:29,0
DA:31,0
DA:34,0
DA:49,2
DA:50,0
DA:53,2
DA:54,0
DA:61,0
DA:62,0
DA:72,0
LF:14
LH:4
BRDA:26,0,0,0
BRDA:26,0,1,0
BRDA:26,1,0,0
BRDA:26,1,1,0
BRDA:38,2,0,0
BRDA:38,2,1,0
BRDA:39,3,0,0
BRDA:39,3,1,0
BRDA:74,4,0,0
BRDA:74,4,1,0
BRF:10
BRH:0
end_of_record
TN:
SF:/home/vibe/dbwebb-kurser/ramverk2/me/app/frontend/src/components/SendMessage.js
FN:18,(anonymous_0)
FN:33,(anonymous_1)
FN:55,(anonymous_2)
FN:56,(anonymous_3)
FNF:4
FNH:3
FNDA:4,(anonymous_0)
FNDA:1,(anonymous_1)
FNDA:3,(anonymous_2)
FNDA:0,(anonymous_3)
DA:8,2
DA:14,2
DA:18,2
DA:26,4
DA:34,1
DA:35,0
DA:46,2
DA:55,3
DA:57,0
DA:58,0
DA:59,0
DA:62,0
DA:65,0
LF:13
LH:7
BRDA:34,0,0,0
BRDA:34,0,1,1
BRDA:34,1,0,1
BRDA:34,1,1,0
BRDA:57,2,0,0
BRDA:57,2,1,0
BRDA:57,3,0,0
BRDA:57,3,1,0
BRF:8
BRH:2
end_of_record
TN:
SF:/home/vibe/dbwebb-kurser/ramverk2/me/app/frontend/src/components/SettingsModal.js
FN:10,(anonymous_0)
FN:24,(anonymous_1)
FN:41,(anonymous_2)
FN:79,(anonymous_3)
FN:90,(anonymous_4)
FNF:5
FNH:1
FNDA:1,(anonymous_0)
FNDA:0,(anonymous_1)
FNDA:0,(anonymous_2)
FNDA:0,(anonymous_3)
FNDA:0,(anonymous_4)
DA:10,3
DA:20,1
DA:25,0
DA:26,0
DA:41,0
DA:67,3
DA:83,0
DA:84,0
DA:85,0
DA:88,0
DA:91,0
DA:93,0
DA:94,0
DA:101,0
DA:104,0
DA:105,0
LF:16
LH:3
BRDA:25,0,0,0
BRDA:25,0,1,0
BRDA:83,1,0,0
BRDA:83,1,1,0
BRF:4
BRH:0
end_of_record
TN:
SF:/home/vibe/dbwebb-kurser/ramverk2/me/app/frontend/src/containers/HeaderContainer.js
FN:11,(anonymous_0)
FN:12,(anonymous_1)
FN:15,(anonymous_2)
FNF:3
FNH:1
FNDA:0,(anonymous_0)
FNDA:0,(anonymous_1)
FNDA:1,(anonymous_2)
DA:12,0
DA:16,1
DA:17,1
DA:18,1
LF:4
LH:3
BRF:0
BRH:0
end_of_record
TN:
SF:/home/vibe/dbwebb-kurser/ramverk2/me/app/frontend/src/containers/MessagesContainer.js
FN:29,(anonymous_0)
FN:35,(anonymous_1)
FN:41,(anonymous_2)
FN:68,(anonymous_3)
FN:74,(anonymous_4)
FN:86,(anonymous_5)
FN:96,(anonymous_6)
FN:101,(anonymous_7)
FN:101,(anonymous_8)
FN:111,(anonymous_9)
FN:128,(anonymous_10)
FN:136,(anonymous_11)
FN:227,(anonymous_12)
FNF:13
FNH:0
FNDA:0,(anonymous_0)
FNDA:0,(anonymous_1)
FNDA:0,(anonymous_2)
FNDA:0,(anonymous_3)
FNDA:0,(anonymous_4)
FNDA:0,(anonymous_5)
FNDA:0,(anonymous_6)
FNDA:0,(anonymous_7)
FNDA:0,(anonymous_8)
FNDA:0,(anonymous_9)
FNDA:0,(anonymous_10)
FNDA:0,(anonymous_11)
FNDA:0,(anonymous_12)
DA:7,1
DA:30,0
DA:36,0
DA:37,0
DA:39,0
DA:41,0
DA:42,0
DA:50,0
DA:55,0
DA:56,0
DA:60,0
DA:67,0
DA:68,0
DA:69,0
DA:75,0
DA:76,0
DA:81,0
DA:87,0
DA:88,0
DA:91,0
DA:92,0
DA:95,0
DA:96,0
DA:97,0
DA:101,0
DA:105,0
DA:112,0
DA:114,0
DA:129,0
DA:137,0
DA:210,1
DA:227,0
LF:32
LH:2
BRDA:36,0,0,0
BRDA:36,0,1,0
BRDA:41,1,0,0
BRDA:41,1,1,0
BRDA:55,2,0,0
BRDA:55,2,1,0
BRDA:60,3,0,0
BRDA:60,3,1,0
BRDA:61,4,0,0
BRDA:61,4,1,0
BRDA:61,4,2,0
BRDA:61,4,3,0
BRDA:61,4,4,0
BRDA:76,5,0,0
BRDA:76,5,1,0
BRDA:77,6,0,0
BRDA:77,6,1,0
BRDA:77,6,2,0
BRDA:87,7,0,0
BRDA:87,7,1,0
BRDA:91,8,0,0
BRDA:91,8,1,0
BRDA:96,9,0,0
BRDA:96,9,1,0
BRDA:114,10,0,0
BRDA:114,10,1,0
BRDA:114,11,0,0
BRDA:114,11,1,0
BRDA:142,12,0,0
BRDA:142,12,1,0
BRDA:153,13,0,0
BRDA:153,13,1,0
BRF:32
BRH:0
end_of_record
TN:
SF:/home/vibe/dbwebb-kurser/ramverk2/me/app/frontend/src/containers/PublicNavbar.js
FN:11,(anonymous_0)
FN:24,(anonymous_1)
FNF:2
FNH:1
FNDA:0,(anonymous_0)
FNDA:1,(anonymous_1)
DA:7,2
DA:11,2
DA:13,0
DA:14,0
DA:16,0
DA:24,2
DA:25,1
DA:43,2
LF:8
LH:5
BRDA:14,0,0,0
BRDA:14,0,1,0
BRF:2
BRH:0
end_of_record
TN:
SF:/home/vibe/dbwebb-kurser/ramverk2/me/app/frontend/src/containers/Sidebar.js
FN:11,(anonymous_0)
FN:12,(anonymous_1)
FN:15,(anonymous_2)
FN:21,(anonymous_3)
FNF:4
FNH:2
FNDA:0,(anonymous_0)
FNDA:0,(anonymous_1)
FNDA:1,(anonymous_2)
FNDA:2,(anonymous_3)
DA:12,0
DA:16,1
DA:17,1
DA:18,1
DA:21,2
LF:5
LH:4
BRF:0
BRH:0
end_of_record
TN:
SF:/home/vibe/dbwebb-kurser/ramverk2/me/app/frontend/src/graphql/coins.js
FNF:0
FNH:0
DA:3,1
LF:1
LH:1
BRF:0
BRH:0
end_of_record
TN:
SF:/home/vibe/dbwebb-kurser/ramverk2/me/app/frontend/src/graphql/user.js
FNF:0
FNH:0
DA:3,3
LF:1
LH:1
BRF:0
BRH:0
end_of_record
TN:
SF:/home/vibe/dbwebb-kurser/ramverk2/me/app/frontend/src/routes/About.js
FN:7,(anonymous_0)
FNF:1
FNH:1
FNDA:1,(anonymous_0)
DA:5,1
DA:7,1
DA:8,1
LF:3
LH:3
BRF:0
BRH:0
end_of_record
TN:
SF:/home/vibe/dbwebb-kurser/ramverk2/me/app/frontend/src/routes/Home.js
FN:8,(anonymous_0)
FNF:1
FNH:1
FNDA:1,(anonymous_0)
DA:6,1
DA:8,1
DA:9,1
LF:3
LH:3
BRF:0
BRH:0
end_of_record
TN:
SF:/home/vibe/dbwebb-kurser/ramverk2/me/app/frontend/src/routes/Login.js
FN:10,(anonymous_0)
FN:20,(anonymous_1)
FN:39,(anonymous_2)
FN:44,(anonymous_3)
FNF:4
FNH:0
FNDA:0,(anonymous_0)
FNDA:0,(anonymous_1)
FNDA:0,(anonymous_2)
FNDA:0,(anonymous_3)
DA:11,0
DA:13,0
DA:21,0
DA:22,0
DA:23,0
DA:27,0
DA:29,0
DA:30,0
DA:31,0
DA:32,0
DA:34,0
DA:35,0
DA:40,0
DA:41,0
DA:45,0
DA:47,0
DA:116,1
LF:17
LH:1
BRDA:30,0,0,0
BRDA:30,0,1,0
BRDA:100,1,0,0
BRDA:100,1,1,0
BRF:4
BRH:0
end_of_record
TN:
SF:/home/vibe/dbwebb-kurser/ramverk2/me/app/frontend/src/routes/Logout.js
FN:6,(anonymous_0)
FN:12,(anonymous_1)
FNF:2
FNH:0
FNDA:0,(anonymous_0)
FNDA:0,(anonymous_1)
DA:7,0
DA:8,0
DA:9,0
DA:13,0
LF:4
LH:0
BRF:0
BRH:0
end_of_record
TN:
SF:/home/vibe/dbwebb-kurser/ramverk2/me/app/frontend/src/routes/PublicLayout.js
FN:14,(anonymous_0)
FNF:1
FNH:0
FNDA:0,(anonymous_0)
DA:6,1
DA:8,1
DA:14,1
DA:15,0
LF:4
LH:3
BRF:0
BRH:0
end_of_record
TN:
SF:/home/vibe/dbwebb-kurser/ramverk2/me/app/frontend/src/routes/Signup.js
FN:10,(anonymous_0)
FN:21,(anonymous_1)
FN:39,(anonymous_2)
FN:44,(anonymous_3)
FNF:4
FNH:0
FNDA:0,(anonymous_0)
FNDA:0,(anonymous_1)
FNDA:0,(anonymous_2)
FNDA:0,(anonymous_3)
DA:11,0
DA:13,0
DA:22,0
DA:23,0
DA:24,0
DA:28,0
DA:30,0
DA:31,0
DA:32,0
DA:34,0
DA:35,0
DA:40,0
DA:41,0
DA:47,0
DA:49,0
DA:126,1
LF:16
LH:1
BRDA:31,0,0,0
BRDA:31,0,1,0
BRDA:110,1,0,0
BRDA:110,1,1,0
BRF:4
BRH:0
end_of_record
TN:
SF:/home/vibe/dbwebb-kurser/ramverk2/me/app/frontend/src/routes/View.js
FN:17,(anonymous_0)
FN:70,(anonymous_1)
FNF:2
FNH:0
FNDA:0,(anonymous_0)
FNDA:0,(anonymous_1)
DA:17,1
DA:23,0
DA:24,0
DA:31,0
DA:32,0
DA:34,0
DA:35,0
DA:37,0
DA:50,1
DA:70,0
LF:10
LH:2
BRDA:23,0,0,0
BRDA:23,0,1,0
BRDA:23,1,0,0
BRDA:23,1,1,0
BRDA:34,2,0,0
BRDA:34,2,1,0
BRDA:35,3,0,0
BRDA:35,3,1,0
BRDA:40,4,0,0
BRDA:40,4,1,0
BRDA:41,5,0,0
BRDA:41,5,1,0
BRDA:43,6,0,0
BRDA:43,6,1,0
BRDA:44,7,0,0
BRDA:44,7,1,0
BRF:16
BRH:0
end_of_record
TN:
SF:/home/vibe/dbwebb-kurser/ramverk2/me/app/frontend/src/routes/index.js
FN:14,(anonymous_0)
FN:17,(anonymous_1)
FN:31,(anonymous_2)
FNF:3
FNH:1
FNDA:0,(anonymous_0)
FNDA:0,(anonymous_1)
FNDA:1,(anonymous_2)
DA:14,1
DA:15,0
DA:18,0
DA:32,1
LF:4
LH:2
BRDA:18,0,0,0
BRDA:18,0,1,0
BRF:2
BRH:0
end_of_record
TN:
SF:/home/vibe/dbwebb-kurser/ramverk2/me/app/frontend/src/utils/auth.js
FN:3,(anonymous_0)
FN:17,(anonymous_1)
FN:21,(anonymous_2)
FNF:3
FNH:0
FNDA:0,(anonymous_0)
FNDA:0,(anonymous_1)
FNDA:0,(anonymous_2)
DA:3,1
DA:4,0
DA:5,0
DA:6,0
DA:7,0
DA:8,0
DA:11,0
DA:14,0
DA:17,1
DA:18,0
DA:21,1
DA:22,0
DA:23,0
DA:24,0
DA:25,0
DA:27,0
LF:16
LH:3
BRDA:7,0,0,0
BRDA:7,0,1,0
BRF:2
BRH:0
end_of_record
TN:
SF:/home/vibe/dbwebb-kurser/ramverk2/me/app/frontend/src/utils/avatars.js
FNF:0
FNH:0
DA:1,3
LF:1
LH:1
BRF:0
BRH:0
end_of_record
TN:
SF:/home/vibe/dbwebb-kurser/ramverk2/me/app/frontend/src/utils/constants.js
FNF:0
FNH:0
DA:1,0
LF:1
LH:0
BRDA:3,0,0,0
BRDA:3,0,1,0
BRF:2
BRH:0
end_of_record
